2022-12-12 16:07:03	[31mERROR[0m	response/response.go:73	Error Occurred:	{"error": "json: cannot unmarshal string into Go struct field RoleApiPolicyRequest.api_policies of type []string"}
github.com/Gopherlinzy/gin-vue3-admin/pkg/response.BadRequest
	/Users/admin/go/src/gin-vue3-admin/pkg/response/response.go:73
github.com/Gopherlinzy/gin-vue3-admin/app/requests.Validate
	/Users/admin/go/src/gin-vue3-admin/app/requests/requests.go:24
github.com/Gopherlinzy/gin-vue3-admin/app/http/controllers/api/v1.(*RolesController).SetApiPolicies
	/Users/admin/go/src/gin-vue3-admin/app/http/controllers/api/v1/roles_controller.go:141
github.com/gin-gonic/gin.(*Context).Next
	/Users/admin/go/pkg/mod/github.com/gin-gonic/gin@v1.8.1/context.go:173
github.com/Gopherlinzy/gin-vue3-admin/app/http/middlewares.CasbinAPI.func1
	/Users/admin/go/src/gin-vue3-admin/app/http/middlewares/casbin.go:36
github.com/gin-gonic/gin.(*Context).Next
	/Users/admin/go/pkg/mod/github.com/gin-gonic/gin@v1.8.1/context.go:173
github.com/Gopherlinzy/gin-vue3-admin/app/http/middlewares.AuthJWT.func1
	/Users/admin/go/src/gin-vue3-admin/app/http/middlewares/auth_jwt.go:37
github.com/gin-gonic/gin.(*Context).Next
	/Users/admin/go/pkg/mod/github.com/gin-gonic/gin@v1.8.1/context.go:173
github.com/Gopherlinzy/gin-vue3-admin/app/http/middlewares.LimitIP.func1
	/Users/admin/go/src/gin-vue3-admin/app/http/middlewares/limit.go:30
github.com/gin-gonic/gin.(*Context).Next
	/Users/admin/go/pkg/mod/github.com/gin-gonic/gin@v1.8.1/context.go:173
github.com/Gopherlinzy/gin-vue3-admin/app/http/middlewares.ForceUA.func1
	/Users/admin/go/src/gin-vue3-admin/app/http/middlewares/force_ua.go:19
github.com/gin-gonic/gin.(*Context).Next
	/Users/admin/go/pkg/mod/github.com/gin-gonic/gin@v1.8.1/context.go:173
github.com/Gopherlinzy/gin-vue3-admin/app/http/middlewares.Recovery.func1
	/Users/admin/go/src/gin-vue3-admin/app/http/middlewares/recovery.go:63
github.com/gin-gonic/gin.(*Context).Next
	/Users/admin/go/pkg/mod/github.com/gin-gonic/gin@v1.8.1/context.go:173
github.com/Gopherlinzy/gin-vue3-admin/app/http/middlewares.Logger.func1
	/Users/admin/go/src/gin-vue3-admin/app/http/middlewares/logger.go:47
github.com/gin-gonic/gin.(*Context).Next
	/Users/admin/go/pkg/mod/github.com/gin-gonic/gin@v1.8.1/context.go:173
github.com/gin-gonic/gin.(*Engine).handleHTTPRequest
	/Users/admin/go/pkg/mod/github.com/gin-gonic/gin@v1.8.1/gin.go:616
github.com/gin-gonic/gin.(*Engine).ServeHTTP
	/Users/admin/go/pkg/mod/github.com/gin-gonic/gin@v1.8.1/gin.go:572
net/http.serverHandler.ServeHTTP
	/opt/homebrew/Cellar/go/1.19.3/libexec/src/net/http/server.go:2947
net/http.(*conn).serve
	/opt/homebrew/Cellar/go/1.19.3/libexec/src/net/http/server.go:1991
2022-12-12 16:07:15	[31mERROR[0m	response/response.go:73	Error Occurred:	{"error": "json: cannot unmarshal string into Go struct field RoleApiPolicyRequest.api_policies of type []string"}
github.com/Gopherlinzy/gin-vue3-admin/pkg/response.BadRequest
	/Users/admin/go/src/gin-vue3-admin/pkg/response/response.go:73
github.com/Gopherlinzy/gin-vue3-admin/app/requests.Validate
	/Users/admin/go/src/gin-vue3-admin/app/requests/requests.go:24
github.com/Gopherlinzy/gin-vue3-admin/app/http/controllers/api/v1.(*RolesController).SetApiPolicies
	/Users/admin/go/src/gin-vue3-admin/app/http/controllers/api/v1/roles_controller.go:141
github.com/gin-gonic/gin.(*Context).Next
	/Users/admin/go/pkg/mod/github.com/gin-gonic/gin@v1.8.1/context.go:173
github.com/Gopherlinzy/gin-vue3-admin/app/http/middlewares.CasbinAPI.func1
	/Users/admin/go/src/gin-vue3-admin/app/http/middlewares/casbin.go:36
github.com/gin-gonic/gin.(*Context).Next
	/Users/admin/go/pkg/mod/github.com/gin-gonic/gin@v1.8.1/context.go:173
github.com/Gopherlinzy/gin-vue3-admin/app/http/middlewares.AuthJWT.func1
	/Users/admin/go/src/gin-vue3-admin/app/http/middlewares/auth_jwt.go:37
github.com/gin-gonic/gin.(*Context).Next
	/Users/admin/go/pkg/mod/github.com/gin-gonic/gin@v1.8.1/context.go:173
github.com/Gopherlinzy/gin-vue3-admin/app/http/middlewares.LimitIP.func1
	/Users/admin/go/src/gin-vue3-admin/app/http/middlewares/limit.go:30
github.com/gin-gonic/gin.(*Context).Next
	/Users/admin/go/pkg/mod/github.com/gin-gonic/gin@v1.8.1/context.go:173
github.com/Gopherlinzy/gin-vue3-admin/app/http/middlewares.ForceUA.func1
	/Users/admin/go/src/gin-vue3-admin/app/http/middlewares/force_ua.go:19
github.com/gin-gonic/gin.(*Context).Next
	/Users/admin/go/pkg/mod/github.com/gin-gonic/gin@v1.8.1/context.go:173
github.com/Gopherlinzy/gin-vue3-admin/app/http/middlewares.Recovery.func1
	/Users/admin/go/src/gin-vue3-admin/app/http/middlewares/recovery.go:63
github.com/gin-gonic/gin.(*Context).Next
	/Users/admin/go/pkg/mod/github.com/gin-gonic/gin@v1.8.1/context.go:173
github.com/Gopherlinzy/gin-vue3-admin/app/http/middlewares.Logger.func1
	/Users/admin/go/src/gin-vue3-admin/app/http/middlewares/logger.go:47
github.com/gin-gonic/gin.(*Context).Next
	/Users/admin/go/pkg/mod/github.com/gin-gonic/gin@v1.8.1/context.go:173
github.com/gin-gonic/gin.(*Engine).handleHTTPRequest
	/Users/admin/go/pkg/mod/github.com/gin-gonic/gin@v1.8.1/gin.go:616
github.com/gin-gonic/gin.(*Engine).ServeHTTP
	/Users/admin/go/pkg/mod/github.com/gin-gonic/gin@v1.8.1/gin.go:572
net/http.serverHandler.ServeHTTP
	/opt/homebrew/Cellar/go/1.19.3/libexec/src/net/http/server.go:2947
net/http.(*conn).serve
	/opt/homebrew/Cellar/go/1.19.3/libexec/src/net/http/server.go:1991
2022-12-12 16:09:46	[31mERROR[0m	response/response.go:73	Error Occurred:	{"error": "invalid character '(' looking for beginning of value"}
github.com/Gopherlinzy/gin-vue3-admin/pkg/response.BadRequest
	/Users/admin/go/src/gin-vue3-admin/pkg/response/response.go:73
github.com/Gopherlinzy/gin-vue3-admin/app/requests.Validate
	/Users/admin/go/src/gin-vue3-admin/app/requests/requests.go:24
github.com/Gopherlinzy/gin-vue3-admin/app/http/controllers/api/v1.(*RolesController).SetApiPolicies
	/Users/admin/go/src/gin-vue3-admin/app/http/controllers/api/v1/roles_controller.go:141
github.com/gin-gonic/gin.(*Context).Next
	/Users/admin/go/pkg/mod/github.com/gin-gonic/gin@v1.8.1/context.go:173
github.com/Gopherlinzy/gin-vue3-admin/app/http/middlewares.CasbinAPI.func1
	/Users/admin/go/src/gin-vue3-admin/app/http/middlewares/casbin.go:36
github.com/gin-gonic/gin.(*Context).Next
	/Users/admin/go/pkg/mod/github.com/gin-gonic/gin@v1.8.1/context.go:173
github.com/Gopherlinzy/gin-vue3-admin/app/http/middlewares.AuthJWT.func1
	/Users/admin/go/src/gin-vue3-admin/app/http/middlewares/auth_jwt.go:37
github.com/gin-gonic/gin.(*Context).Next
	/Users/admin/go/pkg/mod/github.com/gin-gonic/gin@v1.8.1/context.go:173
github.com/Gopherlinzy/gin-vue3-admin/app/http/middlewares.LimitIP.func1
	/Users/admin/go/src/gin-vue3-admin/app/http/middlewares/limit.go:30
github.com/gin-gonic/gin.(*Context).Next
	/Users/admin/go/pkg/mod/github.com/gin-gonic/gin@v1.8.1/context.go:173
github.com/Gopherlinzy/gin-vue3-admin/app/http/middlewares.ForceUA.func1
	/Users/admin/go/src/gin-vue3-admin/app/http/middlewares/force_ua.go:19
github.com/gin-gonic/gin.(*Context).Next
	/Users/admin/go/pkg/mod/github.com/gin-gonic/gin@v1.8.1/context.go:173
github.com/Gopherlinzy/gin-vue3-admin/app/http/middlewares.Recovery.func1
	/Users/admin/go/src/gin-vue3-admin/app/http/middlewares/recovery.go:63
github.com/gin-gonic/gin.(*Context).Next
	/Users/admin/go/pkg/mod/github.com/gin-gonic/gin@v1.8.1/context.go:173
github.com/Gopherlinzy/gin-vue3-admin/app/http/middlewares.Logger.func1
	/Users/admin/go/src/gin-vue3-admin/app/http/middlewares/logger.go:47
github.com/gin-gonic/gin.(*Context).Next
	/Users/admin/go/pkg/mod/github.com/gin-gonic/gin@v1.8.1/context.go:173
github.com/gin-gonic/gin.(*Engine).handleHTTPRequest
	/Users/admin/go/pkg/mod/github.com/gin-gonic/gin@v1.8.1/gin.go:616
github.com/gin-gonic/gin.(*Engine).ServeHTTP
	/Users/admin/go/pkg/mod/github.com/gin-gonic/gin@v1.8.1/gin.go:572
net/http.serverHandler.ServeHTTP
	/opt/homebrew/Cellar/go/1.19.3/libexec/src/net/http/server.go:2947
net/http.(*conn).serve
	/opt/homebrew/Cellar/go/1.19.3/libexec/src/net/http/server.go:1991
