2022-12-02 21:42:27	[35mDEBUG[0m	migrator/migrator.go:52	Database Query	{"sql": "SELECT DATABASE()", "time": "0.000ms", "rows": -1}
2022-12-02 21:42:27	[35mDEBUG[0m	migrator/migrator.go:52	Database Query	{"sql": "SELECT SCHEMA_NAME from Information_schema.SCHEMATA where SCHEMA_NAME LIKE 'gohub%' ORDER BY SCHEMA_NAME='gohub' DESC,SCHEMA_NAME limit 1", "time": "1.000ms", "rows": 1}
2022-12-02 21:42:27	[35mDEBUG[0m	cmd/migrate.go:61	Database Query	{"sql": "SELECT count(*) FROM information_schema.tables WHERE table_schema = 'gohub' AND table_name = 'migrations' AND table_type = 'BASE TABLE'", "time": "1.000ms", "rows": -1}
2022-12-02 21:42:27	[35mDEBUG[0m	cmd/migrate.go:65	Database Query	{"sql": "SELECT * FROM `migrations` ORDER BY id DESC,`migrations`.`id` LIMIT 1", "time": "4.000ms", "rows": 1}
2022-12-02 21:42:27	[35mDEBUG[0m	cobra@v1.6.1/command.go:920	Database Query	{"sql": "SELECT * FROM `migrations`", "time": "0.000ms", "rows": 5}
2022-12-02 21:42:27	[35mDEBUG[0m	migrator/migrator.go:52	Database Query	{"sql": "SELECT DATABASE()", "time": "0.000ms", "rows": -1}
2022-12-02 21:42:27	[35mDEBUG[0m	migrator/migrator.go:52	Database Query	{"sql": "SELECT SCHEMA_NAME from Information_schema.SCHEMATA where SCHEMA_NAME LIKE 'gohub%' ORDER BY SCHEMA_NAME='gohub' DESC,SCHEMA_NAME limit 1", "time": "0.000ms", "rows": 1}
2022-12-02 21:42:27	[35mDEBUG[0m	migrate/migrator.go:71	Database Query	{"sql": "SELECT count(*) FROM information_schema.tables WHERE table_schema = 'gohub' AND table_name = 'roles' AND table_type = 'BASE TABLE'", "time": "0.000ms", "rows": -1}
2022-12-02 21:42:27	[35mDEBUG[0m	migrate/migrator.go:71	Database Query	{"sql": "CREATE TABLE `roles` (`id` bigint unsigned AUTO_INCREMENT,`role_name` varchar(255) NOT NULL,`des` varchar(255) DEFAULT null,`created_at` datetime(0),`updated_at` datetime(0),`deleted_at` datetime(3) NULL,PRIMARY KEY (`id`),INDEX `idx_roles_des` (`des`),INDEX `idx_roles_created_at` (`created_at`),INDEX `idx_roles_updated_at` (`updated_at`),INDEX `idx_roles_deleted_at` (`deleted_at`))", "time": "12.000ms", "rows": 0}
2022-12-02 21:42:27	[35mDEBUG[0m	cmd/migrate.go:65	Database Query	{"sql": "INSERT INTO `migrations` (`migration`,`batch`) VALUES ('2022_12_02_214125_add_roles_table',2)", "time": "1.000ms", "rows": 1}
2022-12-02 22:04:51	[35mDEBUG[0m	auth/login_controller.go:48	Database Query	{"sql": "SELECT * FROM `users` WHERE (name = 'sly' OR phone = 'sly' OR email = 'sly') AND `users`.`deleted_at` IS NULL ORDER BY `users`.`id` LIMIT 1", "time": "2.000ms", "rows": 1}
2022-12-02 22:04:51	[35mDEBUG[0m	middlewares/logger.go:77	HTTP Access Log	{"status": 200, "request": "POST /api/v1/auth/login/using-password", "query": "", "ip": "::1", "user-agent": "PostmanRuntime/7.29.2", "errors": "", "time": "305.000ms", "Request Body": "{\r\n    \"login_id\":\"sly\",\r\n    \"password\":\"123456\",\r\n    \"captcha_id\":\"captcha_skip_test\",\r\n    \"captcha_answer\":\"648022\"\r\n}", "Response Body": "{\"data\":{\"id\":1,\"name\":\"sly\",\"created_at\":\"2022-11-29T19:40:31+08:00\",\"updated_at\":\"2022-11-29T19:40:31+08:00\",\"deleted_at\":null},\"token\":\"eyJhbGciOiJIUzI1NiIsInR5cCI6IkpXVCJ9.eyJ1c2VyX2lkIjoiMSIsInVzZXJfbmFtZSI6InNseSIsImV4cGlyZV90aW1lIjoxNjc1MTczODkxLCJpc3MiOiJnb2h1YiIsImV4cCI6MTY3NTE3Mzg5MSwibmJmIjoxNjY5OTg5ODkxLCJpYXQiOjE2Njk5ODk4OTF9.XrKzyUXkfXklHd77-LbpC6IPoxiDyfZGrYt_UwobvQ8\"}"}
2022-12-02 22:06:08	[35mDEBUG[0m	gin@v1.8.1/context.go:173	Database Query	{"sql": "SELECT * FROM `users` WHERE `id` = '1' AND `users`.`deleted_at` IS NULL ORDER BY `users`.`id` LIMIT 1", "time": "1.000ms", "rows": 1}
2022-12-02 22:06:08	[33mWARN[0m	gorm@v1.24.1/callbacks.go:134	Database ErrRecordNotFound	{"sql": "SELECT * FROM `roles` WHERE `id` = '1' AND `roles`.`deleted_at` IS NULL ORDER BY `roles`.`id` LIMIT 1", "time": "1.000ms", "rows": 0}
2022-12-02 22:06:08	[35mDEBUG[0m	gin@v1.8.1/context.go:173	Database Query	{"sql": "SELECT * FROM `roles` WHERE `id` = '1' AND `roles`.`deleted_at` IS NULL ORDER BY `roles`.`id` LIMIT 1", "time": "1.000ms", "rows": 0}
2022-12-02 22:06:08	[33mWARN[0m	middlewares/logger.go:72	HTTP Warning 404	{"status": 404, "request": "GET /api/v1/roles/1", "query": "", "ip": "::1", "user-agent": "PostmanRuntime/7.29.2", "errors": "", "time": "5.000ms"}
2022-12-02 22:06:27	[33mWARN[0m	middlewares/logger.go:72	HTTP Warning 401	{"status": 401, "request": "GET /api/v1/roles", "query": "", "ip": "::1", "user-agent": "PostmanRuntime/7.29.2", "errors": "", "time": "0.000ms"}
2022-12-02 22:06:32	[35mDEBUG[0m	gin@v1.8.1/context.go:173	Database Query	{"sql": "SELECT * FROM `users` WHERE `id` = '1' AND `users`.`deleted_at` IS NULL ORDER BY `users`.`id` LIMIT 1", "time": "0.000ms", "rows": 1}
2022-12-02 22:06:32	[35mDEBUG[0m	paginator/paginator.go:64	Database Query	{"sql": "SELECT count(*) FROM `roles` WHERE `roles`.`deleted_at` IS NULL", "time": "0.000ms", "rows": 1}
2022-12-02 22:06:32	[35mDEBUG[0m	v1/roles_controller.go:22	Database Query	{"sql": "SELECT * FROM `roles` WHERE `roles`.`deleted_at` IS NULL ORDER BY id asc LIMIT 10", "time": "0.000ms", "rows": 0}
2022-12-02 22:06:32	[35mDEBUG[0m	middlewares/logger.go:77	HTTP Access Log	{"status": 200, "request": "GET /api/v1/roles", "query": "", "ip": "::1", "user-agent": "PostmanRuntime/7.29.2", "errors": "", "time": "3.000ms"}
2022-12-02 22:08:43	[35mDEBUG[0m	gin@v1.8.1/context.go:173	Database Query	{"sql": "SELECT * FROM `users` WHERE `id` = '1' AND `users`.`deleted_at` IS NULL ORDER BY `users`.`id` LIMIT 1", "time": "1.000ms", "rows": 1}
2022-12-02 22:08:43	[35mDEBUG[0m	gin@v1.8.1/context.go:173	Database Query	{"sql": "INSERT INTO `roles` (`role_name`,`des`,`created_at`,`updated_at`,`deleted_at`) VALUES ('superAdmin','超级管理员','2022-12-02 22:08:43.418','2022-12-02 22:08:43.418',NULL)", "time": "2.000ms", "rows": 1}
2022-12-02 22:08:43	[35mDEBUG[0m	middlewares/logger.go:77	HTTP Access Log	{"status": 201, "request": "POST /api/v1/roles", "query": "", "ip": "::1", "user-agent": "PostmanRuntime/7.29.2", "errors": "", "time": "4.000ms", "Request Body": "{\n    \"role_name\":\"superAdmin\",\n    \"des\": \"超级管理员\"\n}", "Response Body": "{\"data\":{\"id\":1,\"role_name\":\"superAdmin\",\"des\":\"超级管理员\",\"created_at\":\"2022-12-02T22:08:43.418+08:00\",\"updated_at\":\"2022-12-02T22:08:43.418+08:00\",\"deleted_at\":null},\"success\":true}"}
2022-12-02 22:08:46	[35mDEBUG[0m	gin@v1.8.1/context.go:173	Database Query	{"sql": "SELECT * FROM `users` WHERE `id` = '1' AND `users`.`deleted_at` IS NULL ORDER BY `users`.`id` LIMIT 1", "time": "0.000ms", "rows": 1}
2022-12-02 22:08:46	[35mDEBUG[0m	paginator/paginator.go:64	Database Query	{"sql": "SELECT count(*) FROM `roles` WHERE `roles`.`deleted_at` IS NULL", "time": "0.000ms", "rows": 1}
2022-12-02 22:08:46	[35mDEBUG[0m	v1/roles_controller.go:22	Database Query	{"sql": "SELECT * FROM `roles` WHERE `roles`.`deleted_at` IS NULL ORDER BY id asc LIMIT 10", "time": "0.000ms", "rows": 1}
2022-12-02 22:08:46	[35mDEBUG[0m	middlewares/logger.go:77	HTTP Access Log	{"status": 200, "request": "GET /api/v1/roles", "query": "", "ip": "::1", "user-agent": "PostmanRuntime/7.29.2", "errors": "", "time": "1.000ms"}
2022-12-02 22:08:48	[35mDEBUG[0m	gin@v1.8.1/context.go:173	Database Query	{"sql": "SELECT * FROM `users` WHERE `id` = '1' AND `users`.`deleted_at` IS NULL ORDER BY `users`.`id` LIMIT 1", "time": "0.000ms", "rows": 1}
2022-12-02 22:08:48	[35mDEBUG[0m	gin@v1.8.1/context.go:173	Database Query	{"sql": "SELECT * FROM `roles` WHERE `id` = '1' AND `roles`.`deleted_at` IS NULL ORDER BY `roles`.`id` LIMIT 1", "time": "0.000ms", "rows": 1}
2022-12-02 22:08:48	[35mDEBUG[0m	middlewares/logger.go:77	HTTP Access Log	{"status": 200, "request": "GET /api/v1/roles/1", "query": "", "ip": "::1", "user-agent": "PostmanRuntime/7.29.2", "errors": "", "time": "1.000ms"}
2022-12-02 22:10:21	[35mDEBUG[0m	gin@v1.8.1/context.go:173	Database Query	{"sql": "SELECT * FROM `users` WHERE `id` = '1' AND `users`.`deleted_at` IS NULL ORDER BY `users`.`id` LIMIT 1", "time": "0.000ms", "rows": 1}
2022-12-02 22:10:21	[35mDEBUG[0m	gin@v1.8.1/context.go:173	Database Query	{"sql": "SELECT * FROM `roles` WHERE `id` = '1' AND `roles`.`deleted_at` IS NULL ORDER BY `roles`.`id` LIMIT 1", "time": "0.000ms", "rows": 1}
2022-12-02 22:10:21	[35mDEBUG[0m	gin@v1.8.1/context.go:173	Database Query	{"sql": "UPDATE `roles` SET `role_name`='superAdmin',`des`='超级管理员:拥有所有权限',`created_at`='2022-12-02 22:08:43',`updated_at`='2022-12-02 22:10:21.908',`deleted_at`=NULL WHERE `roles`.`deleted_at` IS NULL AND `id` = 1", "time": "1.000ms", "rows": 1}
2022-12-02 22:10:21	[35mDEBUG[0m	middlewares/logger.go:77	HTTP Access Log	{"status": 200, "request": "PUT /api/v1/roles/1", "query": "", "ip": "::1", "user-agent": "PostmanRuntime/7.29.2", "errors": "", "time": "2.000ms", "Request Body": "{\n    \"role_name\":\"superAdmin\",\n    \"des\": \"超级管理员:拥有所有权限\"\n}", "Response Body": "{\"data\":{\"id\":1,\"role_name\":\"superAdmin\",\"des\":\"超级管理员:拥有所有权限\",\"created_at\":\"2022-12-02T22:08:43+08:00\",\"updated_at\":\"2022-12-02T22:10:21.908+08:00\",\"deleted_at\":null},\"success\":true}"}
2022-12-02 22:10:49	[35mDEBUG[0m	gin@v1.8.1/context.go:173	Database Query	{"sql": "SELECT * FROM `users` WHERE `id` = '1' AND `users`.`deleted_at` IS NULL ORDER BY `users`.`id` LIMIT 1", "time": "0.000ms", "rows": 1}
2022-12-02 22:10:49	[33mWARN[0m	middlewares/logger.go:72	HTTP Warning 422	{"status": 422, "request": "POST /api/v1/roles", "query": "", "ip": "::1", "user-agent": "PostmanRuntime/7.29.2", "errors": "", "time": "1.000ms", "Request Body": "{\n    \"role_name\":\"user\",\n    \"des\": \"用户\"\n}", "Response Body": "{\"errors\":{\"des\":[\"描述长度需至少 3 个字\"]},\"message\":\"请求验证不通过，具体请查看 errors\"}"}
2022-12-02 22:11:01	[35mDEBUG[0m	gin@v1.8.1/context.go:173	Database Query	{"sql": "SELECT * FROM `users` WHERE `id` = '1' AND `users`.`deleted_at` IS NULL ORDER BY `users`.`id` LIMIT 1", "time": "0.000ms", "rows": 1}
2022-12-02 22:11:01	[35mDEBUG[0m	gin@v1.8.1/context.go:173	Database Query	{"sql": "INSERT INTO `roles` (`role_name`,`des`,`created_at`,`updated_at`,`deleted_at`) VALUES ('user','普通用户','2022-12-02 22:11:01.162','2022-12-02 22:11:01.162',NULL)", "time": "1.000ms", "rows": 1}
2022-12-02 22:11:01	[35mDEBUG[0m	middlewares/logger.go:77	HTTP Access Log	{"status": 201, "request": "POST /api/v1/roles", "query": "", "ip": "::1", "user-agent": "PostmanRuntime/7.29.2", "errors": "", "time": "3.000ms", "Request Body": "{\n    \"role_name\":\"user\",\n    \"des\": \"普通用户\"\n}", "Response Body": "{\"data\":{\"id\":2,\"role_name\":\"user\",\"des\":\"普通用户\",\"created_at\":\"2022-12-02T22:11:01.162+08:00\",\"updated_at\":\"2022-12-02T22:11:01.162+08:00\",\"deleted_at\":null},\"success\":true}"}
2022-12-02 22:11:26	[35mDEBUG[0m	gin@v1.8.1/context.go:173	Database Query	{"sql": "SELECT * FROM `users` WHERE `id` = '1' AND `users`.`deleted_at` IS NULL ORDER BY `users`.`id` LIMIT 1", "time": "0.000ms", "rows": 1}
2022-12-02 22:11:26	[35mDEBUG[0m	gin@v1.8.1/context.go:173	Database Query	{"sql": "SELECT * FROM `roles` WHERE `id` = '2' AND `roles`.`deleted_at` IS NULL ORDER BY `roles`.`id` LIMIT 1", "time": "0.000ms", "rows": 1}
2022-12-02 22:11:26	[35mDEBUG[0m	gin@v1.8.1/context.go:173	Database Query	{"sql": "UPDATE `roles` SET `deleted_at`='2022-12-02 22:11:26.057' WHERE `roles`.`id` = 2 AND `roles`.`deleted_at` IS NULL", "time": "1.000ms", "rows": 1}
2022-12-02 22:11:26	[35mDEBUG[0m	middlewares/logger.go:77	HTTP Access Log	{"status": 200, "request": "DELETE /api/v1/roles/2", "query": "", "ip": "::1", "user-agent": "PostmanRuntime/7.29.2", "errors": "", "time": "3.000ms", "Request Body": "", "Response Body": "{\"message\":\"操作成功！\",\"success\":true}"}
2022-12-02 22:11:30	[35mDEBUG[0m	gin@v1.8.1/context.go:173	Database Query	{"sql": "SELECT * FROM `users` WHERE `id` = '1' AND `users`.`deleted_at` IS NULL ORDER BY `users`.`id` LIMIT 1", "time": "0.000ms", "rows": 1}
2022-12-02 22:11:30	[35mDEBUG[0m	paginator/paginator.go:64	Database Query	{"sql": "SELECT count(*) FROM `roles` WHERE `roles`.`deleted_at` IS NULL", "time": "0.000ms", "rows": 1}
2022-12-02 22:11:30	[35mDEBUG[0m	v1/roles_controller.go:22	Database Query	{"sql": "SELECT * FROM `roles` WHERE `roles`.`deleted_at` IS NULL ORDER BY id asc LIMIT 10", "time": "0.000ms", "rows": 1}
2022-12-02 22:11:30	[35mDEBUG[0m	middlewares/logger.go:77	HTTP Access Log	{"status": 200, "request": "GET /api/v1/roles", "query": "", "ip": "::1", "user-agent": "PostmanRuntime/7.29.2", "errors": "", "time": "1.000ms"}
2022-12-02 23:22:10	[35mDEBUG[0m	gin@v1.8.1/context.go:173	Database Query	{"sql": "SELECT * FROM `users` WHERE `id` = '1' AND `users`.`deleted_at` IS NULL ORDER BY `users`.`id` LIMIT 1", "time": "1.000ms", "rows": 1}
2022-12-02 23:22:10	[35mDEBUG[0m	gin@v1.8.1/context.go:173	Database Query	{"sql": "SELECT * FROM `users` WHERE `id` = '1' AND `users`.`deleted_at` IS NULL ORDER BY `users`.`id` LIMIT 1", "time": "0.000ms", "rows": 1}
2022-12-02 23:22:10	[35mDEBUG[0m	govalidator@v1.9.10/validator.go:203	Database Query	{"sql": "SELECT count(*) FROM `roles` WHERE role_name= 'supername'", "time": "0.000ms", "rows": 1}
2022-12-02 23:22:10	[33mWARN[0m	middlewares/logger.go:72	HTTP Warning 422	{"status": 422, "request": "POST /api/v1/users/1", "query": "", "ip": "::1", "user-agent": "PostmanRuntime/7.29.2", "errors": "", "time": "5.000ms", "Request Body": "{\n    \"role_name\":\"supername\"\n}", "Response Body": "{\"errors\":{\"role_name\":[\"角色名必须存在\"]},\"message\":\"请求验证不通过，具体请查看 errors\"}"}
2022-12-02 23:22:24	[35mDEBUG[0m	gin@v1.8.1/context.go:173	Database Query	{"sql": "SELECT * FROM `users` WHERE `id` = '1' AND `users`.`deleted_at` IS NULL ORDER BY `users`.`id` LIMIT 1", "time": "0.000ms", "rows": 1}
2022-12-02 23:22:24	[35mDEBUG[0m	gin@v1.8.1/context.go:173	Database Query	{"sql": "SELECT * FROM `users` WHERE `id` = '1' AND `users`.`deleted_at` IS NULL ORDER BY `users`.`id` LIMIT 1", "time": "0.000ms", "rows": 1}
2022-12-02 23:22:24	[35mDEBUG[0m	govalidator@v1.9.10/validator.go:203	Database Query	{"sql": "SELECT count(*) FROM `roles` WHERE role_name= 'superAdmin'", "time": "0.000ms", "rows": 1}
2022-12-02 23:22:24	[31mERROR[0m	middlewares/logger.go:75	HTTP Error 500	{"status": 500, "request": "POST /api/v1/users/1", "query": "", "ip": "::1", "user-agent": "PostmanRuntime/7.29.2", "errors": "", "time": "16.000ms", "Request Body": "{\n    \"role_name\":\"superAdmin\"\n}", "Response Body": "{\"message\":\"创建失败，请稍后尝试~\"}"}
github.com/Gopherlinzy/gohub/app/http/middlewares.Logger.func1
	/Users/admin/go/src/gin-vue3-admin/app/http/middlewares/logger.go:75
github.com/gin-gonic/gin.(*Context).Next
	/Users/admin/go/pkg/mod/github.com/gin-gonic/gin@v1.8.1/context.go:173
github.com/gin-gonic/gin.(*Engine).handleHTTPRequest
	/Users/admin/go/pkg/mod/github.com/gin-gonic/gin@v1.8.1/gin.go:616
github.com/gin-gonic/gin.(*Engine).ServeHTTP
	/Users/admin/go/pkg/mod/github.com/gin-gonic/gin@v1.8.1/gin.go:572
net/http.serverHandler.ServeHTTP
	/opt/homebrew/Cellar/go/1.19.3/libexec/src/net/http/server.go:2947
net/http.(*conn).serve
	/opt/homebrew/Cellar/go/1.19.3/libexec/src/net/http/server.go:1991
2022-12-02 23:23:43	[35mDEBUG[0m	gin@v1.8.1/context.go:173	Database Query	{"sql": "SELECT * FROM `users` WHERE `id` = '1' AND `users`.`deleted_at` IS NULL ORDER BY `users`.`id` LIMIT 1", "time": "0.000ms", "rows": 1}
2022-12-02 23:23:43	[35mDEBUG[0m	gin@v1.8.1/context.go:173	Database Query	{"sql": "SELECT * FROM `users` WHERE `id` = '1' AND `users`.`deleted_at` IS NULL ORDER BY `users`.`id` LIMIT 1", "time": "1.000ms", "rows": 1}
2022-12-02 23:23:43	[35mDEBUG[0m	govalidator@v1.9.10/validator.go:203	Database Query	{"sql": "SELECT count(*) FROM `roles` WHERE role_name= 'superAdmin'", "time": "0.000ms", "rows": 1}
2022-12-02 23:23:43	[35mDEBUG[0m	migrator/migrator.go:52	Database Query	{"sql": "SELECT DATABASE()", "time": "0.000ms", "rows": -1}
2022-12-02 23:23:43	[35mDEBUG[0m	migrator/migrator.go:52	Database Query	{"sql": "SELECT SCHEMA_NAME from Information_schema.SCHEMATA where SCHEMA_NAME LIKE 'gohub%' ORDER BY SCHEMA_NAME='gohub' DESC,SCHEMA_NAME limit 1", "time": "2.000ms", "rows": 1}
2022-12-02 23:23:43	[35mDEBUG[0m	v3@v3.13.0/adapter.go:268	Database Query	{"sql": "SELECT count(*) FROM information_schema.tables WHERE table_schema = 'gohub' AND table_name = 'casbin_rule' AND table_type = 'BASE TABLE'", "time": "2.000ms", "rows": -1}
2022-12-02 23:23:43	[35mDEBUG[0m	v3@v3.13.0/adapter.go:268	Database Query	{"sql": "CREATE TABLE `casbin_rule` (`id` bigint unsigned AUTO_INCREMENT,`ptype` varchar(100),`v0` varchar(100),`v1` varchar(100),`v2` varchar(100),`v3` varchar(100),`v4` varchar(100),`v5` varchar(100),PRIMARY KEY (`id`))", "time": "9.000ms", "rows": 0}
2022-12-02 23:23:43	[35mDEBUG[0m	migrator/migrator.go:52	Database Query	{"sql": "SELECT DATABASE()", "time": "0.000ms", "rows": -1}
2022-12-02 23:23:43	[35mDEBUG[0m	migrator/migrator.go:52	Database Query	{"sql": "SELECT SCHEMA_NAME from Information_schema.SCHEMATA where SCHEMA_NAME LIKE 'gohub%' ORDER BY SCHEMA_NAME='gohub' DESC,SCHEMA_NAME limit 1", "time": "0.000ms", "rows": 1}
2022-12-02 23:23:43	[35mDEBUG[0m	v3@v3.13.0/adapter.go:268	Database Query	{"sql": "SELECT count(*) FROM information_schema.statistics WHERE table_schema = 'gohub' AND table_name = 'casbin_rule' AND index_name = 'idx_casbin_rule'", "time": "1.000ms", "rows": -1}
2022-12-02 23:23:43	[35mDEBUG[0m	v3@v3.13.0/adapter.go:268	Database Query	{"sql": "CREATE UNIQUE INDEX idx_casbin_rule ON casbin_rule (ptype,v0,v1,v2,v3,v4,v5)", "time": "8.000ms", "rows": 0}
2022-12-02 23:23:43	[35mDEBUG[0m	v2@v2.58.0/enforcer.go:179	Database Query	{"sql": "SELECT * FROM `casbin_rule` ORDER BY ID", "time": "0.000ms", "rows": 0}
2022-12-02 23:23:43	[35mDEBUG[0m	v2@v2.58.0/enforcer_cached.go:96	Database Query	{"sql": "SELECT * FROM `casbin_rule` ORDER BY ID", "time": "0.000ms", "rows": 0}
2022-12-02 23:23:43	[35mDEBUG[0m	v2@v2.58.0/internal_api.go:305	Database Query	{"sql": "INSERT INTO `casbin_rule` (`ptype`,`v0`,`v1`,`v2`,`v3`,`v4`,`v5`) VALUES ('g','sly','superAdmin','','','','')", "time": "0.000ms", "rows": 1}
2022-12-02 23:23:43	[35mDEBUG[0m	middlewares/logger.go:77	HTTP Access Log	{"status": 201, "request": "POST /api/v1/users/1", "query": "", "ip": "::1", "user-agent": "PostmanRuntime/7.29.2", "errors": "", "time": "34.000ms", "Request Body": "{\n    \"role_name\":\"superAdmin\"\n}", "Response Body": "{\"data\":{\"id\":1,\"name\":\"sly\",\"created_at\":\"2022-11-29T19:40:31+08:00\",\"updated_at\":\"2022-11-29T19:40:31+08:00\",\"deleted_at\":null},\"success\":true}"}
