2022-12-13 10:36:41	[31mERROR[0m	gorm@v1.24.1/callbacks.go:134	Database Error	{"sql": "SELECT count(*) FROM `roles` WHERE name = '1231' && isnull(deleted_at)", "time": "0.000ms", "rows": 0, "error": "Error 1054: Unknown column 'name' in 'where clause'"}
gorm.io/gorm.(*processor).Execute
	/Users/admin/go/pkg/mod/gorm.io/gorm@v1.24.1/callbacks.go:134
gorm.io/gorm.(*DB).Count
	/Users/admin/go/pkg/mod/gorm.io/gorm@v1.24.1/finisher_api.go:462
github.com/Gopherlinzy/gin-vue3-admin/app/requests/validators.init.0.func1
	/Users/admin/go/src/gin-vue3-admin/app/requests/validators/custom_rules.go:49
github.com/thedevsaddam/govalidator.validateCustomRules
	/Users/admin/go/pkg/mod/github.com/thedevsaddam/govalidator@v1.9.10/rules.go:32
github.com/thedevsaddam/govalidator.(*Validator).internalValidateStruct
	/Users/admin/go/pkg/mod/github.com/thedevsaddam/govalidator@v1.9.10/validator.go:203
github.com/thedevsaddam/govalidator.(*Validator).ValidateStruct
	/Users/admin/go/pkg/mod/github.com/thedevsaddam/govalidator@v1.9.10/validator.go:167
github.com/Gopherlinzy/gin-vue3-admin/app/requests.validate
	/Users/admin/go/src/gin-vue3-admin/app/requests/requests.go:53
github.com/Gopherlinzy/gin-vue3-admin/app/requests.UserStore
	/Users/admin/go/src/gin-vue3-admin/app/requests/user_request.go:80
github.com/Gopherlinzy/gin-vue3-admin/app/requests.Validate
	/Users/admin/go/src/gin-vue3-admin/app/requests/requests.go:33
github.com/Gopherlinzy/gin-vue3-admin/app/http/controllers/api/v1.(*UsersController).Store
	/Users/admin/go/src/gin-vue3-admin/app/http/controllers/api/v1/users_controller.go:59
github.com/gin-gonic/gin.(*Context).Next
	/Users/admin/go/pkg/mod/github.com/gin-gonic/gin@v1.8.1/context.go:173
github.com/Gopherlinzy/gin-vue3-admin/app/http/middlewares.CasbinAPI.func1
	/Users/admin/go/src/gin-vue3-admin/app/http/middlewares/casbin.go:38
github.com/gin-gonic/gin.(*Context).Next
	/Users/admin/go/pkg/mod/github.com/gin-gonic/gin@v1.8.1/context.go:173
github.com/Gopherlinzy/gin-vue3-admin/app/http/middlewares.AuthJWT.func1
	/Users/admin/go/src/gin-vue3-admin/app/http/middlewares/auth_jwt.go:37
github.com/gin-gonic/gin.(*Context).Next
	/Users/admin/go/pkg/mod/github.com/gin-gonic/gin@v1.8.1/context.go:173
github.com/Gopherlinzy/gin-vue3-admin/app/http/middlewares.LimitIP.func1
	/Users/admin/go/src/gin-vue3-admin/app/http/middlewares/limit.go:30
github.com/gin-gonic/gin.(*Context).Next
	/Users/admin/go/pkg/mod/github.com/gin-gonic/gin@v1.8.1/context.go:173
github.com/Gopherlinzy/gin-vue3-admin/app/http/middlewares.ForceUA.func1
	/Users/admin/go/src/gin-vue3-admin/app/http/middlewares/force_ua.go:19
github.com/gin-gonic/gin.(*Context).Next
	/Users/admin/go/pkg/mod/github.com/gin-gonic/gin@v1.8.1/context.go:173
github.com/Gopherlinzy/gin-vue3-admin/app/http/middlewares.Recovery.func1
	/Users/admin/go/src/gin-vue3-admin/app/http/middlewares/recovery.go:63
github.com/gin-gonic/gin.(*Context).Next
	/Users/admin/go/pkg/mod/github.com/gin-gonic/gin@v1.8.1/context.go:173
github.com/Gopherlinzy/gin-vue3-admin/app/http/middlewares.Logger.func1
	/Users/admin/go/src/gin-vue3-admin/app/http/middlewares/logger.go:47
github.com/gin-gonic/gin.(*Context).Next
	/Users/admin/go/pkg/mod/github.com/gin-gonic/gin@v1.8.1/context.go:173
github.com/gin-gonic/gin.(*Engine).handleHTTPRequest
	/Users/admin/go/pkg/mod/github.com/gin-gonic/gin@v1.8.1/gin.go:616
github.com/gin-gonic/gin.(*Engine).ServeHTTP
	/Users/admin/go/pkg/mod/github.com/gin-gonic/gin@v1.8.1/gin.go:572
net/http.serverHandler.ServeHTTP
	/opt/homebrew/Cellar/go/1.19.3/libexec/src/net/http/server.go:2947
net/http.(*conn).serve
	/opt/homebrew/Cellar/go/1.19.3/libexec/src/net/http/server.go:1991
2022-12-13 10:53:33	[31mERROR[0m	response/response.go:73	Error Occurred:	{"error": "invalid character '}' looking for beginning of object key string"}
github.com/Gopherlinzy/gin-vue3-admin/pkg/response.BadRequest
	/Users/admin/go/src/gin-vue3-admin/pkg/response/response.go:73
github.com/Gopherlinzy/gin-vue3-admin/app/requests.Validate
	/Users/admin/go/src/gin-vue3-admin/app/requests/requests.go:24
github.com/Gopherlinzy/gin-vue3-admin/app/http/controllers/api/v1.(*RolesController).IndexPolicies
	/Users/admin/go/src/gin-vue3-admin/app/http/controllers/api/v1/roles_controller.go:35
github.com/gin-gonic/gin.(*Context).Next
	/Users/admin/go/pkg/mod/github.com/gin-gonic/gin@v1.8.1/context.go:173
github.com/Gopherlinzy/gin-vue3-admin/app/http/middlewares.CasbinAPI.func1
	/Users/admin/go/src/gin-vue3-admin/app/http/middlewares/casbin.go:38
github.com/gin-gonic/gin.(*Context).Next
	/Users/admin/go/pkg/mod/github.com/gin-gonic/gin@v1.8.1/context.go:173
github.com/Gopherlinzy/gin-vue3-admin/app/http/middlewares.AuthJWT.func1
	/Users/admin/go/src/gin-vue3-admin/app/http/middlewares/auth_jwt.go:37
github.com/gin-gonic/gin.(*Context).Next
	/Users/admin/go/pkg/mod/github.com/gin-gonic/gin@v1.8.1/context.go:173
github.com/Gopherlinzy/gin-vue3-admin/app/http/middlewares.LimitIP.func1
	/Users/admin/go/src/gin-vue3-admin/app/http/middlewares/limit.go:30
github.com/gin-gonic/gin.(*Context).Next
	/Users/admin/go/pkg/mod/github.com/gin-gonic/gin@v1.8.1/context.go:173
github.com/Gopherlinzy/gin-vue3-admin/app/http/middlewares.ForceUA.func1
	/Users/admin/go/src/gin-vue3-admin/app/http/middlewares/force_ua.go:19
github.com/gin-gonic/gin.(*Context).Next
	/Users/admin/go/pkg/mod/github.com/gin-gonic/gin@v1.8.1/context.go:173
github.com/Gopherlinzy/gin-vue3-admin/app/http/middlewares.Recovery.func1
	/Users/admin/go/src/gin-vue3-admin/app/http/middlewares/recovery.go:63
github.com/gin-gonic/gin.(*Context).Next
	/Users/admin/go/pkg/mod/github.com/gin-gonic/gin@v1.8.1/context.go:173
github.com/Gopherlinzy/gin-vue3-admin/app/http/middlewares.Logger.func1
	/Users/admin/go/src/gin-vue3-admin/app/http/middlewares/logger.go:47
github.com/gin-gonic/gin.(*Context).Next
	/Users/admin/go/pkg/mod/github.com/gin-gonic/gin@v1.8.1/context.go:173
github.com/gin-gonic/gin.(*Engine).handleHTTPRequest
	/Users/admin/go/pkg/mod/github.com/gin-gonic/gin@v1.8.1/gin.go:616
github.com/gin-gonic/gin.(*Engine).ServeHTTP
	/Users/admin/go/pkg/mod/github.com/gin-gonic/gin@v1.8.1/gin.go:572
net/http.serverHandler.ServeHTTP
	/opt/homebrew/Cellar/go/1.19.3/libexec/src/net/http/server.go:2947
net/http.(*conn).serve
	/opt/homebrew/Cellar/go/1.19.3/libexec/src/net/http/server.go:1991
2022-12-13 12:48:48	[31mERROR[0m	response/response.go:73	Error Occurred:	{"error": "json: cannot unmarshal number into Go struct field MenuSaveRequest.father_id of type string"}
github.com/Gopherlinzy/gin-vue3-admin/pkg/response.BadRequest
	/Users/admin/go/src/gin-vue3-admin/pkg/response/response.go:73
github.com/Gopherlinzy/gin-vue3-admin/app/requests.Validate
	/Users/admin/go/src/gin-vue3-admin/app/requests/requests.go:24
github.com/Gopherlinzy/gin-vue3-admin/app/http/controllers/api/v1.(*MenusController).Store
	/Users/admin/go/src/gin-vue3-admin/app/http/controllers/api/v1/menus_controller.go:52
github.com/gin-gonic/gin.(*Context).Next
	/Users/admin/go/pkg/mod/github.com/gin-gonic/gin@v1.8.1/context.go:173
github.com/Gopherlinzy/gin-vue3-admin/app/http/middlewares.CasbinAPI.func1
	/Users/admin/go/src/gin-vue3-admin/app/http/middlewares/casbin.go:38
github.com/gin-gonic/gin.(*Context).Next
	/Users/admin/go/pkg/mod/github.com/gin-gonic/gin@v1.8.1/context.go:173
github.com/Gopherlinzy/gin-vue3-admin/app/http/middlewares.AuthJWT.func1
	/Users/admin/go/src/gin-vue3-admin/app/http/middlewares/auth_jwt.go:37
github.com/gin-gonic/gin.(*Context).Next
	/Users/admin/go/pkg/mod/github.com/gin-gonic/gin@v1.8.1/context.go:173
github.com/Gopherlinzy/gin-vue3-admin/app/http/middlewares.LimitIP.func1
	/Users/admin/go/src/gin-vue3-admin/app/http/middlewares/limit.go:30
github.com/gin-gonic/gin.(*Context).Next
	/Users/admin/go/pkg/mod/github.com/gin-gonic/gin@v1.8.1/context.go:173
github.com/Gopherlinzy/gin-vue3-admin/app/http/middlewares.ForceUA.func1
	/Users/admin/go/src/gin-vue3-admin/app/http/middlewares/force_ua.go:19
github.com/gin-gonic/gin.(*Context).Next
	/Users/admin/go/pkg/mod/github.com/gin-gonic/gin@v1.8.1/context.go:173
github.com/Gopherlinzy/gin-vue3-admin/app/http/middlewares.Recovery.func1
	/Users/admin/go/src/gin-vue3-admin/app/http/middlewares/recovery.go:63
github.com/gin-gonic/gin.(*Context).Next
	/Users/admin/go/pkg/mod/github.com/gin-gonic/gin@v1.8.1/context.go:173
github.com/Gopherlinzy/gin-vue3-admin/app/http/middlewares.Logger.func1
	/Users/admin/go/src/gin-vue3-admin/app/http/middlewares/logger.go:47
github.com/gin-gonic/gin.(*Context).Next
	/Users/admin/go/pkg/mod/github.com/gin-gonic/gin@v1.8.1/context.go:173
github.com/gin-gonic/gin.(*Engine).handleHTTPRequest
	/Users/admin/go/pkg/mod/github.com/gin-gonic/gin@v1.8.1/gin.go:616
github.com/gin-gonic/gin.(*Engine).ServeHTTP
	/Users/admin/go/pkg/mod/github.com/gin-gonic/gin@v1.8.1/gin.go:572
net/http.serverHandler.ServeHTTP
	/opt/homebrew/Cellar/go/1.19.3/libexec/src/net/http/server.go:2947
net/http.(*conn).serve
	/opt/homebrew/Cellar/go/1.19.3/libexec/src/net/http/server.go:1991
2022-12-13 12:50:05	[31mERROR[0m	gorm@v1.24.1/callbacks.go:134	Database Error	{"sql": "INSERT INTO `menus` (`name`,`permission`,`router_name`,`router_path`,`father_id`,`vue_path`,`status`,`created_at`,`updated_at`,`deleted_at`) VALUES ('qweasd','','asdas','qweqw',0,'dasdas',true,'2022-12-13 12:50:05.525','2022-12-13 12:50:05.525',NULL)", "time": "1.000ms", "rows": 0, "error": "Error 1062: Duplicate entry '' for key 'menus.permission'"}
gorm.io/gorm.(*processor).Execute
	/Users/admin/go/pkg/mod/gorm.io/gorm@v1.24.1/callbacks.go:134
gorm.io/gorm.(*DB).Save
	/Users/admin/go/pkg/mod/gorm.io/gorm@v1.24.1/finisher_api.go:91
github.com/Gopherlinzy/gin-vue3-admin/app/models/menu.(*Menu).Save
	/Users/admin/go/src/gin-vue3-admin/app/models/menu/menu_model.go:32
github.com/Gopherlinzy/gin-vue3-admin/app/http/controllers/api/v1.(*MenusController).Update
	/Users/admin/go/src/gin-vue3-admin/app/http/controllers/api/v1/menus_controller.go:96
github.com/gin-gonic/gin.(*Context).Next
	/Users/admin/go/pkg/mod/github.com/gin-gonic/gin@v1.8.1/context.go:173
github.com/Gopherlinzy/gin-vue3-admin/app/http/middlewares.CasbinAPI.func1
	/Users/admin/go/src/gin-vue3-admin/app/http/middlewares/casbin.go:38
github.com/gin-gonic/gin.(*Context).Next
	/Users/admin/go/pkg/mod/github.com/gin-gonic/gin@v1.8.1/context.go:173
github.com/Gopherlinzy/gin-vue3-admin/app/http/middlewares.AuthJWT.func1
	/Users/admin/go/src/gin-vue3-admin/app/http/middlewares/auth_jwt.go:37
github.com/gin-gonic/gin.(*Context).Next
	/Users/admin/go/pkg/mod/github.com/gin-gonic/gin@v1.8.1/context.go:173
github.com/Gopherlinzy/gin-vue3-admin/app/http/middlewares.LimitIP.func1
	/Users/admin/go/src/gin-vue3-admin/app/http/middlewares/limit.go:30
github.com/gin-gonic/gin.(*Context).Next
	/Users/admin/go/pkg/mod/github.com/gin-gonic/gin@v1.8.1/context.go:173
github.com/Gopherlinzy/gin-vue3-admin/app/http/middlewares.ForceUA.func1
	/Users/admin/go/src/gin-vue3-admin/app/http/middlewares/force_ua.go:19
github.com/gin-gonic/gin.(*Context).Next
	/Users/admin/go/pkg/mod/github.com/gin-gonic/gin@v1.8.1/context.go:173
github.com/Gopherlinzy/gin-vue3-admin/app/http/middlewares.Recovery.func1
	/Users/admin/go/src/gin-vue3-admin/app/http/middlewares/recovery.go:63
github.com/gin-gonic/gin.(*Context).Next
	/Users/admin/go/pkg/mod/github.com/gin-gonic/gin@v1.8.1/context.go:173
github.com/Gopherlinzy/gin-vue3-admin/app/http/middlewares.Logger.func1
	/Users/admin/go/src/gin-vue3-admin/app/http/middlewares/logger.go:47
github.com/gin-gonic/gin.(*Context).Next
	/Users/admin/go/pkg/mod/github.com/gin-gonic/gin@v1.8.1/context.go:173
github.com/gin-gonic/gin.(*Engine).handleHTTPRequest
	/Users/admin/go/pkg/mod/github.com/gin-gonic/gin@v1.8.1/gin.go:616
github.com/gin-gonic/gin.(*Engine).ServeHTTP
	/Users/admin/go/pkg/mod/github.com/gin-gonic/gin@v1.8.1/gin.go:572
net/http.serverHandler.ServeHTTP
	/opt/homebrew/Cellar/go/1.19.3/libexec/src/net/http/server.go:2947
net/http.(*conn).serve
	/opt/homebrew/Cellar/go/1.19.3/libexec/src/net/http/server.go:1991
2022-12-13 12:50:05	[31mERROR[0m	middlewares/logger.go:75	HTTP Error 500	{"status": 500, "request": "PUT /api/v1/menus", "query": "", "ip": "127.0.0.1", "user-agent": "Mozilla/5.0 (Macintosh; Intel Mac OS X 10_15_7) AppleWebKit/537.36 (KHTML, like Gecko) Chrome/108.0.0.0 Safari/537.36", "errors": "", "time": "8.000ms", "Request Body": "{\"id\":\"\",\"name\":\"qweasd\",\"permissions\":\"\",\"router_name\":\"asdas\",\"router_path\":\"qweqw\",\"vue_path\":\"dasdas\",\"status\":\"true\",\"created_at\":\"2022-12-13T12:49:51+08:00\",\"updated_at\":\"2022-12-13T12:49:51+08:00\",\"deleted_at\":null,\"permission\":\"qweqwd\",\"father_id\":\"0\"}", "Response Body": "{\"message\":\"更新失败，请稍后尝试~\"}"}
github.com/Gopherlinzy/gin-vue3-admin/app/http/middlewares.Logger.func1
	/Users/admin/go/src/gin-vue3-admin/app/http/middlewares/logger.go:75
github.com/gin-gonic/gin.(*Context).Next
	/Users/admin/go/pkg/mod/github.com/gin-gonic/gin@v1.8.1/context.go:173
github.com/gin-gonic/gin.(*Engine).handleHTTPRequest
	/Users/admin/go/pkg/mod/github.com/gin-gonic/gin@v1.8.1/gin.go:616
github.com/gin-gonic/gin.(*Engine).ServeHTTP
	/Users/admin/go/pkg/mod/github.com/gin-gonic/gin@v1.8.1/gin.go:572
net/http.serverHandler.ServeHTTP
	/opt/homebrew/Cellar/go/1.19.3/libexec/src/net/http/server.go:2947
net/http.(*conn).serve
	/opt/homebrew/Cellar/go/1.19.3/libexec/src/net/http/server.go:1991
