2022-12-07 11:28:12	[31mERROR[0m	gorm@v1.24.1/callbacks.go:134	Database Error	{"sql": "UPDATE `roles` SET `deleted_at`='2022-12-07 11:28:12.303' WHERE `roles`.`deleted_at` IS NULL", "time": "0.000ms", "rows": 0, "error": "WHERE conditions required"}
gorm.io/gorm.(*processor).Execute
	/Users/admin/go/pkg/mod/gorm.io/gorm@v1.24.1/callbacks.go:134
gorm.io/gorm.(*DB).Delete
	/Users/admin/go/pkg/mod/gorm.io/gorm@v1.24.1/finisher_api.go:406
github.com/Gopherlinzy/gin-vue3-admin/app/models/role.(*Role).Delete
	/Users/admin/go/src/gin-vue3-admin/app/models/role/role_model.go:29
github.com/Gopherlinzy/gin-vue3-admin/app/http/controllers/api/v1.(*RolesController).Delete
	/Users/admin/go/src/gin-vue3-admin/app/http/controllers/api/v1/roles_controller.go:93
github.com/gin-gonic/gin.(*Context).Next
	/Users/admin/go/pkg/mod/github.com/gin-gonic/gin@v1.8.1/context.go:173
github.com/Gopherlinzy/gin-vue3-admin/app/http/middlewares.CasbinAPI.func1
	/Users/admin/go/src/gin-vue3-admin/app/http/middlewares/casbin.go:36
github.com/gin-gonic/gin.(*Context).Next
	/Users/admin/go/pkg/mod/github.com/gin-gonic/gin@v1.8.1/context.go:173
github.com/Gopherlinzy/gin-vue3-admin/app/http/middlewares.AuthJWT.func1
	/Users/admin/go/src/gin-vue3-admin/app/http/middlewares/auth_jwt.go:37
github.com/gin-gonic/gin.(*Context).Next
	/Users/admin/go/pkg/mod/github.com/gin-gonic/gin@v1.8.1/context.go:173
github.com/Gopherlinzy/gin-vue3-admin/app/http/middlewares.LimitIP.func1
	/Users/admin/go/src/gin-vue3-admin/app/http/middlewares/limit.go:30
github.com/gin-gonic/gin.(*Context).Next
	/Users/admin/go/pkg/mod/github.com/gin-gonic/gin@v1.8.1/context.go:173
github.com/Gopherlinzy/gin-vue3-admin/app/http/middlewares.ForceUA.func1
	/Users/admin/go/src/gin-vue3-admin/app/http/middlewares/force_ua.go:19
github.com/gin-gonic/gin.(*Context).Next
	/Users/admin/go/pkg/mod/github.com/gin-gonic/gin@v1.8.1/context.go:173
github.com/Gopherlinzy/gin-vue3-admin/app/http/middlewares.Recovery.func1
	/Users/admin/go/src/gin-vue3-admin/app/http/middlewares/recovery.go:63
github.com/gin-gonic/gin.(*Context).Next
	/Users/admin/go/pkg/mod/github.com/gin-gonic/gin@v1.8.1/context.go:173
github.com/Gopherlinzy/gin-vue3-admin/app/http/middlewares.Logger.func1
	/Users/admin/go/src/gin-vue3-admin/app/http/middlewares/logger.go:47
github.com/gin-gonic/gin.(*Context).Next
	/Users/admin/go/pkg/mod/github.com/gin-gonic/gin@v1.8.1/context.go:173
github.com/gin-gonic/gin.(*Engine).handleHTTPRequest
	/Users/admin/go/pkg/mod/github.com/gin-gonic/gin@v1.8.1/gin.go:616
github.com/gin-gonic/gin.(*Engine).ServeHTTP
	/Users/admin/go/pkg/mod/github.com/gin-gonic/gin@v1.8.1/gin.go:572
net/http.serverHandler.ServeHTTP
	/opt/homebrew/Cellar/go/1.19.3/libexec/src/net/http/server.go:2947
net/http.(*conn).serve
	/opt/homebrew/Cellar/go/1.19.3/libexec/src/net/http/server.go:1991
2022-12-07 11:28:12	[31mERROR[0m	middlewares/logger.go:75	HTTP Error 500	{"status": 500, "request": "DELETE /api/v1/roles", "query": "", "ip": "127.0.0.1", "user-agent": "Mozilla/5.0 (Macintosh; Intel Mac OS X 10_15_7) AppleWebKit/537.36 (KHTML, like Gecko) Chrome/107.0.0.0 Safari/537.36", "errors": "", "time": "7.000ms", "Request Body": "{\"id\":\"9\"}", "Response Body": "{\"message\":\"删除失败，请稍后尝试~\"}"}
github.com/Gopherlinzy/gin-vue3-admin/app/http/middlewares.Logger.func1
	/Users/admin/go/src/gin-vue3-admin/app/http/middlewares/logger.go:75
github.com/gin-gonic/gin.(*Context).Next
	/Users/admin/go/pkg/mod/github.com/gin-gonic/gin@v1.8.1/context.go:173
github.com/gin-gonic/gin.(*Engine).handleHTTPRequest
	/Users/admin/go/pkg/mod/github.com/gin-gonic/gin@v1.8.1/gin.go:616
github.com/gin-gonic/gin.(*Engine).ServeHTTP
	/Users/admin/go/pkg/mod/github.com/gin-gonic/gin@v1.8.1/gin.go:572
net/http.serverHandler.ServeHTTP
	/opt/homebrew/Cellar/go/1.19.3/libexec/src/net/http/server.go:2947
net/http.(*conn).serve
	/opt/homebrew/Cellar/go/1.19.3/libexec/src/net/http/server.go:1991
2022-12-07 11:53:35	[31mERROR[0m	gorm@v1.24.1/callbacks.go:134	Database Error	{"sql": "INSERT INTO `roles` (`role_name`,`des`,`status`,`created_at`,`updated_at`,`deleted_at`) VALUES ('1111','',false,'2022-12-07 11:53:35.677','2022-12-07 11:53:35.677',NULL)", "time": "2.000ms", "rows": 0, "error": "Error 1062: Duplicate entry '1111' for key 'roles.role_name'"}
gorm.io/gorm.(*processor).Execute
	/Users/admin/go/pkg/mod/gorm.io/gorm@v1.24.1/callbacks.go:134
gorm.io/gorm.(*DB).Create
	/Users/admin/go/pkg/mod/gorm.io/gorm@v1.24.1/finisher_api.go:24
github.com/Gopherlinzy/gin-vue3-admin/app/models/role.(*Role).Create
	/Users/admin/go/src/gin-vue3-admin/app/models/role/role_model.go:20
github.com/Gopherlinzy/gin-vue3-admin/app/http/controllers/api/v1.(*RolesController).Store
	/Users/admin/go/src/gin-vue3-admin/app/http/controllers/api/v1/roles_controller.go:54
github.com/gin-gonic/gin.(*Context).Next
	/Users/admin/go/pkg/mod/github.com/gin-gonic/gin@v1.8.1/context.go:173
github.com/Gopherlinzy/gin-vue3-admin/app/http/middlewares.CasbinAPI.func1
	/Users/admin/go/src/gin-vue3-admin/app/http/middlewares/casbin.go:36
github.com/gin-gonic/gin.(*Context).Next
	/Users/admin/go/pkg/mod/github.com/gin-gonic/gin@v1.8.1/context.go:173
github.com/Gopherlinzy/gin-vue3-admin/app/http/middlewares.AuthJWT.func1
	/Users/admin/go/src/gin-vue3-admin/app/http/middlewares/auth_jwt.go:37
github.com/gin-gonic/gin.(*Context).Next
	/Users/admin/go/pkg/mod/github.com/gin-gonic/gin@v1.8.1/context.go:173
github.com/Gopherlinzy/gin-vue3-admin/app/http/middlewares.LimitIP.func1
	/Users/admin/go/src/gin-vue3-admin/app/http/middlewares/limit.go:30
github.com/gin-gonic/gin.(*Context).Next
	/Users/admin/go/pkg/mod/github.com/gin-gonic/gin@v1.8.1/context.go:173
github.com/Gopherlinzy/gin-vue3-admin/app/http/middlewares.ForceUA.func1
	/Users/admin/go/src/gin-vue3-admin/app/http/middlewares/force_ua.go:19
github.com/gin-gonic/gin.(*Context).Next
	/Users/admin/go/pkg/mod/github.com/gin-gonic/gin@v1.8.1/context.go:173
github.com/Gopherlinzy/gin-vue3-admin/app/http/middlewares.Recovery.func1
	/Users/admin/go/src/gin-vue3-admin/app/http/middlewares/recovery.go:63
github.com/gin-gonic/gin.(*Context).Next
	/Users/admin/go/pkg/mod/github.com/gin-gonic/gin@v1.8.1/context.go:173
github.com/Gopherlinzy/gin-vue3-admin/app/http/middlewares.Logger.func1
	/Users/admin/go/src/gin-vue3-admin/app/http/middlewares/logger.go:47
github.com/gin-gonic/gin.(*Context).Next
	/Users/admin/go/pkg/mod/github.com/gin-gonic/gin@v1.8.1/context.go:173
github.com/gin-gonic/gin.(*Engine).handleHTTPRequest
	/Users/admin/go/pkg/mod/github.com/gin-gonic/gin@v1.8.1/gin.go:616
github.com/gin-gonic/gin.(*Engine).ServeHTTP
	/Users/admin/go/pkg/mod/github.com/gin-gonic/gin@v1.8.1/gin.go:572
net/http.serverHandler.ServeHTTP
	/opt/homebrew/Cellar/go/1.19.3/libexec/src/net/http/server.go:2947
net/http.(*conn).serve
	/opt/homebrew/Cellar/go/1.19.3/libexec/src/net/http/server.go:1991
2022-12-07 11:53:35	[31mERROR[0m	middlewares/logger.go:75	HTTP Error 500	{"status": 500, "request": "POST /api/v1/roles", "query": "", "ip": "127.0.0.1", "user-agent": "Mozilla/5.0 (Macintosh; Intel Mac OS X 10_15_7) AppleWebKit/537.36 (KHTML, like Gecko) Chrome/107.0.0.0 Safari/537.36", "errors": "", "time": "8.000ms", "Request Body": "{\"id\":\"\",\"role_name\":\"1111\",\"des\":\"\"}", "Response Body": "{\"message\":\"创建失败，请稍后尝试~\"}"}
github.com/Gopherlinzy/gin-vue3-admin/app/http/middlewares.Logger.func1
	/Users/admin/go/src/gin-vue3-admin/app/http/middlewares/logger.go:75
github.com/gin-gonic/gin.(*Context).Next
	/Users/admin/go/pkg/mod/github.com/gin-gonic/gin@v1.8.1/context.go:173
github.com/gin-gonic/gin.(*Engine).handleHTTPRequest
	/Users/admin/go/pkg/mod/github.com/gin-gonic/gin@v1.8.1/gin.go:616
github.com/gin-gonic/gin.(*Engine).ServeHTTP
	/Users/admin/go/pkg/mod/github.com/gin-gonic/gin@v1.8.1/gin.go:572
net/http.serverHandler.ServeHTTP
	/opt/homebrew/Cellar/go/1.19.3/libexec/src/net/http/server.go:2947
net/http.(*conn).serve
	/opt/homebrew/Cellar/go/1.19.3/libexec/src/net/http/server.go:1991
2022-12-07 11:53:43	[31mERROR[0m	gorm@v1.24.1/callbacks.go:134	Database Error	{"sql": "INSERT INTO `roles` (`role_name`,`des`,`status`,`created_at`,`updated_at`,`deleted_at`) VALUES ('11111','',false,'2022-12-07 11:53:43.435','2022-12-07 11:53:43.435',NULL)", "time": "1.000ms", "rows": 0, "error": "Error 1062: Duplicate entry '11111' for key 'roles.role_name'"}
gorm.io/gorm.(*processor).Execute
	/Users/admin/go/pkg/mod/gorm.io/gorm@v1.24.1/callbacks.go:134
gorm.io/gorm.(*DB).Create
	/Users/admin/go/pkg/mod/gorm.io/gorm@v1.24.1/finisher_api.go:24
github.com/Gopherlinzy/gin-vue3-admin/app/models/role.(*Role).Create
	/Users/admin/go/src/gin-vue3-admin/app/models/role/role_model.go:20
github.com/Gopherlinzy/gin-vue3-admin/app/http/controllers/api/v1.(*RolesController).Store
	/Users/admin/go/src/gin-vue3-admin/app/http/controllers/api/v1/roles_controller.go:54
github.com/gin-gonic/gin.(*Context).Next
	/Users/admin/go/pkg/mod/github.com/gin-gonic/gin@v1.8.1/context.go:173
github.com/Gopherlinzy/gin-vue3-admin/app/http/middlewares.CasbinAPI.func1
	/Users/admin/go/src/gin-vue3-admin/app/http/middlewares/casbin.go:36
github.com/gin-gonic/gin.(*Context).Next
	/Users/admin/go/pkg/mod/github.com/gin-gonic/gin@v1.8.1/context.go:173
github.com/Gopherlinzy/gin-vue3-admin/app/http/middlewares.AuthJWT.func1
	/Users/admin/go/src/gin-vue3-admin/app/http/middlewares/auth_jwt.go:37
github.com/gin-gonic/gin.(*Context).Next
	/Users/admin/go/pkg/mod/github.com/gin-gonic/gin@v1.8.1/context.go:173
github.com/Gopherlinzy/gin-vue3-admin/app/http/middlewares.LimitIP.func1
	/Users/admin/go/src/gin-vue3-admin/app/http/middlewares/limit.go:30
github.com/gin-gonic/gin.(*Context).Next
	/Users/admin/go/pkg/mod/github.com/gin-gonic/gin@v1.8.1/context.go:173
github.com/Gopherlinzy/gin-vue3-admin/app/http/middlewares.ForceUA.func1
	/Users/admin/go/src/gin-vue3-admin/app/http/middlewares/force_ua.go:19
github.com/gin-gonic/gin.(*Context).Next
	/Users/admin/go/pkg/mod/github.com/gin-gonic/gin@v1.8.1/context.go:173
github.com/Gopherlinzy/gin-vue3-admin/app/http/middlewares.Recovery.func1
	/Users/admin/go/src/gin-vue3-admin/app/http/middlewares/recovery.go:63
github.com/gin-gonic/gin.(*Context).Next
	/Users/admin/go/pkg/mod/github.com/gin-gonic/gin@v1.8.1/context.go:173
github.com/Gopherlinzy/gin-vue3-admin/app/http/middlewares.Logger.func1
	/Users/admin/go/src/gin-vue3-admin/app/http/middlewares/logger.go:47
github.com/gin-gonic/gin.(*Context).Next
	/Users/admin/go/pkg/mod/github.com/gin-gonic/gin@v1.8.1/context.go:173
github.com/gin-gonic/gin.(*Engine).handleHTTPRequest
	/Users/admin/go/pkg/mod/github.com/gin-gonic/gin@v1.8.1/gin.go:616
github.com/gin-gonic/gin.(*Engine).ServeHTTP
	/Users/admin/go/pkg/mod/github.com/gin-gonic/gin@v1.8.1/gin.go:572
net/http.serverHandler.ServeHTTP
	/opt/homebrew/Cellar/go/1.19.3/libexec/src/net/http/server.go:2947
net/http.(*conn).serve
	/opt/homebrew/Cellar/go/1.19.3/libexec/src/net/http/server.go:1991
2022-12-07 11:53:43	[31mERROR[0m	middlewares/logger.go:75	HTTP Error 500	{"status": 500, "request": "POST /api/v1/roles", "query": "", "ip": "127.0.0.1", "user-agent": "Mozilla/5.0 (Macintosh; Intel Mac OS X 10_15_7) AppleWebKit/537.36 (KHTML, like Gecko) Chrome/107.0.0.0 Safari/537.36", "errors": "", "time": "6.000ms", "Request Body": "{\"id\":\"\",\"role_name\":\"11111\",\"des\":\"\"}", "Response Body": "{\"message\":\"创建失败，请稍后尝试~\"}"}
github.com/Gopherlinzy/gin-vue3-admin/app/http/middlewares.Logger.func1
	/Users/admin/go/src/gin-vue3-admin/app/http/middlewares/logger.go:75
github.com/gin-gonic/gin.(*Context).Next
	/Users/admin/go/pkg/mod/github.com/gin-gonic/gin@v1.8.1/context.go:173
github.com/gin-gonic/gin.(*Engine).handleHTTPRequest
	/Users/admin/go/pkg/mod/github.com/gin-gonic/gin@v1.8.1/gin.go:616
github.com/gin-gonic/gin.(*Engine).ServeHTTP
	/Users/admin/go/pkg/mod/github.com/gin-gonic/gin@v1.8.1/gin.go:572
net/http.serverHandler.ServeHTTP
	/opt/homebrew/Cellar/go/1.19.3/libexec/src/net/http/server.go:2947
net/http.(*conn).serve
	/opt/homebrew/Cellar/go/1.19.3/libexec/src/net/http/server.go:1991
2022-12-07 11:54:39	[31mERROR[0m	gorm@v1.24.1/callbacks.go:134	Database Error	{"sql": "INSERT INTO `roles` (`role_name`,`des`,`status`,`created_at`,`updated_at`,`deleted_at`) VALUES ('1111','',false,'2022-12-07 11:54:39.737','2022-12-07 11:54:39.737',NULL)", "time": "2.000ms", "rows": 0, "error": "Error 1062: Duplicate entry '1111' for key 'roles.role_name'"}
gorm.io/gorm.(*processor).Execute
	/Users/admin/go/pkg/mod/gorm.io/gorm@v1.24.1/callbacks.go:134
gorm.io/gorm.(*DB).Create
	/Users/admin/go/pkg/mod/gorm.io/gorm@v1.24.1/finisher_api.go:24
github.com/Gopherlinzy/gin-vue3-admin/app/models/role.(*Role).Create
	/Users/admin/go/src/gin-vue3-admin/app/models/role/role_model.go:20
github.com/Gopherlinzy/gin-vue3-admin/app/http/controllers/api/v1.(*RolesController).Store
	/Users/admin/go/src/gin-vue3-admin/app/http/controllers/api/v1/roles_controller.go:54
github.com/gin-gonic/gin.(*Context).Next
	/Users/admin/go/pkg/mod/github.com/gin-gonic/gin@v1.8.1/context.go:173
github.com/Gopherlinzy/gin-vue3-admin/app/http/middlewares.CasbinAPI.func1
	/Users/admin/go/src/gin-vue3-admin/app/http/middlewares/casbin.go:36
github.com/gin-gonic/gin.(*Context).Next
	/Users/admin/go/pkg/mod/github.com/gin-gonic/gin@v1.8.1/context.go:173
github.com/Gopherlinzy/gin-vue3-admin/app/http/middlewares.AuthJWT.func1
	/Users/admin/go/src/gin-vue3-admin/app/http/middlewares/auth_jwt.go:37
github.com/gin-gonic/gin.(*Context).Next
	/Users/admin/go/pkg/mod/github.com/gin-gonic/gin@v1.8.1/context.go:173
github.com/Gopherlinzy/gin-vue3-admin/app/http/middlewares.LimitIP.func1
	/Users/admin/go/src/gin-vue3-admin/app/http/middlewares/limit.go:30
github.com/gin-gonic/gin.(*Context).Next
	/Users/admin/go/pkg/mod/github.com/gin-gonic/gin@v1.8.1/context.go:173
github.com/Gopherlinzy/gin-vue3-admin/app/http/middlewares.ForceUA.func1
	/Users/admin/go/src/gin-vue3-admin/app/http/middlewares/force_ua.go:19
github.com/gin-gonic/gin.(*Context).Next
	/Users/admin/go/pkg/mod/github.com/gin-gonic/gin@v1.8.1/context.go:173
github.com/Gopherlinzy/gin-vue3-admin/app/http/middlewares.Recovery.func1
	/Users/admin/go/src/gin-vue3-admin/app/http/middlewares/recovery.go:63
github.com/gin-gonic/gin.(*Context).Next
	/Users/admin/go/pkg/mod/github.com/gin-gonic/gin@v1.8.1/context.go:173
github.com/Gopherlinzy/gin-vue3-admin/app/http/middlewares.Logger.func1
	/Users/admin/go/src/gin-vue3-admin/app/http/middlewares/logger.go:47
github.com/gin-gonic/gin.(*Context).Next
	/Users/admin/go/pkg/mod/github.com/gin-gonic/gin@v1.8.1/context.go:173
github.com/gin-gonic/gin.(*Engine).handleHTTPRequest
	/Users/admin/go/pkg/mod/github.com/gin-gonic/gin@v1.8.1/gin.go:616
github.com/gin-gonic/gin.(*Engine).ServeHTTP
	/Users/admin/go/pkg/mod/github.com/gin-gonic/gin@v1.8.1/gin.go:572
net/http.serverHandler.ServeHTTP
	/opt/homebrew/Cellar/go/1.19.3/libexec/src/net/http/server.go:2947
net/http.(*conn).serve
	/opt/homebrew/Cellar/go/1.19.3/libexec/src/net/http/server.go:1991
2022-12-07 11:54:39	[31mERROR[0m	middlewares/logger.go:75	HTTP Error 500	{"status": 500, "request": "POST /api/v1/roles", "query": "", "ip": "127.0.0.1", "user-agent": "Mozilla/5.0 (Macintosh; Intel Mac OS X 10_15_7) AppleWebKit/537.36 (KHTML, like Gecko) Chrome/107.0.0.0 Safari/537.36", "errors": "", "time": "8.000ms", "Request Body": "{\"id\":\"\",\"role_name\":\"1111\",\"des\":\"\"}", "Response Body": "{\"message\":\"创建失败，请稍后尝试~\"}"}
github.com/Gopherlinzy/gin-vue3-admin/app/http/middlewares.Logger.func1
	/Users/admin/go/src/gin-vue3-admin/app/http/middlewares/logger.go:75
github.com/gin-gonic/gin.(*Context).Next
	/Users/admin/go/pkg/mod/github.com/gin-gonic/gin@v1.8.1/context.go:173
github.com/gin-gonic/gin.(*Engine).handleHTTPRequest
	/Users/admin/go/pkg/mod/github.com/gin-gonic/gin@v1.8.1/gin.go:616
github.com/gin-gonic/gin.(*Engine).ServeHTTP
	/Users/admin/go/pkg/mod/github.com/gin-gonic/gin@v1.8.1/gin.go:572
net/http.serverHandler.ServeHTTP
	/opt/homebrew/Cellar/go/1.19.3/libexec/src/net/http/server.go:2947
net/http.(*conn).serve
	/opt/homebrew/Cellar/go/1.19.3/libexec/src/net/http/server.go:1991
2022-12-07 11:55:07	[31mERROR[0m	gorm@v1.24.1/callbacks.go:134	Database Error	{"sql": "INSERT INTO `roles` (`role_name`,`des`,`status`,`created_at`,`updated_at`,`deleted_at`) VALUES ('user2','普通用户2',false,'2022-12-07 11:55:07.564','2022-12-07 11:55:07.564',NULL)", "time": "2.000ms", "rows": 0, "error": "Error 1062: Duplicate entry 'user2' for key 'roles.role_name'"}
gorm.io/gorm.(*processor).Execute
	/Users/admin/go/pkg/mod/gorm.io/gorm@v1.24.1/callbacks.go:134
gorm.io/gorm.(*DB).Create
	/Users/admin/go/pkg/mod/gorm.io/gorm@v1.24.1/finisher_api.go:24
github.com/Gopherlinzy/gin-vue3-admin/app/models/role.(*Role).Create
	/Users/admin/go/src/gin-vue3-admin/app/models/role/role_model.go:20
github.com/Gopherlinzy/gin-vue3-admin/app/http/controllers/api/v1.(*RolesController).Store
	/Users/admin/go/src/gin-vue3-admin/app/http/controllers/api/v1/roles_controller.go:54
github.com/gin-gonic/gin.(*Context).Next
	/Users/admin/go/pkg/mod/github.com/gin-gonic/gin@v1.8.1/context.go:173
github.com/Gopherlinzy/gin-vue3-admin/app/http/middlewares.CasbinAPI.func1
	/Users/admin/go/src/gin-vue3-admin/app/http/middlewares/casbin.go:36
github.com/gin-gonic/gin.(*Context).Next
	/Users/admin/go/pkg/mod/github.com/gin-gonic/gin@v1.8.1/context.go:173
github.com/Gopherlinzy/gin-vue3-admin/app/http/middlewares.AuthJWT.func1
	/Users/admin/go/src/gin-vue3-admin/app/http/middlewares/auth_jwt.go:37
github.com/gin-gonic/gin.(*Context).Next
	/Users/admin/go/pkg/mod/github.com/gin-gonic/gin@v1.8.1/context.go:173
github.com/Gopherlinzy/gin-vue3-admin/app/http/middlewares.LimitIP.func1
	/Users/admin/go/src/gin-vue3-admin/app/http/middlewares/limit.go:30
github.com/gin-gonic/gin.(*Context).Next
	/Users/admin/go/pkg/mod/github.com/gin-gonic/gin@v1.8.1/context.go:173
github.com/Gopherlinzy/gin-vue3-admin/app/http/middlewares.ForceUA.func1
	/Users/admin/go/src/gin-vue3-admin/app/http/middlewares/force_ua.go:19
github.com/gin-gonic/gin.(*Context).Next
	/Users/admin/go/pkg/mod/github.com/gin-gonic/gin@v1.8.1/context.go:173
github.com/Gopherlinzy/gin-vue3-admin/app/http/middlewares.Recovery.func1
	/Users/admin/go/src/gin-vue3-admin/app/http/middlewares/recovery.go:63
github.com/gin-gonic/gin.(*Context).Next
	/Users/admin/go/pkg/mod/github.com/gin-gonic/gin@v1.8.1/context.go:173
github.com/Gopherlinzy/gin-vue3-admin/app/http/middlewares.Logger.func1
	/Users/admin/go/src/gin-vue3-admin/app/http/middlewares/logger.go:47
github.com/gin-gonic/gin.(*Context).Next
	/Users/admin/go/pkg/mod/github.com/gin-gonic/gin@v1.8.1/context.go:173
github.com/gin-gonic/gin.(*Engine).handleHTTPRequest
	/Users/admin/go/pkg/mod/github.com/gin-gonic/gin@v1.8.1/gin.go:616
github.com/gin-gonic/gin.(*Engine).ServeHTTP
	/Users/admin/go/pkg/mod/github.com/gin-gonic/gin@v1.8.1/gin.go:572
net/http.serverHandler.ServeHTTP
	/opt/homebrew/Cellar/go/1.19.3/libexec/src/net/http/server.go:2947
net/http.(*conn).serve
	/opt/homebrew/Cellar/go/1.19.3/libexec/src/net/http/server.go:1991
2022-12-07 11:55:07	[31mERROR[0m	middlewares/logger.go:75	HTTP Error 500	{"status": 500, "request": "POST /api/v1/roles", "query": "", "ip": "::1", "user-agent": "PostmanRuntime/7.29.2", "errors": "", "time": "7.000ms", "Request Body": "{\n    \"role_name\":\"user2\",\n    \"des\": \"普通用户2\"\n}", "Response Body": "{\"message\":\"创建失败，请稍后尝试~\"}"}
github.com/Gopherlinzy/gin-vue3-admin/app/http/middlewares.Logger.func1
	/Users/admin/go/src/gin-vue3-admin/app/http/middlewares/logger.go:75
github.com/gin-gonic/gin.(*Context).Next
	/Users/admin/go/pkg/mod/github.com/gin-gonic/gin@v1.8.1/context.go:173
github.com/gin-gonic/gin.(*Engine).handleHTTPRequest
	/Users/admin/go/pkg/mod/github.com/gin-gonic/gin@v1.8.1/gin.go:616
github.com/gin-gonic/gin.(*Engine).ServeHTTP
	/Users/admin/go/pkg/mod/github.com/gin-gonic/gin@v1.8.1/gin.go:572
net/http.serverHandler.ServeHTTP
	/opt/homebrew/Cellar/go/1.19.3/libexec/src/net/http/server.go:2947
net/http.(*conn).serve
	/opt/homebrew/Cellar/go/1.19.3/libexec/src/net/http/server.go:1991
2022-12-07 21:12:00	[31mERROR[0m	gorm@v1.24.1/callbacks.go:134	Database Error	{"sql": "ALTER TABLE `roles` MODIFY COLUMN `role_name` longtext", "time": "0.000ms", "rows": 0, "error": "Error 1170: BLOB/TEXT column 'role_name' used in key specification without a key length"}
gorm.io/gorm.(*processor).Execute
	/Users/admin/go/pkg/mod/gorm.io/gorm@v1.24.1/callbacks.go:134
gorm.io/gorm.(*DB).Exec
	/Users/admin/go/pkg/mod/gorm.io/gorm@v1.24.1/finisher_api.go:707
gorm.io/driver/mysql.Migrator.AlterColumn.func1
	/Users/admin/go/pkg/mod/gorm.io/driver/mysql@v1.4.4/migrator.go:52
gorm.io/gorm/migrator.Migrator.RunWithValue
	/Users/admin/go/pkg/mod/gorm.io/gorm@v1.24.1/migrator/migrator.go:52
gorm.io/driver/mysql.Migrator.AlterColumn
	/Users/admin/go/pkg/mod/gorm.io/driver/mysql@v1.4.4/migrator.go:50
gorm.io/gorm/migrator.Migrator.MigrateColumn
	/Users/admin/go/pkg/mod/gorm.io/gorm@v1.24.1/migrator/migrator.go:498
gorm.io/gorm/migrator.Migrator.AutoMigrate.func1
	/Users/admin/go/pkg/mod/gorm.io/gorm@v1.24.1/migrator/migrator.go:123
gorm.io/gorm/migrator.Migrator.RunWithValue
	/Users/admin/go/pkg/mod/gorm.io/gorm@v1.24.1/migrator/migrator.go:52
gorm.io/gorm/migrator.Migrator.AutoMigrate
	/Users/admin/go/pkg/mod/gorm.io/gorm@v1.24.1/migrator/migrator.go:101
github.com/Gopherlinzy/gin-vue3-admin/database/migrations.init.6.func1
	/Users/admin/go/src/gin-vue3-admin/database/migrations/2022_12_07_210542_add_menus_table.go:29
github.com/Gopherlinzy/gin-vue3-admin/pkg/migrate.(*Migrator).runUpMigration
	/Users/admin/go/src/gin-vue3-admin/pkg/migrate/migrator.go:213
github.com/Gopherlinzy/gin-vue3-admin/pkg/migrate.(*Migrator).Up
	/Users/admin/go/src/gin-vue3-admin/pkg/migrate/migrator.go:71
github.com/Gopherlinzy/gin-vue3-admin/app/cmd.runUp
	/Users/admin/go/src/gin-vue3-admin/app/cmd/migrate.go:65
github.com/spf13/cobra.(*Command).execute
	/Users/admin/go/pkg/mod/github.com/spf13/cobra@v1.6.1/command.go:920
github.com/spf13/cobra.(*Command).ExecuteC
	/Users/admin/go/pkg/mod/github.com/spf13/cobra@v1.6.1/command.go:1044
github.com/spf13/cobra.(*Command).Execute
	/Users/admin/go/pkg/mod/github.com/spf13/cobra@v1.6.1/command.go:968
main.main
	/Users/admin/go/src/gin-vue3-admin/main.go:64
runtime.main
	/opt/homebrew/Cellar/go/1.19.3/libexec/src/runtime/proc.go:250
2022-12-07 21:12:00	[31mERROR[0m	gorm@v1.24.1/callbacks.go:134	Database Error	{"sql": "ALTER TABLE `roles` MODIFY COLUMN `role_name` longtext", "time": "0.000ms", "rows": 0, "error": "Error 1170: BLOB/TEXT column 'role_name' used in key specification without a key length"}
gorm.io/gorm.(*processor).Execute
	/Users/admin/go/pkg/mod/gorm.io/gorm@v1.24.1/callbacks.go:134
gorm.io/gorm.(*DB).Exec
	/Users/admin/go/pkg/mod/gorm.io/gorm@v1.24.1/finisher_api.go:707
gorm.io/driver/mysql.Migrator.AlterColumn.func1
	/Users/admin/go/pkg/mod/gorm.io/driver/mysql@v1.4.4/migrator.go:52
gorm.io/gorm/migrator.Migrator.RunWithValue
	/Users/admin/go/pkg/mod/gorm.io/gorm@v1.24.1/migrator/migrator.go:52
gorm.io/driver/mysql.Migrator.AlterColumn
	/Users/admin/go/pkg/mod/gorm.io/driver/mysql@v1.4.4/migrator.go:50
gorm.io/gorm/migrator.Migrator.MigrateColumn
	/Users/admin/go/pkg/mod/gorm.io/gorm@v1.24.1/migrator/migrator.go:498
gorm.io/gorm/migrator.Migrator.AutoMigrate.func1
	/Users/admin/go/pkg/mod/gorm.io/gorm@v1.24.1/migrator/migrator.go:123
gorm.io/gorm/migrator.Migrator.RunWithValue
	/Users/admin/go/pkg/mod/gorm.io/gorm@v1.24.1/migrator/migrator.go:52
gorm.io/gorm/migrator.Migrator.AutoMigrate
	/Users/admin/go/pkg/mod/gorm.io/gorm@v1.24.1/migrator/migrator.go:101
github.com/Gopherlinzy/gin-vue3-admin/database/migrations.init.7.func1
	/Users/admin/go/src/gin-vue3-admin/database/migrations/2022_12_07_210614_add_apis_table.go:28
github.com/Gopherlinzy/gin-vue3-admin/pkg/migrate.(*Migrator).runUpMigration
	/Users/admin/go/src/gin-vue3-admin/pkg/migrate/migrator.go:213
github.com/Gopherlinzy/gin-vue3-admin/pkg/migrate.(*Migrator).Up
	/Users/admin/go/src/gin-vue3-admin/pkg/migrate/migrator.go:71
github.com/Gopherlinzy/gin-vue3-admin/app/cmd.runUp
	/Users/admin/go/src/gin-vue3-admin/app/cmd/migrate.go:65
github.com/spf13/cobra.(*Command).execute
	/Users/admin/go/pkg/mod/github.com/spf13/cobra@v1.6.1/command.go:920
github.com/spf13/cobra.(*Command).ExecuteC
	/Users/admin/go/pkg/mod/github.com/spf13/cobra@v1.6.1/command.go:1044
github.com/spf13/cobra.(*Command).Execute
	/Users/admin/go/pkg/mod/github.com/spf13/cobra@v1.6.1/command.go:968
main.main
	/Users/admin/go/src/gin-vue3-admin/main.go:64
runtime.main
	/opt/homebrew/Cellar/go/1.19.3/libexec/src/runtime/proc.go:250
