2022-12-11 10:57:18	[31mERROR[0m	gorm@v1.24.1/callbacks.go:134	Database Error	{"sql": "INSERT INTO `roles_menus` (`role_id`,`menu_id`) VALUES (5,8),(5,9),(5,10),(5,11),(5,12),(5,13),(5,14),(5,15) ON DUPLICATE KEY UPDATE `role_id`=`role_id`", "time": "3.000ms", "rows": 0, "error": "Error 1452: Cannot add or update a child row: a foreign key constraint fails (`gohub`.`roles_menus`, CONSTRAINT `fk_roles_menus_menu` FOREIGN KEY (`menu_id`) REFERENCES `menus` (`id`))"}
gorm.io/gorm.(*processor).Execute
	/Users/admin/go/pkg/mod/gorm.io/gorm@v1.24.1/callbacks.go:134
gorm.io/gorm.(*DB).Create
	/Users/admin/go/pkg/mod/gorm.io/gorm@v1.24.1/finisher_api.go:24
gorm.io/gorm/callbacks.SaveAfterAssociations.func1
	/Users/admin/go/pkg/mod/gorm.io/gorm@v1.24.1/callbacks/associations.go:338
gorm.io/gorm.(*processor).Execute
	/Users/admin/go/pkg/mod/gorm.io/gorm@v1.24.1/callbacks.go:130
gorm.io/gorm.(*DB).Updates
	/Users/admin/go/pkg/mod/gorm.io/gorm@v1.24.1/finisher_api.go:378
gorm.io/gorm.(*Association).saveAssociation
	/Users/admin/go/pkg/mod/gorm.io/gorm@v1.24.1/association.go:482
gorm.io/gorm.(*Association).Append
	/Users/admin/go/pkg/mod/gorm.io/gorm@v1.24.1/association.go:58
github.com/Gopherlinzy/gin-vue3-admin/app/models/role.(*Role).AppendAssociation
	/Users/admin/go/src/gin-vue3-admin/app/models/role/role_model.go:61
github.com/Gopherlinzy/gin-vue3-admin/app/http/controllers/api/v1.(*RolesController).SetMenuPermissions
	/Users/admin/go/src/gin-vue3-admin/app/http/controllers/api/v1/roles_controller.go:129
github.com/gin-gonic/gin.(*Context).Next
	/Users/admin/go/pkg/mod/github.com/gin-gonic/gin@v1.8.1/context.go:173
github.com/Gopherlinzy/gin-vue3-admin/app/http/middlewares.CasbinAPI.func1
	/Users/admin/go/src/gin-vue3-admin/app/http/middlewares/casbin.go:36
github.com/gin-gonic/gin.(*Context).Next
	/Users/admin/go/pkg/mod/github.com/gin-gonic/gin@v1.8.1/context.go:173
github.com/Gopherlinzy/gin-vue3-admin/app/http/middlewares.AuthJWT.func1
	/Users/admin/go/src/gin-vue3-admin/app/http/middlewares/auth_jwt.go:37
github.com/gin-gonic/gin.(*Context).Next
	/Users/admin/go/pkg/mod/github.com/gin-gonic/gin@v1.8.1/context.go:173
github.com/Gopherlinzy/gin-vue3-admin/app/http/middlewares.LimitIP.func1
	/Users/admin/go/src/gin-vue3-admin/app/http/middlewares/limit.go:30
github.com/gin-gonic/gin.(*Context).Next
	/Users/admin/go/pkg/mod/github.com/gin-gonic/gin@v1.8.1/context.go:173
github.com/Gopherlinzy/gin-vue3-admin/app/http/middlewares.ForceUA.func1
	/Users/admin/go/src/gin-vue3-admin/app/http/middlewares/force_ua.go:19
github.com/gin-gonic/gin.(*Context).Next
	/Users/admin/go/pkg/mod/github.com/gin-gonic/gin@v1.8.1/context.go:173
github.com/Gopherlinzy/gin-vue3-admin/app/http/middlewares.Recovery.func1
	/Users/admin/go/src/gin-vue3-admin/app/http/middlewares/recovery.go:63
github.com/gin-gonic/gin.(*Context).Next
	/Users/admin/go/pkg/mod/github.com/gin-gonic/gin@v1.8.1/context.go:173
github.com/Gopherlinzy/gin-vue3-admin/app/http/middlewares.Logger.func1
	/Users/admin/go/src/gin-vue3-admin/app/http/middlewares/logger.go:47
github.com/gin-gonic/gin.(*Context).Next
	/Users/admin/go/pkg/mod/github.com/gin-gonic/gin@v1.8.1/context.go:173
github.com/gin-gonic/gin.(*Engine).handleHTTPRequest
	/Users/admin/go/pkg/mod/github.com/gin-gonic/gin@v1.8.1/gin.go:616
github.com/gin-gonic/gin.(*Engine).ServeHTTP
	/Users/admin/go/pkg/mod/github.com/gin-gonic/gin@v1.8.1/gin.go:572
net/http.serverHandler.ServeHTTP
	/opt/homebrew/Cellar/go/1.19.3/libexec/src/net/http/server.go:2947
net/http.(*conn).serve
	/opt/homebrew/Cellar/go/1.19.3/libexec/src/net/http/server.go:1991
2022-12-11 10:57:18	[31mERROR[0m	gorm@v1.24.1/callbacks.go:134	Database Error	{"sql": "UPDATE `roles` SET `updated_at`='2022-12-11 10:57:18.813' WHERE `roles`.`deleted_at` IS NULL AND `id` = 5", "time": "11.000ms", "rows": 1, "error": "Error 1452: Cannot add or update a child row: a foreign key constraint fails (`gohub`.`roles_menus`, CONSTRAINT `fk_roles_menus_menu` FOREIGN KEY (`menu_id`) REFERENCES `menus` (`id`))"}
gorm.io/gorm.(*processor).Execute
	/Users/admin/go/pkg/mod/gorm.io/gorm@v1.24.1/callbacks.go:134
gorm.io/gorm.(*DB).Updates
	/Users/admin/go/pkg/mod/gorm.io/gorm@v1.24.1/finisher_api.go:378
gorm.io/gorm.(*Association).saveAssociation
	/Users/admin/go/pkg/mod/gorm.io/gorm@v1.24.1/association.go:482
gorm.io/gorm.(*Association).Append
	/Users/admin/go/pkg/mod/gorm.io/gorm@v1.24.1/association.go:58
github.com/Gopherlinzy/gin-vue3-admin/app/models/role.(*Role).AppendAssociation
	/Users/admin/go/src/gin-vue3-admin/app/models/role/role_model.go:61
github.com/Gopherlinzy/gin-vue3-admin/app/http/controllers/api/v1.(*RolesController).SetMenuPermissions
	/Users/admin/go/src/gin-vue3-admin/app/http/controllers/api/v1/roles_controller.go:129
github.com/gin-gonic/gin.(*Context).Next
	/Users/admin/go/pkg/mod/github.com/gin-gonic/gin@v1.8.1/context.go:173
github.com/Gopherlinzy/gin-vue3-admin/app/http/middlewares.CasbinAPI.func1
	/Users/admin/go/src/gin-vue3-admin/app/http/middlewares/casbin.go:36
github.com/gin-gonic/gin.(*Context).Next
	/Users/admin/go/pkg/mod/github.com/gin-gonic/gin@v1.8.1/context.go:173
github.com/Gopherlinzy/gin-vue3-admin/app/http/middlewares.AuthJWT.func1
	/Users/admin/go/src/gin-vue3-admin/app/http/middlewares/auth_jwt.go:37
github.com/gin-gonic/gin.(*Context).Next
	/Users/admin/go/pkg/mod/github.com/gin-gonic/gin@v1.8.1/context.go:173
github.com/Gopherlinzy/gin-vue3-admin/app/http/middlewares.LimitIP.func1
	/Users/admin/go/src/gin-vue3-admin/app/http/middlewares/limit.go:30
github.com/gin-gonic/gin.(*Context).Next
	/Users/admin/go/pkg/mod/github.com/gin-gonic/gin@v1.8.1/context.go:173
github.com/Gopherlinzy/gin-vue3-admin/app/http/middlewares.ForceUA.func1
	/Users/admin/go/src/gin-vue3-admin/app/http/middlewares/force_ua.go:19
github.com/gin-gonic/gin.(*Context).Next
	/Users/admin/go/pkg/mod/github.com/gin-gonic/gin@v1.8.1/context.go:173
github.com/Gopherlinzy/gin-vue3-admin/app/http/middlewares.Recovery.func1
	/Users/admin/go/src/gin-vue3-admin/app/http/middlewares/recovery.go:63
github.com/gin-gonic/gin.(*Context).Next
	/Users/admin/go/pkg/mod/github.com/gin-gonic/gin@v1.8.1/context.go:173
github.com/Gopherlinzy/gin-vue3-admin/app/http/middlewares.Logger.func1
	/Users/admin/go/src/gin-vue3-admin/app/http/middlewares/logger.go:47
github.com/gin-gonic/gin.(*Context).Next
	/Users/admin/go/pkg/mod/github.com/gin-gonic/gin@v1.8.1/context.go:173
github.com/gin-gonic/gin.(*Engine).handleHTTPRequest
	/Users/admin/go/pkg/mod/github.com/gin-gonic/gin@v1.8.1/gin.go:616
github.com/gin-gonic/gin.(*Engine).ServeHTTP
	/Users/admin/go/pkg/mod/github.com/gin-gonic/gin@v1.8.1/gin.go:572
net/http.serverHandler.ServeHTTP
	/opt/homebrew/Cellar/go/1.19.3/libexec/src/net/http/server.go:2947
net/http.(*conn).serve
	/opt/homebrew/Cellar/go/1.19.3/libexec/src/net/http/server.go:1991
2022-12-11 10:57:18	[31mERROR[0m	middlewares/logger.go:75	HTTP Error 500	{"status": 500, "request": "PUT /api/v1/roles/menuPermissions", "query": "", "ip": "127.0.0.1", "user-agent": "Mozilla/5.0 (Macintosh; Intel Mac OS X 10_15_7) AppleWebKit/537.36 (KHTML, like Gecko) Chrome/108.0.0.0 Safari/537.36", "errors": "", "time": "15.000ms", "Request Body": "{\"id\":\"5\",\"permissions\":[\"8\",\"9\",\"10\",\"11\",\"12\",\"13\",\"14\",\"15\"]}", "Response Body": "{\"message\":\"创建失败，请稍后尝试~\"}"}
github.com/Gopherlinzy/gin-vue3-admin/app/http/middlewares.Logger.func1
	/Users/admin/go/src/gin-vue3-admin/app/http/middlewares/logger.go:75
github.com/gin-gonic/gin.(*Context).Next
	/Users/admin/go/pkg/mod/github.com/gin-gonic/gin@v1.8.1/context.go:173
github.com/gin-gonic/gin.(*Engine).handleHTTPRequest
	/Users/admin/go/pkg/mod/github.com/gin-gonic/gin@v1.8.1/gin.go:616
github.com/gin-gonic/gin.(*Engine).ServeHTTP
	/Users/admin/go/pkg/mod/github.com/gin-gonic/gin@v1.8.1/gin.go:572
net/http.serverHandler.ServeHTTP
	/opt/homebrew/Cellar/go/1.19.3/libexec/src/net/http/server.go:2947
net/http.(*conn).serve
	/opt/homebrew/Cellar/go/1.19.3/libexec/src/net/http/server.go:1991
2022-12-11 10:59:19	[31mERROR[0m	gorm@v1.24.1/callbacks.go:134	Database Error	{"sql": "INSERT INTO `roles_menus` (`role_id`,`menu_id`) VALUES (5,8),(5,9),(5,10),(5,11),(5,12),(5,13),(5,14),(5,15) ON DUPLICATE KEY UPDATE `role_id`=`role_id`", "time": "1.000ms", "rows": 0, "error": "Error 1452: Cannot add or update a child row: a foreign key constraint fails (`gohub`.`roles_menus`, CONSTRAINT `fk_roles_menus_menu` FOREIGN KEY (`menu_id`) REFERENCES `menus` (`id`))"}
gorm.io/gorm.(*processor).Execute
	/Users/admin/go/pkg/mod/gorm.io/gorm@v1.24.1/callbacks.go:134
gorm.io/gorm.(*DB).Create
	/Users/admin/go/pkg/mod/gorm.io/gorm@v1.24.1/finisher_api.go:24
gorm.io/gorm/callbacks.SaveAfterAssociations.func1
	/Users/admin/go/pkg/mod/gorm.io/gorm@v1.24.1/callbacks/associations.go:338
gorm.io/gorm.(*processor).Execute
	/Users/admin/go/pkg/mod/gorm.io/gorm@v1.24.1/callbacks.go:130
gorm.io/gorm.(*DB).Updates
	/Users/admin/go/pkg/mod/gorm.io/gorm@v1.24.1/finisher_api.go:378
gorm.io/gorm.(*Association).saveAssociation
	/Users/admin/go/pkg/mod/gorm.io/gorm@v1.24.1/association.go:482
gorm.io/gorm.(*Association).Append
	/Users/admin/go/pkg/mod/gorm.io/gorm@v1.24.1/association.go:58
github.com/Gopherlinzy/gin-vue3-admin/app/models/role.(*Role).AppendAssociation
	/Users/admin/go/src/gin-vue3-admin/app/models/role/role_model.go:61
github.com/Gopherlinzy/gin-vue3-admin/app/http/controllers/api/v1.(*RolesController).SetMenuPermissions
	/Users/admin/go/src/gin-vue3-admin/app/http/controllers/api/v1/roles_controller.go:129
github.com/gin-gonic/gin.(*Context).Next
	/Users/admin/go/pkg/mod/github.com/gin-gonic/gin@v1.8.1/context.go:173
github.com/Gopherlinzy/gin-vue3-admin/app/http/middlewares.CasbinAPI.func1
	/Users/admin/go/src/gin-vue3-admin/app/http/middlewares/casbin.go:36
github.com/gin-gonic/gin.(*Context).Next
	/Users/admin/go/pkg/mod/github.com/gin-gonic/gin@v1.8.1/context.go:173
github.com/Gopherlinzy/gin-vue3-admin/app/http/middlewares.AuthJWT.func1
	/Users/admin/go/src/gin-vue3-admin/app/http/middlewares/auth_jwt.go:37
github.com/gin-gonic/gin.(*Context).Next
	/Users/admin/go/pkg/mod/github.com/gin-gonic/gin@v1.8.1/context.go:173
github.com/Gopherlinzy/gin-vue3-admin/app/http/middlewares.LimitIP.func1
	/Users/admin/go/src/gin-vue3-admin/app/http/middlewares/limit.go:30
github.com/gin-gonic/gin.(*Context).Next
	/Users/admin/go/pkg/mod/github.com/gin-gonic/gin@v1.8.1/context.go:173
github.com/Gopherlinzy/gin-vue3-admin/app/http/middlewares.ForceUA.func1
	/Users/admin/go/src/gin-vue3-admin/app/http/middlewares/force_ua.go:19
github.com/gin-gonic/gin.(*Context).Next
	/Users/admin/go/pkg/mod/github.com/gin-gonic/gin@v1.8.1/context.go:173
github.com/Gopherlinzy/gin-vue3-admin/app/http/middlewares.Recovery.func1
	/Users/admin/go/src/gin-vue3-admin/app/http/middlewares/recovery.go:63
github.com/gin-gonic/gin.(*Context).Next
	/Users/admin/go/pkg/mod/github.com/gin-gonic/gin@v1.8.1/context.go:173
github.com/Gopherlinzy/gin-vue3-admin/app/http/middlewares.Logger.func1
	/Users/admin/go/src/gin-vue3-admin/app/http/middlewares/logger.go:47
github.com/gin-gonic/gin.(*Context).Next
	/Users/admin/go/pkg/mod/github.com/gin-gonic/gin@v1.8.1/context.go:173
github.com/gin-gonic/gin.(*Engine).handleHTTPRequest
	/Users/admin/go/pkg/mod/github.com/gin-gonic/gin@v1.8.1/gin.go:616
github.com/gin-gonic/gin.(*Engine).ServeHTTP
	/Users/admin/go/pkg/mod/github.com/gin-gonic/gin@v1.8.1/gin.go:572
net/http.serverHandler.ServeHTTP
	/opt/homebrew/Cellar/go/1.19.3/libexec/src/net/http/server.go:2947
net/http.(*conn).serve
	/opt/homebrew/Cellar/go/1.19.3/libexec/src/net/http/server.go:1991
2022-12-11 10:59:19	[31mERROR[0m	gorm@v1.24.1/callbacks.go:134	Database Error	{"sql": "UPDATE `roles` SET `updated_at`='2022-12-11 10:59:19.619' WHERE `roles`.`deleted_at` IS NULL AND `id` = 5", "time": "6.000ms", "rows": 1, "error": "Error 1452: Cannot add or update a child row: a foreign key constraint fails (`gohub`.`roles_menus`, CONSTRAINT `fk_roles_menus_menu` FOREIGN KEY (`menu_id`) REFERENCES `menus` (`id`))"}
gorm.io/gorm.(*processor).Execute
	/Users/admin/go/pkg/mod/gorm.io/gorm@v1.24.1/callbacks.go:134
gorm.io/gorm.(*DB).Updates
	/Users/admin/go/pkg/mod/gorm.io/gorm@v1.24.1/finisher_api.go:378
gorm.io/gorm.(*Association).saveAssociation
	/Users/admin/go/pkg/mod/gorm.io/gorm@v1.24.1/association.go:482
gorm.io/gorm.(*Association).Append
	/Users/admin/go/pkg/mod/gorm.io/gorm@v1.24.1/association.go:58
github.com/Gopherlinzy/gin-vue3-admin/app/models/role.(*Role).AppendAssociation
	/Users/admin/go/src/gin-vue3-admin/app/models/role/role_model.go:61
github.com/Gopherlinzy/gin-vue3-admin/app/http/controllers/api/v1.(*RolesController).SetMenuPermissions
	/Users/admin/go/src/gin-vue3-admin/app/http/controllers/api/v1/roles_controller.go:129
github.com/gin-gonic/gin.(*Context).Next
	/Users/admin/go/pkg/mod/github.com/gin-gonic/gin@v1.8.1/context.go:173
github.com/Gopherlinzy/gin-vue3-admin/app/http/middlewares.CasbinAPI.func1
	/Users/admin/go/src/gin-vue3-admin/app/http/middlewares/casbin.go:36
github.com/gin-gonic/gin.(*Context).Next
	/Users/admin/go/pkg/mod/github.com/gin-gonic/gin@v1.8.1/context.go:173
github.com/Gopherlinzy/gin-vue3-admin/app/http/middlewares.AuthJWT.func1
	/Users/admin/go/src/gin-vue3-admin/app/http/middlewares/auth_jwt.go:37
github.com/gin-gonic/gin.(*Context).Next
	/Users/admin/go/pkg/mod/github.com/gin-gonic/gin@v1.8.1/context.go:173
github.com/Gopherlinzy/gin-vue3-admin/app/http/middlewares.LimitIP.func1
	/Users/admin/go/src/gin-vue3-admin/app/http/middlewares/limit.go:30
github.com/gin-gonic/gin.(*Context).Next
	/Users/admin/go/pkg/mod/github.com/gin-gonic/gin@v1.8.1/context.go:173
github.com/Gopherlinzy/gin-vue3-admin/app/http/middlewares.ForceUA.func1
	/Users/admin/go/src/gin-vue3-admin/app/http/middlewares/force_ua.go:19
github.com/gin-gonic/gin.(*Context).Next
	/Users/admin/go/pkg/mod/github.com/gin-gonic/gin@v1.8.1/context.go:173
github.com/Gopherlinzy/gin-vue3-admin/app/http/middlewares.Recovery.func1
	/Users/admin/go/src/gin-vue3-admin/app/http/middlewares/recovery.go:63
github.com/gin-gonic/gin.(*Context).Next
	/Users/admin/go/pkg/mod/github.com/gin-gonic/gin@v1.8.1/context.go:173
github.com/Gopherlinzy/gin-vue3-admin/app/http/middlewares.Logger.func1
	/Users/admin/go/src/gin-vue3-admin/app/http/middlewares/logger.go:47
github.com/gin-gonic/gin.(*Context).Next
	/Users/admin/go/pkg/mod/github.com/gin-gonic/gin@v1.8.1/context.go:173
github.com/gin-gonic/gin.(*Engine).handleHTTPRequest
	/Users/admin/go/pkg/mod/github.com/gin-gonic/gin@v1.8.1/gin.go:616
github.com/gin-gonic/gin.(*Engine).ServeHTTP
	/Users/admin/go/pkg/mod/github.com/gin-gonic/gin@v1.8.1/gin.go:572
net/http.serverHandler.ServeHTTP
	/opt/homebrew/Cellar/go/1.19.3/libexec/src/net/http/server.go:2947
net/http.(*conn).serve
	/opt/homebrew/Cellar/go/1.19.3/libexec/src/net/http/server.go:1991
2022-12-11 10:59:19	[31mERROR[0m	middlewares/logger.go:75	HTTP Error 500	{"status": 500, "request": "PUT /api/v1/roles/menuPermissions", "query": "", "ip": "127.0.0.1", "user-agent": "Mozilla/5.0 (Macintosh; Intel Mac OS X 10_15_7) AppleWebKit/537.36 (KHTML, like Gecko) Chrome/108.0.0.0 Safari/537.36", "errors": "", "time": "10.000ms", "Request Body": "{\"id\":\"5\",\"permissions\":[\"8\",\"9\",\"10\",\"11\",\"12\",\"13\",\"14\",\"15\"]}", "Response Body": "{\"message\":\"创建失败，请稍后尝试~\"}"}
github.com/Gopherlinzy/gin-vue3-admin/app/http/middlewares.Logger.func1
	/Users/admin/go/src/gin-vue3-admin/app/http/middlewares/logger.go:75
github.com/gin-gonic/gin.(*Context).Next
	/Users/admin/go/pkg/mod/github.com/gin-gonic/gin@v1.8.1/context.go:173
github.com/gin-gonic/gin.(*Engine).handleHTTPRequest
	/Users/admin/go/pkg/mod/github.com/gin-gonic/gin@v1.8.1/gin.go:616
github.com/gin-gonic/gin.(*Engine).ServeHTTP
	/Users/admin/go/pkg/mod/github.com/gin-gonic/gin@v1.8.1/gin.go:572
net/http.serverHandler.ServeHTTP
	/opt/homebrew/Cellar/go/1.19.3/libexec/src/net/http/server.go:2947
net/http.(*conn).serve
	/opt/homebrew/Cellar/go/1.19.3/libexec/src/net/http/server.go:1991
