2022-12-10 10:44:06	[35mDEBUG[0m	migrator/migrator.go:52	Database Query	{"sql": "SELECT DATABASE()", "time": "0.000ms", "rows": -1}
2022-12-10 10:44:06	[35mDEBUG[0m	migrator/migrator.go:52	Database Query	{"sql": "SELECT SCHEMA_NAME from Information_schema.SCHEMATA where SCHEMA_NAME LIKE 'gohub%' ORDER BY SCHEMA_NAME='gohub' DESC,SCHEMA_NAME limit 1", "time": "1.000ms", "rows": 1}
2022-12-10 10:44:06	[35mDEBUG[0m	sync/once.go:74	Database Query	{"sql": "SELECT count(*) FROM information_schema.tables WHERE table_schema = 'gohub' AND table_name = 'users' AND table_type = 'BASE TABLE'", "time": "1.000ms", "rows": -1}
2022-12-10 10:44:06	[35mDEBUG[0m	sync/once.go:74	Database Query	{"sql": "SELECT * FROM `users` WHERE `users`.`deleted_at` IS NULL", "time": "0.000ms", "rows": 1}
2022-12-10 10:44:06	[35mDEBUG[0m	sync/once.go:74	Database Query	{"sql": "SELECT count(*) FROM `users` WHERE `users`.`deleted_at` IS NULL", "time": "0.000ms", "rows": 1}
2022-12-10 10:44:06	[35mDEBUG[0m	migrator/migrator.go:52	Database Query	{"sql": "SELECT DATABASE()", "time": "0.000ms", "rows": -1}
2022-12-10 10:44:06	[35mDEBUG[0m	migrator/migrator.go:52	Database Query	{"sql": "SELECT SCHEMA_NAME from Information_schema.SCHEMATA where SCHEMA_NAME LIKE 'gohub%' ORDER BY SCHEMA_NAME='gohub' DESC,SCHEMA_NAME limit 1", "time": "0.000ms", "rows": 1}
2022-12-10 10:44:06	[35mDEBUG[0m	sync/once.go:74	Database Query	{"sql": "SELECT count(*) FROM information_schema.tables WHERE table_schema = 'gohub' AND table_name = 'menus' AND table_type = 'BASE TABLE'", "time": "1.000ms", "rows": -1}
2022-12-10 10:44:06	[35mDEBUG[0m	sync/once.go:74	Database Query	{"sql": "SELECT * FROM `menus` WHERE `menus`.`deleted_at` IS NULL", "time": "0.000ms", "rows": 1}
2022-12-10 10:44:06	[35mDEBUG[0m	sync/once.go:74	Database Query	{"sql": "SELECT count(*) FROM `menus` WHERE `menus`.`deleted_at` IS NULL", "time": "0.000ms", "rows": 1}
2022-12-10 10:44:06	[35mDEBUG[0m	migrator/migrator.go:52	Database Query	{"sql": "SELECT DATABASE()", "time": "0.000ms", "rows": -1}
2022-12-10 10:44:06	[35mDEBUG[0m	migrator/migrator.go:52	Database Query	{"sql": "SELECT SCHEMA_NAME from Information_schema.SCHEMATA where SCHEMA_NAME LIKE 'gohub%' ORDER BY SCHEMA_NAME='gohub' DESC,SCHEMA_NAME limit 1", "time": "0.000ms", "rows": 1}
2022-12-10 10:44:06	[35mDEBUG[0m	sync/once.go:74	Database Query	{"sql": "SELECT count(*) FROM information_schema.tables WHERE table_schema = 'gohub' AND table_name = 'roles' AND table_type = 'BASE TABLE'", "time": "0.000ms", "rows": -1}
2022-12-10 10:44:06	[35mDEBUG[0m	sync/once.go:74	Database Query	{"sql": "SELECT * FROM `roles` WHERE `roles`.`deleted_at` IS NULL", "time": "0.000ms", "rows": 1}
2022-12-10 10:44:06	[35mDEBUG[0m	sync/once.go:74	Database Query	{"sql": "SELECT count(*) FROM `roles` WHERE `roles`.`deleted_at` IS NULL", "time": "0.000ms", "rows": 1}
2022-12-10 10:44:06	[35mDEBUG[0m	migrator/migrator.go:52	Database Query	{"sql": "SELECT DATABASE()", "time": "0.000ms", "rows": -1}
2022-12-10 10:44:06	[35mDEBUG[0m	migrator/migrator.go:52	Database Query	{"sql": "SELECT SCHEMA_NAME from Information_schema.SCHEMATA where SCHEMA_NAME LIKE 'gohub%' ORDER BY SCHEMA_NAME='gohub' DESC,SCHEMA_NAME limit 1", "time": "0.000ms", "rows": 1}
2022-12-10 10:44:06	[35mDEBUG[0m	v3@v3.13.0/adapter.go:268	Database Query	{"sql": "SELECT count(*) FROM information_schema.tables WHERE table_schema = 'gohub' AND table_name = 'casbin_rule' AND table_type = 'BASE TABLE'", "time": "1.000ms", "rows": -1}
2022-12-10 10:44:06	[35mDEBUG[0m	mysql@v1.4.4/migrator.go:166	Database Query	{"sql": "SELECT DATABASE()", "time": "0.000ms", "rows": -1}
2022-12-10 10:44:06	[35mDEBUG[0m	mysql@v1.4.4/migrator.go:166	Database Query	{"sql": "SELECT SCHEMA_NAME from Information_schema.SCHEMATA where SCHEMA_NAME LIKE 'gohub%' ORDER BY SCHEMA_NAME='gohub' DESC,SCHEMA_NAME limit 1", "time": "0.000ms", "rows": 1}
2022-12-10 10:44:06	[35mDEBUG[0m	mysql@v1.4.4/migrator.go:164	Database Query	{"sql": "SELECT * FROM `casbin_rule` LIMIT 1", "time": "0.000ms", "rows": -1}
2022-12-10 10:44:06	[35mDEBUG[0m	mysql@v1.4.4/migrator.go:164	Database Query	{"sql": "SELECT column_name, column_default, is_nullable = 'YES', data_type, character_maximum_length, column_type, column_key, extra, column_comment, numeric_precision, numeric_scale , datetime_precision FROM information_schema.columns WHERE table_schema = 'gohub' AND table_name = 'casbin_rule' ORDER BY ORDINAL_POSITION", "time": "1.000ms", "rows": -1}
2022-12-10 10:44:06	[35mDEBUG[0m	migrator/migrator.go:52	Database Query	{"sql": "SELECT DATABASE()", "time": "0.000ms", "rows": -1}
2022-12-10 10:44:06	[35mDEBUG[0m	migrator/migrator.go:52	Database Query	{"sql": "SELECT SCHEMA_NAME from Information_schema.SCHEMATA where SCHEMA_NAME LIKE 'gohub%' ORDER BY SCHEMA_NAME='gohub' DESC,SCHEMA_NAME limit 1", "time": "0.000ms", "rows": 1}
2022-12-10 10:44:06	[35mDEBUG[0m	v3@v3.13.0/adapter.go:268	Database Query	{"sql": "SELECT count(*) FROM information_schema.statistics WHERE table_schema = 'gohub' AND table_name = 'casbin_rule' AND index_name = 'idx_casbin_rule'", "time": "1.000ms", "rows": -1}
2022-12-10 10:44:06	[35mDEBUG[0m	v2@v2.58.0/enforcer.go:179	Database Query	{"sql": "SELECT * FROM `casbin_rule` ORDER BY ID", "time": "0.000ms", "rows": 64}
2022-12-10 10:44:06	[35mDEBUG[0m	v2@v2.58.0/enforcer_cached.go:96	Database Query	{"sql": "SELECT * FROM `casbin_rule` ORDER BY ID", "time": "0.000ms", "rows": 64}
2022-12-10 10:44:06	[35mDEBUG[0m	sync/once.go:74	Database Query	{"sql": "SELECT * FROM `casbin_rule`", "time": "0.000ms", "rows": 1}
2022-12-10 10:44:06	[35mDEBUG[0m	sync/once.go:74	Database Query	{"sql": "SELECT count(*) FROM `casbin_rule`", "time": "0.000ms", "rows": 1}
2022-12-10 10:44:14	[35mDEBUG[0m	migrator/migrator.go:52	Database Query	{"sql": "SELECT DATABASE()", "time": "0.000ms", "rows": -1}
2022-12-10 10:44:14	[35mDEBUG[0m	migrator/migrator.go:52	Database Query	{"sql": "SELECT SCHEMA_NAME from Information_schema.SCHEMATA where SCHEMA_NAME LIKE 'gohub%' ORDER BY SCHEMA_NAME='gohub' DESC,SCHEMA_NAME limit 1", "time": "0.000ms", "rows": 1}
2022-12-10 10:44:14	[35mDEBUG[0m	sync/once.go:74	Database Query	{"sql": "SELECT count(*) FROM information_schema.tables WHERE table_schema = 'gohub' AND table_name = 'users' AND table_type = 'BASE TABLE'", "time": "1.000ms", "rows": -1}
2022-12-10 10:44:14	[35mDEBUG[0m	sync/once.go:74	Database Query	{"sql": "SELECT * FROM `users` WHERE `users`.`deleted_at` IS NULL", "time": "0.000ms", "rows": 1}
2022-12-10 10:44:14	[35mDEBUG[0m	sync/once.go:74	Database Query	{"sql": "SELECT count(*) FROM `users` WHERE `users`.`deleted_at` IS NULL", "time": "0.000ms", "rows": 1}
2022-12-10 10:44:14	[35mDEBUG[0m	migrator/migrator.go:52	Database Query	{"sql": "SELECT DATABASE()", "time": "0.000ms", "rows": -1}
2022-12-10 10:44:14	[35mDEBUG[0m	migrator/migrator.go:52	Database Query	{"sql": "SELECT SCHEMA_NAME from Information_schema.SCHEMATA where SCHEMA_NAME LIKE 'gohub%' ORDER BY SCHEMA_NAME='gohub' DESC,SCHEMA_NAME limit 1", "time": "0.000ms", "rows": 1}
2022-12-10 10:44:14	[35mDEBUG[0m	sync/once.go:74	Database Query	{"sql": "SELECT count(*) FROM information_schema.tables WHERE table_schema = 'gohub' AND table_name = 'menus' AND table_type = 'BASE TABLE'", "time": "0.000ms", "rows": -1}
2022-12-10 10:44:14	[35mDEBUG[0m	sync/once.go:74	Database Query	{"sql": "SELECT * FROM `menus` WHERE `menus`.`deleted_at` IS NULL", "time": "0.000ms", "rows": 1}
2022-12-10 10:44:14	[35mDEBUG[0m	sync/once.go:74	Database Query	{"sql": "SELECT count(*) FROM `menus` WHERE `menus`.`deleted_at` IS NULL", "time": "0.000ms", "rows": 1}
2022-12-10 10:44:14	[35mDEBUG[0m	migrator/migrator.go:52	Database Query	{"sql": "SELECT DATABASE()", "time": "0.000ms", "rows": -1}
2022-12-10 10:44:14	[35mDEBUG[0m	migrator/migrator.go:52	Database Query	{"sql": "SELECT SCHEMA_NAME from Information_schema.SCHEMATA where SCHEMA_NAME LIKE 'gohub%' ORDER BY SCHEMA_NAME='gohub' DESC,SCHEMA_NAME limit 1", "time": "0.000ms", "rows": 1}
2022-12-10 10:44:14	[35mDEBUG[0m	sync/once.go:74	Database Query	{"sql": "SELECT count(*) FROM information_schema.tables WHERE table_schema = 'gohub' AND table_name = 'roles' AND table_type = 'BASE TABLE'", "time": "0.000ms", "rows": -1}
2022-12-10 10:44:14	[35mDEBUG[0m	sync/once.go:74	Database Query	{"sql": "SELECT * FROM `roles` WHERE `roles`.`deleted_at` IS NULL", "time": "0.000ms", "rows": 1}
2022-12-10 10:44:14	[35mDEBUG[0m	sync/once.go:74	Database Query	{"sql": "SELECT count(*) FROM `roles` WHERE `roles`.`deleted_at` IS NULL", "time": "0.000ms", "rows": 1}
2022-12-10 10:44:14	[35mDEBUG[0m	migrator/migrator.go:52	Database Query	{"sql": "SELECT DATABASE()", "time": "0.000ms", "rows": -1}
2022-12-10 10:44:14	[35mDEBUG[0m	migrator/migrator.go:52	Database Query	{"sql": "SELECT SCHEMA_NAME from Information_schema.SCHEMATA where SCHEMA_NAME LIKE 'gohub%' ORDER BY SCHEMA_NAME='gohub' DESC,SCHEMA_NAME limit 1", "time": "0.000ms", "rows": 1}
2022-12-10 10:44:14	[35mDEBUG[0m	v3@v3.13.0/adapter.go:268	Database Query	{"sql": "SELECT count(*) FROM information_schema.tables WHERE table_schema = 'gohub' AND table_name = 'casbin_rule' AND table_type = 'BASE TABLE'", "time": "0.000ms", "rows": -1}
2022-12-10 10:44:14	[35mDEBUG[0m	mysql@v1.4.4/migrator.go:166	Database Query	{"sql": "SELECT DATABASE()", "time": "0.000ms", "rows": -1}
2022-12-10 10:44:14	[35mDEBUG[0m	mysql@v1.4.4/migrator.go:166	Database Query	{"sql": "SELECT SCHEMA_NAME from Information_schema.SCHEMATA where SCHEMA_NAME LIKE 'gohub%' ORDER BY SCHEMA_NAME='gohub' DESC,SCHEMA_NAME limit 1", "time": "0.000ms", "rows": 1}
2022-12-10 10:44:14	[35mDEBUG[0m	mysql@v1.4.4/migrator.go:164	Database Query	{"sql": "SELECT * FROM `casbin_rule` LIMIT 1", "time": "0.000ms", "rows": -1}
2022-12-10 10:44:14	[35mDEBUG[0m	mysql@v1.4.4/migrator.go:164	Database Query	{"sql": "SELECT column_name, column_default, is_nullable = 'YES', data_type, character_maximum_length, column_type, column_key, extra, column_comment, numeric_precision, numeric_scale , datetime_precision FROM information_schema.columns WHERE table_schema = 'gohub' AND table_name = 'casbin_rule' ORDER BY ORDINAL_POSITION", "time": "1.000ms", "rows": -1}
2022-12-10 10:44:14	[35mDEBUG[0m	migrator/migrator.go:52	Database Query	{"sql": "SELECT DATABASE()", "time": "0.000ms", "rows": -1}
2022-12-10 10:44:14	[35mDEBUG[0m	migrator/migrator.go:52	Database Query	{"sql": "SELECT SCHEMA_NAME from Information_schema.SCHEMATA where SCHEMA_NAME LIKE 'gohub%' ORDER BY SCHEMA_NAME='gohub' DESC,SCHEMA_NAME limit 1", "time": "0.000ms", "rows": 1}
2022-12-10 10:44:14	[35mDEBUG[0m	v3@v3.13.0/adapter.go:268	Database Query	{"sql": "SELECT count(*) FROM information_schema.statistics WHERE table_schema = 'gohub' AND table_name = 'casbin_rule' AND index_name = 'idx_casbin_rule'", "time": "0.000ms", "rows": -1}
2022-12-10 10:44:14	[35mDEBUG[0m	v2@v2.58.0/enforcer.go:179	Database Query	{"sql": "SELECT * FROM `casbin_rule` ORDER BY ID", "time": "0.000ms", "rows": 64}
2022-12-10 10:44:14	[35mDEBUG[0m	v2@v2.58.0/enforcer_cached.go:96	Database Query	{"sql": "SELECT * FROM `casbin_rule` ORDER BY ID", "time": "0.000ms", "rows": 64}
2022-12-10 10:44:14	[35mDEBUG[0m	sync/once.go:74	Database Query	{"sql": "SELECT * FROM `casbin_rule`", "time": "0.000ms", "rows": 1}
2022-12-10 10:44:14	[35mDEBUG[0m	sync/once.go:74	Database Query	{"sql": "SELECT count(*) FROM `casbin_rule`", "time": "0.000ms", "rows": 1}
2022-12-10 10:44:26	[35mDEBUG[0m	migrator/migrator.go:52	Database Query	{"sql": "SELECT DATABASE()", "time": "0.000ms", "rows": -1}
2022-12-10 10:44:26	[35mDEBUG[0m	migrator/migrator.go:52	Database Query	{"sql": "SELECT SCHEMA_NAME from Information_schema.SCHEMATA where SCHEMA_NAME LIKE 'gohub%' ORDER BY SCHEMA_NAME='gohub' DESC,SCHEMA_NAME limit 1", "time": "0.000ms", "rows": 1}
2022-12-10 10:44:26	[35mDEBUG[0m	sync/once.go:74	Database Query	{"sql": "SELECT count(*) FROM information_schema.tables WHERE table_schema = 'gohub' AND table_name = 'users' AND table_type = 'BASE TABLE'", "time": "0.000ms", "rows": -1}
2022-12-10 10:44:26	[35mDEBUG[0m	sync/once.go:74	Database Query	{"sql": "SELECT * FROM `users` WHERE `users`.`deleted_at` IS NULL", "time": "0.000ms", "rows": 1}
2022-12-10 10:44:26	[35mDEBUG[0m	sync/once.go:74	Database Query	{"sql": "SELECT count(*) FROM `users` WHERE `users`.`deleted_at` IS NULL", "time": "0.000ms", "rows": 1}
2022-12-10 10:44:26	[35mDEBUG[0m	migrator/migrator.go:52	Database Query	{"sql": "SELECT DATABASE()", "time": "0.000ms", "rows": -1}
2022-12-10 10:44:26	[35mDEBUG[0m	migrator/migrator.go:52	Database Query	{"sql": "SELECT SCHEMA_NAME from Information_schema.SCHEMATA where SCHEMA_NAME LIKE 'gohub%' ORDER BY SCHEMA_NAME='gohub' DESC,SCHEMA_NAME limit 1", "time": "0.000ms", "rows": 1}
2022-12-10 10:44:26	[35mDEBUG[0m	sync/once.go:74	Database Query	{"sql": "SELECT count(*) FROM information_schema.tables WHERE table_schema = 'gohub' AND table_name = 'menus' AND table_type = 'BASE TABLE'", "time": "0.000ms", "rows": -1}
2022-12-10 10:44:26	[35mDEBUG[0m	sync/once.go:74	Database Query	{"sql": "SELECT * FROM `menus` WHERE `menus`.`deleted_at` IS NULL", "time": "0.000ms", "rows": 1}
2022-12-10 10:44:26	[35mDEBUG[0m	sync/once.go:74	Database Query	{"sql": "SELECT count(*) FROM `menus` WHERE `menus`.`deleted_at` IS NULL", "time": "0.000ms", "rows": 1}
2022-12-10 10:44:26	[35mDEBUG[0m	migrator/migrator.go:52	Database Query	{"sql": "SELECT DATABASE()", "time": "0.000ms", "rows": -1}
2022-12-10 10:44:26	[35mDEBUG[0m	migrator/migrator.go:52	Database Query	{"sql": "SELECT SCHEMA_NAME from Information_schema.SCHEMATA where SCHEMA_NAME LIKE 'gohub%' ORDER BY SCHEMA_NAME='gohub' DESC,SCHEMA_NAME limit 1", "time": "0.000ms", "rows": 1}
2022-12-10 10:44:26	[35mDEBUG[0m	sync/once.go:74	Database Query	{"sql": "SELECT count(*) FROM information_schema.tables WHERE table_schema = 'gohub' AND table_name = 'roles' AND table_type = 'BASE TABLE'", "time": "0.000ms", "rows": -1}
2022-12-10 10:44:26	[35mDEBUG[0m	sync/once.go:74	Database Query	{"sql": "SELECT * FROM `roles` WHERE `roles`.`deleted_at` IS NULL", "time": "0.000ms", "rows": 1}
2022-12-10 10:44:26	[35mDEBUG[0m	sync/once.go:74	Database Query	{"sql": "SELECT count(*) FROM `roles` WHERE `roles`.`deleted_at` IS NULL", "time": "0.000ms", "rows": 1}
2022-12-10 10:44:26	[35mDEBUG[0m	migrator/migrator.go:52	Database Query	{"sql": "SELECT DATABASE()", "time": "0.000ms", "rows": -1}
2022-12-10 10:44:26	[35mDEBUG[0m	migrator/migrator.go:52	Database Query	{"sql": "SELECT SCHEMA_NAME from Information_schema.SCHEMATA where SCHEMA_NAME LIKE 'gohub%' ORDER BY SCHEMA_NAME='gohub' DESC,SCHEMA_NAME limit 1", "time": "0.000ms", "rows": 1}
2022-12-10 10:44:26	[35mDEBUG[0m	v3@v3.13.0/adapter.go:268	Database Query	{"sql": "SELECT count(*) FROM information_schema.tables WHERE table_schema = 'gohub' AND table_name = 'casbin_rule' AND table_type = 'BASE TABLE'", "time": "0.000ms", "rows": -1}
2022-12-10 10:44:26	[35mDEBUG[0m	mysql@v1.4.4/migrator.go:166	Database Query	{"sql": "SELECT DATABASE()", "time": "0.000ms", "rows": -1}
2022-12-10 10:44:26	[35mDEBUG[0m	mysql@v1.4.4/migrator.go:166	Database Query	{"sql": "SELECT SCHEMA_NAME from Information_schema.SCHEMATA where SCHEMA_NAME LIKE 'gohub%' ORDER BY SCHEMA_NAME='gohub' DESC,SCHEMA_NAME limit 1", "time": "0.000ms", "rows": 1}
2022-12-10 10:44:26	[35mDEBUG[0m	mysql@v1.4.4/migrator.go:164	Database Query	{"sql": "SELECT * FROM `casbin_rule` LIMIT 1", "time": "0.000ms", "rows": -1}
2022-12-10 10:44:26	[35mDEBUG[0m	mysql@v1.4.4/migrator.go:164	Database Query	{"sql": "SELECT column_name, column_default, is_nullable = 'YES', data_type, character_maximum_length, column_type, column_key, extra, column_comment, numeric_precision, numeric_scale , datetime_precision FROM information_schema.columns WHERE table_schema = 'gohub' AND table_name = 'casbin_rule' ORDER BY ORDINAL_POSITION", "time": "1.000ms", "rows": -1}
2022-12-10 10:44:26	[35mDEBUG[0m	migrator/migrator.go:52	Database Query	{"sql": "SELECT DATABASE()", "time": "0.000ms", "rows": -1}
2022-12-10 10:44:26	[35mDEBUG[0m	migrator/migrator.go:52	Database Query	{"sql": "SELECT SCHEMA_NAME from Information_schema.SCHEMATA where SCHEMA_NAME LIKE 'gohub%' ORDER BY SCHEMA_NAME='gohub' DESC,SCHEMA_NAME limit 1", "time": "0.000ms", "rows": 1}
2022-12-10 10:44:26	[35mDEBUG[0m	v3@v3.13.0/adapter.go:268	Database Query	{"sql": "SELECT count(*) FROM information_schema.statistics WHERE table_schema = 'gohub' AND table_name = 'casbin_rule' AND index_name = 'idx_casbin_rule'", "time": "1.000ms", "rows": -1}
2022-12-10 10:44:26	[35mDEBUG[0m	v2@v2.58.0/enforcer.go:179	Database Query	{"sql": "SELECT * FROM `casbin_rule` ORDER BY ID", "time": "0.000ms", "rows": 64}
2022-12-10 10:44:26	[35mDEBUG[0m	v2@v2.58.0/enforcer_cached.go:96	Database Query	{"sql": "SELECT * FROM `casbin_rule` ORDER BY ID", "time": "0.000ms", "rows": 64}
2022-12-10 10:44:26	[35mDEBUG[0m	sync/once.go:74	Database Query	{"sql": "SELECT * FROM `casbin_rule`", "time": "0.000ms", "rows": 1}
2022-12-10 10:44:26	[35mDEBUG[0m	sync/once.go:74	Database Query	{"sql": "SELECT count(*) FROM `casbin_rule`", "time": "0.000ms", "rows": 1}
2022-12-10 10:44:47	[35mDEBUG[0m	gin@v1.8.1/context.go:173	Database Query	{"sql": "SELECT * FROM `users` WHERE id = '1' AND `users`.`deleted_at` IS NULL ORDER BY `users`.`id` LIMIT 1", "time": "1.000ms", "rows": 1}
2022-12-10 10:44:47	[35mDEBUG[0m	middlewares/logger.go:77	HTTP Access Log	{"status": 200, "request": "GET /api/v1/user", "query": "", "ip": "127.0.0.1", "user-agent": "Mozilla/5.0 (Macintosh; Intel Mac OS X 10_15_7) AppleWebKit/537.36 (KHTML, like Gecko) Chrome/108.0.0.0 Safari/537.36", "errors": "", "time": "3.000ms"}
2022-12-10 10:44:47	[35mDEBUG[0m	gin@v1.8.1/context.go:173	Database Query	{"sql": "SELECT * FROM `users` WHERE id = '1' AND `users`.`deleted_at` IS NULL ORDER BY `users`.`id` LIMIT 1", "time": "0.000ms", "rows": 1}
2022-12-10 10:44:47	[35mDEBUG[0m	gin@v1.8.1/context.go:173	Database Query	{"sql": "SELECT * FROM `roles` WHERE role_name = 'superAdmin' AND `roles`.`deleted_at` IS NULL ORDER BY `roles`.`id` LIMIT 1", "time": "2.000ms", "rows": 1}
2022-12-10 10:44:47	[35mDEBUG[0m	paginator/paginator.go:65	Database Query	{"sql": "SELECT count(*) FROM `roles` WHERE `roles`.`deleted_at` IS NULL", "time": "0.000ms", "rows": 1}
2022-12-10 10:44:47	[35mDEBUG[0m	v1/roles_controller.go:24	Database Query	{"sql": "SELECT * FROM `roles_apis` WHERE `roles_apis`.`role_id` IN (1,2,3,4,6)", "time": "0.000ms", "rows": 0}
2022-12-10 10:44:47	[35mDEBUG[0m	v1/roles_controller.go:24	Database Query	{"sql": "SELECT * FROM `roles_menus` WHERE `roles_menus`.`role_id` IN (1,2,3,4,6)", "time": "0.000ms", "rows": 49}
2022-12-10 10:44:47	[35mDEBUG[0m	v1/roles_controller.go:24	Database Query	{"sql": "SELECT * FROM `menus` WHERE `menus`.`id` IN (1,2,3,4,5,6,7,8,9,10,11,12,13,14,15) AND `menus`.`deleted_at` IS NULL", "time": "0.000ms", "rows": 15}
2022-12-10 10:44:47	[35mDEBUG[0m	v1/roles_controller.go:24	Database Query	{"sql": "SELECT * FROM `roles` WHERE `roles`.`deleted_at` IS NULL ORDER BY id asc LIMIT 5", "time": "3.000ms", "rows": 5}
2022-12-10 10:44:47	[35mDEBUG[0m	middlewares/logger.go:77	HTTP Access Log	{"status": 200, "request": "GET /api/v1/roles", "query": "", "ip": "127.0.0.1", "user-agent": "Mozilla/5.0 (Macintosh; Intel Mac OS X 10_15_7) AppleWebKit/537.36 (KHTML, like Gecko) Chrome/108.0.0.0 Safari/537.36", "errors": "", "time": "9.000ms"}
2022-12-10 10:44:47	[35mDEBUG[0m	gin@v1.8.1/context.go:173	Database Query	{"sql": "SELECT * FROM `users` WHERE id = '1' AND `users`.`deleted_at` IS NULL ORDER BY `users`.`id` LIMIT 1", "time": "0.000ms", "rows": 1}
2022-12-10 10:44:47	[35mDEBUG[0m	gin@v1.8.1/context.go:173	Database Query	{"sql": "SELECT * FROM `roles` WHERE role_name = 'superAdmin' AND `roles`.`deleted_at` IS NULL ORDER BY `roles`.`id` LIMIT 1", "time": "0.000ms", "rows": 1}
2022-12-10 10:44:47	[35mDEBUG[0m	paginator/paginator.go:65	Database Query	{"sql": "SELECT count(*) FROM `roles` WHERE `roles`.`deleted_at` IS NULL", "time": "0.000ms", "rows": 1}
2022-12-10 10:44:47	[35mDEBUG[0m	v1/roles_controller.go:24	Database Query	{"sql": "SELECT * FROM `roles_apis` WHERE `roles_apis`.`role_id` IN (1,2,3,4,6)", "time": "0.000ms", "rows": 0}
2022-12-10 10:44:47	[35mDEBUG[0m	v1/roles_controller.go:24	Database Query	{"sql": "SELECT * FROM `roles_menus` WHERE `roles_menus`.`role_id` IN (1,2,3,4,6)", "time": "0.000ms", "rows": 49}
2022-12-10 10:44:47	[35mDEBUG[0m	v1/roles_controller.go:24	Database Query	{"sql": "SELECT * FROM `menus` WHERE `menus`.`id` IN (1,2,3,4,5,6,7,8,9,10,11,12,13,14,15) AND `menus`.`deleted_at` IS NULL", "time": "0.000ms", "rows": 15}
2022-12-10 10:44:47	[35mDEBUG[0m	v1/roles_controller.go:24	Database Query	{"sql": "SELECT * FROM `roles` WHERE `roles`.`deleted_at` IS NULL ORDER BY id asc LIMIT 5", "time": "3.000ms", "rows": 5}
2022-12-10 10:44:47	[35mDEBUG[0m	middlewares/logger.go:77	HTTP Access Log	{"status": 200, "request": "GET /api/v1/roles?page=1&sort=id&order=asc&per_page=5", "query": "page=1&sort=id&order=asc&per_page=5", "ip": "127.0.0.1", "user-agent": "Mozilla/5.0 (Macintosh; Intel Mac OS X 10_15_7) AppleWebKit/537.36 (KHTML, like Gecko) Chrome/108.0.0.0 Safari/537.36", "errors": "", "time": "6.000ms"}
2022-12-10 10:57:39	[35mDEBUG[0m	migrator/migrator.go:52	Database Query	{"sql": "SELECT DATABASE()", "time": "0.000ms", "rows": -1}
2022-12-10 10:57:39	[35mDEBUG[0m	migrator/migrator.go:52	Database Query	{"sql": "SELECT SCHEMA_NAME from Information_schema.SCHEMATA where SCHEMA_NAME LIKE 'gohub%' ORDER BY SCHEMA_NAME='gohub' DESC,SCHEMA_NAME limit 1", "time": "0.000ms", "rows": 1}
2022-12-10 10:57:39	[35mDEBUG[0m	sync/once.go:74	Database Query	{"sql": "SELECT count(*) FROM information_schema.tables WHERE table_schema = 'gohub' AND table_name = 'users' AND table_type = 'BASE TABLE'", "time": "1.000ms", "rows": -1}
2022-12-10 10:57:39	[35mDEBUG[0m	sync/once.go:74	Database Query	{"sql": "SELECT * FROM `users` WHERE `users`.`deleted_at` IS NULL", "time": "0.000ms", "rows": 1}
2022-12-10 10:57:39	[35mDEBUG[0m	sync/once.go:74	Database Query	{"sql": "SELECT count(*) FROM `users` WHERE `users`.`deleted_at` IS NULL", "time": "0.000ms", "rows": 1}
2022-12-10 10:57:39	[35mDEBUG[0m	migrator/migrator.go:52	Database Query	{"sql": "SELECT DATABASE()", "time": "0.000ms", "rows": -1}
2022-12-10 10:57:39	[35mDEBUG[0m	migrator/migrator.go:52	Database Query	{"sql": "SELECT SCHEMA_NAME from Information_schema.SCHEMATA where SCHEMA_NAME LIKE 'gohub%' ORDER BY SCHEMA_NAME='gohub' DESC,SCHEMA_NAME limit 1", "time": "0.000ms", "rows": 1}
2022-12-10 10:57:39	[35mDEBUG[0m	sync/once.go:74	Database Query	{"sql": "SELECT count(*) FROM information_schema.tables WHERE table_schema = 'gohub' AND table_name = 'menus' AND table_type = 'BASE TABLE'", "time": "0.000ms", "rows": -1}
2022-12-10 10:57:39	[35mDEBUG[0m	sync/once.go:74	Database Query	{"sql": "SELECT * FROM `menus` WHERE `menus`.`deleted_at` IS NULL", "time": "0.000ms", "rows": 1}
2022-12-10 10:57:39	[35mDEBUG[0m	sync/once.go:74	Database Query	{"sql": "SELECT count(*) FROM `menus` WHERE `menus`.`deleted_at` IS NULL", "time": "0.000ms", "rows": 1}
2022-12-10 10:57:39	[35mDEBUG[0m	migrator/migrator.go:52	Database Query	{"sql": "SELECT DATABASE()", "time": "0.000ms", "rows": -1}
2022-12-10 10:57:39	[35mDEBUG[0m	migrator/migrator.go:52	Database Query	{"sql": "SELECT SCHEMA_NAME from Information_schema.SCHEMATA where SCHEMA_NAME LIKE 'gohub%' ORDER BY SCHEMA_NAME='gohub' DESC,SCHEMA_NAME limit 1", "time": "0.000ms", "rows": 1}
2022-12-10 10:57:39	[35mDEBUG[0m	sync/once.go:74	Database Query	{"sql": "SELECT count(*) FROM information_schema.tables WHERE table_schema = 'gohub' AND table_name = 'roles' AND table_type = 'BASE TABLE'", "time": "0.000ms", "rows": -1}
2022-12-10 10:57:39	[35mDEBUG[0m	sync/once.go:74	Database Query	{"sql": "SELECT * FROM `roles` WHERE `roles`.`deleted_at` IS NULL", "time": "0.000ms", "rows": 1}
2022-12-10 10:57:39	[35mDEBUG[0m	sync/once.go:74	Database Query	{"sql": "SELECT count(*) FROM `roles` WHERE `roles`.`deleted_at` IS NULL", "time": "0.000ms", "rows": 1}
2022-12-10 10:57:39	[35mDEBUG[0m	migrator/migrator.go:52	Database Query	{"sql": "SELECT DATABASE()", "time": "0.000ms", "rows": -1}
2022-12-10 10:57:39	[35mDEBUG[0m	migrator/migrator.go:52	Database Query	{"sql": "SELECT SCHEMA_NAME from Information_schema.SCHEMATA where SCHEMA_NAME LIKE 'gohub%' ORDER BY SCHEMA_NAME='gohub' DESC,SCHEMA_NAME limit 1", "time": "0.000ms", "rows": 1}
2022-12-10 10:57:39	[35mDEBUG[0m	v3@v3.13.0/adapter.go:268	Database Query	{"sql": "SELECT count(*) FROM information_schema.tables WHERE table_schema = 'gohub' AND table_name = 'casbin_rule' AND table_type = 'BASE TABLE'", "time": "0.000ms", "rows": -1}
2022-12-10 10:57:39	[35mDEBUG[0m	mysql@v1.4.4/migrator.go:166	Database Query	{"sql": "SELECT DATABASE()", "time": "0.000ms", "rows": -1}
2022-12-10 10:57:39	[35mDEBUG[0m	mysql@v1.4.4/migrator.go:166	Database Query	{"sql": "SELECT SCHEMA_NAME from Information_schema.SCHEMATA where SCHEMA_NAME LIKE 'gohub%' ORDER BY SCHEMA_NAME='gohub' DESC,SCHEMA_NAME limit 1", "time": "0.000ms", "rows": 1}
2022-12-10 10:57:39	[35mDEBUG[0m	mysql@v1.4.4/migrator.go:164	Database Query	{"sql": "SELECT * FROM `casbin_rule` LIMIT 1", "time": "0.000ms", "rows": -1}
2022-12-10 10:57:39	[35mDEBUG[0m	mysql@v1.4.4/migrator.go:164	Database Query	{"sql": "SELECT column_name, column_default, is_nullable = 'YES', data_type, character_maximum_length, column_type, column_key, extra, column_comment, numeric_precision, numeric_scale , datetime_precision FROM information_schema.columns WHERE table_schema = 'gohub' AND table_name = 'casbin_rule' ORDER BY ORDINAL_POSITION", "time": "1.000ms", "rows": -1}
2022-12-10 10:57:39	[35mDEBUG[0m	migrator/migrator.go:52	Database Query	{"sql": "SELECT DATABASE()", "time": "0.000ms", "rows": -1}
2022-12-10 10:57:39	[35mDEBUG[0m	migrator/migrator.go:52	Database Query	{"sql": "SELECT SCHEMA_NAME from Information_schema.SCHEMATA where SCHEMA_NAME LIKE 'gohub%' ORDER BY SCHEMA_NAME='gohub' DESC,SCHEMA_NAME limit 1", "time": "0.000ms", "rows": 1}
2022-12-10 10:57:39	[35mDEBUG[0m	v3@v3.13.0/adapter.go:268	Database Query	{"sql": "SELECT count(*) FROM information_schema.statistics WHERE table_schema = 'gohub' AND table_name = 'casbin_rule' AND index_name = 'idx_casbin_rule'", "time": "0.000ms", "rows": -1}
2022-12-10 10:57:39	[35mDEBUG[0m	v2@v2.58.0/enforcer.go:179	Database Query	{"sql": "SELECT * FROM `casbin_rule` ORDER BY ID", "time": "0.000ms", "rows": 64}
2022-12-10 10:57:39	[35mDEBUG[0m	v2@v2.58.0/enforcer_cached.go:96	Database Query	{"sql": "SELECT * FROM `casbin_rule` ORDER BY ID", "time": "0.000ms", "rows": 64}
2022-12-10 10:57:39	[35mDEBUG[0m	sync/once.go:74	Database Query	{"sql": "SELECT * FROM `casbin_rule`", "time": "0.000ms", "rows": 1}
2022-12-10 10:57:39	[35mDEBUG[0m	sync/once.go:74	Database Query	{"sql": "SELECT count(*) FROM `casbin_rule`", "time": "0.000ms", "rows": 1}
2022-12-10 10:58:01	[35mDEBUG[0m	gin@v1.8.1/context.go:173	Database Query	{"sql": "SELECT * FROM `users` WHERE id = '1' AND `users`.`deleted_at` IS NULL ORDER BY `users`.`id` LIMIT 1", "time": "1.000ms", "rows": 1}
2022-12-10 10:58:01	[35mDEBUG[0m	middlewares/logger.go:77	HTTP Access Log	{"status": 200, "request": "GET /api/v1/user", "query": "", "ip": "127.0.0.1", "user-agent": "Mozilla/5.0 (Macintosh; Intel Mac OS X 10_15_7) AppleWebKit/537.36 (KHTML, like Gecko) Chrome/108.0.0.0 Safari/537.36", "errors": "", "time": "2.000ms"}
2022-12-10 10:58:01	[35mDEBUG[0m	gin@v1.8.1/context.go:173	Database Query	{"sql": "SELECT * FROM `users` WHERE id = '1' AND `users`.`deleted_at` IS NULL ORDER BY `users`.`id` LIMIT 1", "time": "0.000ms", "rows": 1}
2022-12-10 10:58:01	[35mDEBUG[0m	gin@v1.8.1/context.go:173	Database Query	{"sql": "SELECT * FROM `roles` WHERE role_name = 'superAdmin' AND `roles`.`deleted_at` IS NULL ORDER BY `roles`.`id` LIMIT 1", "time": "2.000ms", "rows": 1}
2022-12-10 10:58:01	[35mDEBUG[0m	paginator/paginator.go:65	Database Query	{"sql": "SELECT count(*) FROM `roles` WHERE `roles`.`deleted_at` IS NULL", "time": "0.000ms", "rows": 1}
2022-12-10 10:58:01	[35mDEBUG[0m	v1/roles_controller.go:24	Database Query	{"sql": "SELECT * FROM `roles_apis` WHERE `roles_apis`.`role_id` IN (1,2,3,4,6)", "time": "0.000ms", "rows": 0}
2022-12-10 10:58:01	[35mDEBUG[0m	v1/roles_controller.go:24	Database Query	{"sql": "SELECT * FROM `roles_menus` WHERE `roles_menus`.`role_id` IN (1,2,3,4,6)", "time": "0.000ms", "rows": 49}
2022-12-10 10:58:01	[35mDEBUG[0m	v1/roles_controller.go:24	Database Query	{"sql": "SELECT * FROM `menus` WHERE `menus`.`id` IN (1,2,3,4,5,6,7,8,9,10,11,12,13,14,15) AND `menus`.`deleted_at` IS NULL", "time": "0.000ms", "rows": 15}
2022-12-10 10:58:01	[35mDEBUG[0m	v1/roles_controller.go:24	Database Query	{"sql": "SELECT * FROM `roles` WHERE `roles`.`deleted_at` IS NULL ORDER BY id asc LIMIT 5", "time": "2.000ms", "rows": 5}
2022-12-10 10:58:01	[35mDEBUG[0m	middlewares/logger.go:77	HTTP Access Log	{"status": 200, "request": "GET /api/v1/roles", "query": "", "ip": "127.0.0.1", "user-agent": "Mozilla/5.0 (Macintosh; Intel Mac OS X 10_15_7) AppleWebKit/537.36 (KHTML, like Gecko) Chrome/108.0.0.0 Safari/537.36", "errors": "", "time": "6.000ms"}
2022-12-10 10:58:01	[35mDEBUG[0m	gin@v1.8.1/context.go:173	Database Query	{"sql": "SELECT * FROM `users` WHERE id = '1' AND `users`.`deleted_at` IS NULL ORDER BY `users`.`id` LIMIT 1", "time": "0.000ms", "rows": 1}
2022-12-10 10:58:01	[35mDEBUG[0m	gin@v1.8.1/context.go:173	Database Query	{"sql": "SELECT * FROM `roles` WHERE role_name = 'superAdmin' AND `roles`.`deleted_at` IS NULL ORDER BY `roles`.`id` LIMIT 1", "time": "0.000ms", "rows": 1}
2022-12-10 10:58:01	[35mDEBUG[0m	paginator/paginator.go:65	Database Query	{"sql": "SELECT count(*) FROM `roles` WHERE `roles`.`deleted_at` IS NULL", "time": "0.000ms", "rows": 1}
2022-12-10 10:58:01	[35mDEBUG[0m	v1/roles_controller.go:24	Database Query	{"sql": "SELECT * FROM `roles_apis` WHERE `roles_apis`.`role_id` IN (1,2,3,4,6)", "time": "0.000ms", "rows": 0}
2022-12-10 10:58:01	[35mDEBUG[0m	v1/roles_controller.go:24	Database Query	{"sql": "SELECT * FROM `roles_menus` WHERE `roles_menus`.`role_id` IN (1,2,3,4,6)", "time": "1.000ms", "rows": 49}
2022-12-10 10:58:01	[35mDEBUG[0m	v1/roles_controller.go:24	Database Query	{"sql": "SELECT * FROM `menus` WHERE `menus`.`id` IN (1,2,3,4,5,6,7,8,9,10,11,12,13,14,15) AND `menus`.`deleted_at` IS NULL", "time": "0.000ms", "rows": 15}
2022-12-10 10:58:01	[35mDEBUG[0m	v1/roles_controller.go:24	Database Query	{"sql": "SELECT * FROM `roles` WHERE `roles`.`deleted_at` IS NULL ORDER BY id asc LIMIT 5", "time": "3.000ms", "rows": 5}
2022-12-10 10:58:01	[35mDEBUG[0m	middlewares/logger.go:77	HTTP Access Log	{"status": 200, "request": "GET /api/v1/roles?page=1&sort=id&order=asc&per_page=5", "query": "page=1&sort=id&order=asc&per_page=5", "ip": "127.0.0.1", "user-agent": "Mozilla/5.0 (Macintosh; Intel Mac OS X 10_15_7) AppleWebKit/537.36 (KHTML, like Gecko) Chrome/108.0.0.0 Safari/537.36", "errors": "", "time": "5.000ms"}
2022-12-10 10:58:37	[35mDEBUG[0m	auth/login_controller.go:49	Database Query	{"sql": "SELECT * FROM `users` WHERE (name = 'VMFQVYB' OR phone = 'VMFQVYB' OR email = 'VMFQVYB') AND `users`.`deleted_at` IS NULL ORDER BY `users`.`id` LIMIT 1", "time": "0.000ms", "rows": 1}
2022-12-10 10:58:37	[33mWARN[0m	middlewares/logger.go:72	HTTP Warning 422	{"status": 422, "request": "POST /api/v1/auth/login/using-password", "query": "", "ip": "::1", "user-agent": "PostmanRuntime/7.29.2", "errors": "", "time": "298.000ms", "Request Body": "{\r\n    \"login_id\":\"VMFQVYB\",\r\n    \"password\":\"123456\",\r\n    \"captcha_id\":\"captcha_skip_test\",\r\n    \"captcha_answer\":\"648022\"\r\n}", "Response Body": "{\"errors\":\"账号异常\",\"message\":\"账号当前处于冻结状态，登录失败\"}"}
2022-12-10 10:58:48	[35mDEBUG[0m	auth/login_controller.go:49	Database Query	{"sql": "SELECT * FROM `users` WHERE (name = 'HFbaeed' OR phone = 'HFbaeed' OR email = 'HFbaeed') AND `users`.`deleted_at` IS NULL ORDER BY `users`.`id` LIMIT 1", "time": "0.000ms", "rows": 1}
2022-12-10 10:58:48	[33mWARN[0m	middlewares/logger.go:72	HTTP Warning 422	{"status": 422, "request": "POST /api/v1/auth/login/using-password", "query": "", "ip": "::1", "user-agent": "PostmanRuntime/7.29.2", "errors": "", "time": "297.000ms", "Request Body": "{\r\n    \"login_id\":\"HFbaeed\",\r\n    \"password\":\"123456\",\r\n    \"captcha_id\":\"captcha_skip_test\",\r\n    \"captcha_answer\":\"648022\"\r\n}", "Response Body": "{\"errors\":\"账号异常\",\"message\":\"账号当前处于冻结状态，登录失败\"}"}
2022-12-10 10:59:01	[35mDEBUG[0m	gin@v1.8.1/context.go:173	Database Query	{"sql": "SELECT * FROM `users` WHERE id = '1' AND `users`.`deleted_at` IS NULL ORDER BY `users`.`id` LIMIT 1", "time": "0.000ms", "rows": 1}
2022-12-10 10:59:01	[35mDEBUG[0m	gin@v1.8.1/context.go:173	Database Query	{"sql": "SELECT * FROM `roles` WHERE role_name = 'superAdmin' AND `roles`.`deleted_at` IS NULL ORDER BY `roles`.`id` LIMIT 1", "time": "0.000ms", "rows": 1}
2022-12-10 10:59:01	[35mDEBUG[0m	paginator/paginator.go:65	Database Query	{"sql": "SELECT count(*) FROM `roles` WHERE `roles`.`deleted_at` IS NULL", "time": "0.000ms", "rows": 1}
2022-12-10 10:59:01	[35mDEBUG[0m	v1/roles_controller.go:24	Database Query	{"sql": "SELECT * FROM `roles_apis` WHERE `roles_apis`.`role_id` = 23", "time": "0.000ms", "rows": 0}
2022-12-10 10:59:01	[35mDEBUG[0m	v1/roles_controller.go:24	Database Query	{"sql": "SELECT * FROM `roles_menus` WHERE `roles_menus`.`role_id` = 23", "time": "0.000ms", "rows": 7}
2022-12-10 10:59:01	[35mDEBUG[0m	v1/roles_controller.go:24	Database Query	{"sql": "SELECT * FROM `menus` WHERE `menus`.`id` IN (6,10,11,12,13,14,15) AND `menus`.`deleted_at` IS NULL", "time": "0.000ms", "rows": 7}
2022-12-10 10:59:01	[35mDEBUG[0m	v1/roles_controller.go:24	Database Query	{"sql": "SELECT * FROM `roles` WHERE `roles`.`deleted_at` IS NULL ORDER BY id asc LIMIT 5 OFFSET 5", "time": "1.000ms", "rows": 1}
2022-12-10 10:59:01	[35mDEBUG[0m	middlewares/logger.go:77	HTTP Access Log	{"status": 200, "request": "GET /api/v1/roles?page=2&sort=id&order=asc&per_page=5", "query": "page=2&sort=id&order=asc&per_page=5", "ip": "127.0.0.1", "user-agent": "Mozilla/5.0 (Macintosh; Intel Mac OS X 10_15_7) AppleWebKit/537.36 (KHTML, like Gecko) Chrome/108.0.0.0 Safari/537.36", "errors": "", "time": "4.000ms"}
2022-12-10 10:59:02	[35mDEBUG[0m	gin@v1.8.1/context.go:173	Database Query	{"sql": "SELECT * FROM `users` WHERE id = '1' AND `users`.`deleted_at` IS NULL ORDER BY `users`.`id` LIMIT 1", "time": "0.000ms", "rows": 1}
2022-12-10 10:59:02	[35mDEBUG[0m	middlewares/logger.go:77	HTTP Access Log	{"status": 200, "request": "GET /api/v1/user", "query": "", "ip": "127.0.0.1", "user-agent": "Mozilla/5.0 (Macintosh; Intel Mac OS X 10_15_7) AppleWebKit/537.36 (KHTML, like Gecko) Chrome/108.0.0.0 Safari/537.36", "errors": "", "time": "1.000ms"}
2022-12-10 10:59:02	[35mDEBUG[0m	gin@v1.8.1/context.go:173	Database Query	{"sql": "SELECT * FROM `users` WHERE id = '1' AND `users`.`deleted_at` IS NULL ORDER BY `users`.`id` LIMIT 1", "time": "0.000ms", "rows": 1}
2022-12-10 10:59:02	[35mDEBUG[0m	gin@v1.8.1/context.go:173	Database Query	{"sql": "SELECT * FROM `roles` WHERE role_name = 'superAdmin' AND `roles`.`deleted_at` IS NULL ORDER BY `roles`.`id` LIMIT 1", "time": "0.000ms", "rows": 1}
2022-12-10 10:59:02	[35mDEBUG[0m	gin@v1.8.1/context.go:173	Database Query	{"sql": "SELECT * FROM `users` WHERE id = '1' AND `users`.`deleted_at` IS NULL ORDER BY `users`.`id` LIMIT 1", "time": "1.000ms", "rows": 1}
2022-12-10 10:59:02	[35mDEBUG[0m	paginator/paginator.go:65	Database Query	{"sql": "SELECT count(*) FROM `users` WHERE `users`.`deleted_at` IS NULL", "time": "0.000ms", "rows": 1}
2022-12-10 10:59:02	[35mDEBUG[0m	gin@v1.8.1/context.go:173	Database Query	{"sql": "SELECT * FROM `roles` WHERE role_name = 'superAdmin' AND `roles`.`deleted_at` IS NULL ORDER BY `roles`.`id` LIMIT 1", "time": "0.000ms", "rows": 1}
2022-12-10 10:59:02	[35mDEBUG[0m	paginator/paginator.go:65	Database Query	{"sql": "SELECT count(*) FROM `roles` WHERE `roles`.`deleted_at` IS NULL", "time": "0.000ms", "rows": 1}
2022-12-10 10:59:02	[35mDEBUG[0m	v1/users_controller.go:44	Database Query	{"sql": "SELECT * FROM `users` WHERE `users`.`deleted_at` IS NULL ORDER BY id asc LIMIT 5", "time": "0.000ms", "rows": 5}
2022-12-10 10:59:02	[35mDEBUG[0m	middlewares/logger.go:77	HTTP Access Log	{"status": 200, "request": "GET /api/v1/users", "query": "", "ip": "127.0.0.1", "user-agent": "Mozilla/5.0 (Macintosh; Intel Mac OS X 10_15_7) AppleWebKit/537.36 (KHTML, like Gecko) Chrome/108.0.0.0 Safari/537.36", "errors": "", "time": "3.000ms"}
2022-12-10 10:59:02	[35mDEBUG[0m	v1/roles_controller.go:24	Database Query	{"sql": "SELECT * FROM `roles_apis` WHERE `roles_apis`.`role_id` IN (1,2,3,4,6)", "time": "0.000ms", "rows": 0}
2022-12-10 10:59:02	[35mDEBUG[0m	v1/roles_controller.go:24	Database Query	{"sql": "SELECT * FROM `roles_menus` WHERE `roles_menus`.`role_id` IN (1,2,3,4,6)", "time": "0.000ms", "rows": 49}
2022-12-10 10:59:02	[35mDEBUG[0m	v1/roles_controller.go:24	Database Query	{"sql": "SELECT * FROM `menus` WHERE `menus`.`id` IN (1,2,3,4,5,6,7,8,9,10,11,12,13,14,15) AND `menus`.`deleted_at` IS NULL", "time": "0.000ms", "rows": 15}
2022-12-10 10:59:02	[35mDEBUG[0m	v1/roles_controller.go:24	Database Query	{"sql": "SELECT * FROM `roles` WHERE `roles`.`deleted_at` IS NULL ORDER BY id asc LIMIT 5", "time": "2.000ms", "rows": 5}
2022-12-10 10:59:02	[35mDEBUG[0m	middlewares/logger.go:77	HTTP Access Log	{"status": 200, "request": "GET /api/v1/roles", "query": "", "ip": "127.0.0.1", "user-agent": "Mozilla/5.0 (Macintosh; Intel Mac OS X 10_15_7) AppleWebKit/537.36 (KHTML, like Gecko) Chrome/108.0.0.0 Safari/537.36", "errors": "", "time": "6.000ms"}
2022-12-10 10:59:02	[35mDEBUG[0m	gin@v1.8.1/context.go:173	Database Query	{"sql": "SELECT * FROM `users` WHERE id = '1' AND `users`.`deleted_at` IS NULL ORDER BY `users`.`id` LIMIT 1", "time": "0.000ms", "rows": 1}
2022-12-10 10:59:02	[35mDEBUG[0m	gin@v1.8.1/context.go:173	Database Query	{"sql": "SELECT * FROM `roles` WHERE role_name = 'superAdmin' AND `roles`.`deleted_at` IS NULL ORDER BY `roles`.`id` LIMIT 1", "time": "0.000ms", "rows": 1}
2022-12-10 10:59:02	[35mDEBUG[0m	paginator/paginator.go:65	Database Query	{"sql": "SELECT count(*) FROM `users` WHERE `users`.`deleted_at` IS NULL", "time": "0.000ms", "rows": 1}
2022-12-10 10:59:02	[35mDEBUG[0m	v1/users_controller.go:44	Database Query	{"sql": "SELECT * FROM `users` WHERE `users`.`deleted_at` IS NULL ORDER BY id asc LIMIT 5", "time": "0.000ms", "rows": 5}
2022-12-10 10:59:02	[35mDEBUG[0m	middlewares/logger.go:77	HTTP Access Log	{"status": 200, "request": "GET /api/v1/users?page=1&sort=id&order=asc&per_page=5", "query": "page=1&sort=id&order=asc&per_page=5", "ip": "127.0.0.1", "user-agent": "Mozilla/5.0 (Macintosh; Intel Mac OS X 10_15_7) AppleWebKit/537.36 (KHTML, like Gecko) Chrome/108.0.0.0 Safari/537.36", "errors": "", "time": "2.000ms"}
2022-12-10 10:59:03	[35mDEBUG[0m	gin@v1.8.1/context.go:173	Database Query	{"sql": "SELECT * FROM `users` WHERE id = '1' AND `users`.`deleted_at` IS NULL ORDER BY `users`.`id` LIMIT 1", "time": "0.000ms", "rows": 1}
2022-12-10 10:59:03	[35mDEBUG[0m	gin@v1.8.1/context.go:173	Database Query	{"sql": "SELECT * FROM `roles` WHERE role_name = 'superAdmin' AND `roles`.`deleted_at` IS NULL ORDER BY `roles`.`id` LIMIT 1", "time": "0.000ms", "rows": 1}
2022-12-10 10:59:03	[35mDEBUG[0m	paginator/paginator.go:65	Database Query	{"sql": "SELECT count(*) FROM `users` WHERE `users`.`deleted_at` IS NULL", "time": "0.000ms", "rows": 1}
2022-12-10 10:59:03	[35mDEBUG[0m	v1/users_controller.go:44	Database Query	{"sql": "SELECT * FROM `users` WHERE `users`.`deleted_at` IS NULL ORDER BY id asc LIMIT 5 OFFSET 5", "time": "0.000ms", "rows": 5}
2022-12-10 10:59:03	[35mDEBUG[0m	middlewares/logger.go:77	HTTP Access Log	{"status": 200, "request": "GET /api/v1/users?page=2&sort=id&order=asc&per_page=5", "query": "page=2&sort=id&order=asc&per_page=5", "ip": "127.0.0.1", "user-agent": "Mozilla/5.0 (Macintosh; Intel Mac OS X 10_15_7) AppleWebKit/537.36 (KHTML, like Gecko) Chrome/108.0.0.0 Safari/537.36", "errors": "", "time": "3.000ms"}
2022-12-10 10:59:07	[35mDEBUG[0m	gin@v1.8.1/context.go:173	Database Query	{"sql": "SELECT * FROM `users` WHERE id = '1' AND `users`.`deleted_at` IS NULL ORDER BY `users`.`id` LIMIT 1", "time": "0.000ms", "rows": 1}
2022-12-10 10:59:07	[35mDEBUG[0m	gin@v1.8.1/context.go:173	Database Query	{"sql": "SELECT * FROM `roles` WHERE role_name = 'superAdmin' AND `roles`.`deleted_at` IS NULL ORDER BY `roles`.`id` LIMIT 1", "time": "0.000ms", "rows": 1}
2022-12-10 10:59:07	[35mDEBUG[0m	paginator/paginator.go:65	Database Query	{"sql": "SELECT count(*) FROM `users` WHERE `users`.`deleted_at` IS NULL", "time": "0.000ms", "rows": 1}
2022-12-10 10:59:07	[35mDEBUG[0m	v1/users_controller.go:44	Database Query	{"sql": "SELECT * FROM `users` WHERE `users`.`deleted_at` IS NULL ORDER BY id asc LIMIT 5 OFFSET 10", "time": "0.000ms", "rows": 3}
2022-12-10 10:59:07	[35mDEBUG[0m	middlewares/logger.go:77	HTTP Access Log	{"status": 200, "request": "GET /api/v1/users?page=3&sort=id&order=asc&per_page=5", "query": "page=3&sort=id&order=asc&per_page=5", "ip": "127.0.0.1", "user-agent": "Mozilla/5.0 (Macintosh; Intel Mac OS X 10_15_7) AppleWebKit/537.36 (KHTML, like Gecko) Chrome/108.0.0.0 Safari/537.36", "errors": "", "time": "2.000ms"}
2022-12-10 10:59:22	[35mDEBUG[0m	auth/login_controller.go:49	Database Query	{"sql": "SELECT * FROM `users` WHERE (name = 'CaUulnI' OR phone = 'CaUulnI' OR email = 'CaUulnI') AND `users`.`deleted_at` IS NULL ORDER BY `users`.`id` LIMIT 1", "time": "1.000ms", "rows": 1}
2022-12-10 10:59:23	[35mDEBUG[0m	middlewares/logger.go:77	HTTP Access Log	{"status": 200, "request": "POST /api/v1/auth/login/using-password", "query": "", "ip": "::1", "user-agent": "PostmanRuntime/7.29.2", "errors": "", "time": "313.000ms", "Request Body": "{\r\n    \"login_id\":\"CaUulnI\",\r\n    \"password\":\"123456\",\r\n    \"captcha_id\":\"captcha_skip_test\",\r\n    \"captcha_answer\":\"648022\"\r\n}", "Response Body": "{\"data\":{\"id\":36,\"name\":\"CaUulnI\",\"email\":\"YjSUEjY@pplcnhW.org\",\"phone\":\"05914863593\",\"city\":\"CJhWu\",\"introduction\":\"Consequatur voluptatem sit perferendis aut accusantium.\",\"status\":true,\"role_name\":\"user\",\"created_at\":\"2022-12-07T10:17:39+08:00\",\"updated_at\":\"2022-12-07T10:17:39+08:00\",\"deleted_at\":null},\"token\":\"eyJhbGciOiJIUzI1NiIsInR5cCI6IkpXVCJ9.eyJ1c2VyX2lkIjoiMzYiLCJ1c2VyX25hbWUiOiJDYVV1bG5JIiwiZXhwaXJlX3RpbWUiOjE2NzU4MjUxNjMsImlzcyI6ImdvaHViIiwiZXhwIjoxNjc1ODI1MTYzLCJuYmYiOjE2NzA2NDExNjMsImlhdCI6MTY3MDY0MTE2M30.vd6WzX1l36ym72ITlK2NYPc3_Y-Dq2NyUI2X4ug_d0w\"}"}
2022-12-10 10:59:46	[35mDEBUG[0m	gin@v1.8.1/context.go:173	Database Query	{"sql": "SELECT * FROM `users` WHERE id = '36' AND `users`.`deleted_at` IS NULL ORDER BY `users`.`id` LIMIT 1", "time": "0.000ms", "rows": 1}
2022-12-10 10:59:46	[35mDEBUG[0m	gin@v1.8.1/context.go:173	Database Query	{"sql": "SELECT * FROM `roles` WHERE role_name = 'user' AND `roles`.`deleted_at` IS NULL ORDER BY `roles`.`id` LIMIT 1", "time": "0.000ms", "rows": 1}
2022-12-10 10:59:46	[33mWARN[0m	middlewares/logger.go:72	HTTP Warning 403	{"status": 403, "request": "GET /api/v1/roles", "query": "", "ip": "::1", "user-agent": "PostmanRuntime/7.29.2", "errors": "", "time": "1.000ms"}
2022-12-10 11:00:36	[35mDEBUG[0m	gin@v1.8.1/context.go:173	Database Query	{"sql": "SELECT * FROM `users` WHERE id = '1' AND `users`.`deleted_at` IS NULL ORDER BY `users`.`id` LIMIT 1", "time": "0.000ms", "rows": 1}
2022-12-10 11:00:36	[35mDEBUG[0m	middlewares/logger.go:77	HTTP Access Log	{"status": 200, "request": "GET /api/v1/user", "query": "", "ip": "127.0.0.1", "user-agent": "Mozilla/5.0 (Macintosh; Intel Mac OS X 10_15_7) AppleWebKit/537.36 (KHTML, like Gecko) Chrome/108.0.0.0 Safari/537.36", "errors": "", "time": "3.000ms"}
2022-12-10 11:00:36	[35mDEBUG[0m	gin@v1.8.1/context.go:173	Database Query	{"sql": "SELECT * FROM `users` WHERE id = '1' AND `users`.`deleted_at` IS NULL ORDER BY `users`.`id` LIMIT 1", "time": "0.000ms", "rows": 1}
2022-12-10 11:00:36	[35mDEBUG[0m	gin@v1.8.1/context.go:173	Database Query	{"sql": "SELECT * FROM `users` WHERE id = '1' AND `users`.`deleted_at` IS NULL ORDER BY `users`.`id` LIMIT 1", "time": "0.000ms", "rows": 1}
2022-12-10 11:00:36	[35mDEBUG[0m	gin@v1.8.1/context.go:173	Database Query	{"sql": "SELECT * FROM `roles` WHERE role_name = 'superAdmin' AND `roles`.`deleted_at` IS NULL ORDER BY `roles`.`id` LIMIT 1", "time": "0.000ms", "rows": 1}
2022-12-10 11:00:36	[35mDEBUG[0m	gin@v1.8.1/context.go:173	Database Query	{"sql": "SELECT * FROM `roles` WHERE role_name = 'superAdmin' AND `roles`.`deleted_at` IS NULL ORDER BY `roles`.`id` LIMIT 1", "time": "0.000ms", "rows": 1}
2022-12-10 11:00:36	[35mDEBUG[0m	paginator/paginator.go:65	Database Query	{"sql": "SELECT count(*) FROM `users` WHERE `users`.`deleted_at` IS NULL", "time": "0.000ms", "rows": 1}
2022-12-10 11:00:36	[35mDEBUG[0m	paginator/paginator.go:65	Database Query	{"sql": "SELECT count(*) FROM `roles` WHERE `roles`.`deleted_at` IS NULL", "time": "0.000ms", "rows": 1}
2022-12-10 11:00:36	[35mDEBUG[0m	v1/users_controller.go:44	Database Query	{"sql": "SELECT * FROM `users` WHERE `users`.`deleted_at` IS NULL ORDER BY id asc LIMIT 5", "time": "0.000ms", "rows": 5}
2022-12-10 11:00:36	[35mDEBUG[0m	middlewares/logger.go:77	HTTP Access Log	{"status": 200, "request": "GET /api/v1/users", "query": "", "ip": "127.0.0.1", "user-agent": "Mozilla/5.0 (Macintosh; Intel Mac OS X 10_15_7) AppleWebKit/537.36 (KHTML, like Gecko) Chrome/108.0.0.0 Safari/537.36", "errors": "", "time": "3.000ms"}
2022-12-10 11:00:36	[35mDEBUG[0m	v1/roles_controller.go:24	Database Query	{"sql": "SELECT * FROM `roles_apis` WHERE `roles_apis`.`role_id` IN (1,2,3,4,6)", "time": "0.000ms", "rows": 0}
2022-12-10 11:00:36	[35mDEBUG[0m	v1/roles_controller.go:24	Database Query	{"sql": "SELECT * FROM `roles_menus` WHERE `roles_menus`.`role_id` IN (1,2,3,4,6)", "time": "0.000ms", "rows": 49}
2022-12-10 11:00:36	[35mDEBUG[0m	v1/roles_controller.go:24	Database Query	{"sql": "SELECT * FROM `menus` WHERE `menus`.`id` IN (1,2,3,4,5,6,7,8,9,10,11,12,13,14,15) AND `menus`.`deleted_at` IS NULL", "time": "1.000ms", "rows": 15}
2022-12-10 11:00:36	[35mDEBUG[0m	v1/roles_controller.go:24	Database Query	{"sql": "SELECT * FROM `roles` WHERE `roles`.`deleted_at` IS NULL ORDER BY id asc LIMIT 5", "time": "3.000ms", "rows": 5}
2022-12-10 11:00:36	[35mDEBUG[0m	middlewares/logger.go:77	HTTP Access Log	{"status": 200, "request": "GET /api/v1/roles", "query": "", "ip": "127.0.0.1", "user-agent": "Mozilla/5.0 (Macintosh; Intel Mac OS X 10_15_7) AppleWebKit/537.36 (KHTML, like Gecko) Chrome/108.0.0.0 Safari/537.36", "errors": "", "time": "6.000ms"}
2022-12-10 11:00:36	[35mDEBUG[0m	gin@v1.8.1/context.go:173	Database Query	{"sql": "SELECT * FROM `users` WHERE id = '1' AND `users`.`deleted_at` IS NULL ORDER BY `users`.`id` LIMIT 1", "time": "0.000ms", "rows": 1}
2022-12-10 11:00:36	[35mDEBUG[0m	gin@v1.8.1/context.go:173	Database Query	{"sql": "SELECT * FROM `roles` WHERE role_name = 'superAdmin' AND `roles`.`deleted_at` IS NULL ORDER BY `roles`.`id` LIMIT 1", "time": "0.000ms", "rows": 1}
2022-12-10 11:00:36	[35mDEBUG[0m	paginator/paginator.go:65	Database Query	{"sql": "SELECT count(*) FROM `users` WHERE `users`.`deleted_at` IS NULL", "time": "0.000ms", "rows": 1}
2022-12-10 11:00:36	[35mDEBUG[0m	v1/users_controller.go:44	Database Query	{"sql": "SELECT * FROM `users` WHERE `users`.`deleted_at` IS NULL ORDER BY id asc LIMIT 5", "time": "0.000ms", "rows": 5}
2022-12-10 11:00:36	[35mDEBUG[0m	middlewares/logger.go:77	HTTP Access Log	{"status": 200, "request": "GET /api/v1/users?page=1&sort=id&order=asc&per_page=5", "query": "page=1&sort=id&order=asc&per_page=5", "ip": "127.0.0.1", "user-agent": "Mozilla/5.0 (Macintosh; Intel Mac OS X 10_15_7) AppleWebKit/537.36 (KHTML, like Gecko) Chrome/108.0.0.0 Safari/537.36", "errors": "", "time": "2.000ms"}
2022-12-10 11:18:05	[35mDEBUG[0m	gin@v1.8.1/context.go:173	Database Query	{"sql": "SELECT * FROM `users` WHERE id = '1' AND `users`.`deleted_at` IS NULL ORDER BY `users`.`id` LIMIT 1", "time": "4.000ms", "rows": 1}
2022-12-10 11:18:05	[35mDEBUG[0m	middlewares/logger.go:77	HTTP Access Log	{"status": 200, "request": "GET /api/v1/user", "query": "", "ip": "127.0.0.1", "user-agent": "Mozilla/5.0 (Macintosh; Intel Mac OS X 10_15_7) AppleWebKit/537.36 (KHTML, like Gecko) Chrome/108.0.0.0 Safari/537.36", "errors": "", "time": "6.000ms"}
2022-12-10 11:18:05	[35mDEBUG[0m	gin@v1.8.1/context.go:173	Database Query	{"sql": "SELECT * FROM `users` WHERE id = '1' AND `users`.`deleted_at` IS NULL ORDER BY `users`.`id` LIMIT 1", "time": "0.000ms", "rows": 1}
2022-12-10 11:18:05	[35mDEBUG[0m	gin@v1.8.1/context.go:173	Database Query	{"sql": "SELECT * FROM `roles` WHERE role_name = 'superAdmin' AND `roles`.`deleted_at` IS NULL ORDER BY `roles`.`id` LIMIT 1", "time": "0.000ms", "rows": 1}
2022-12-10 11:18:05	[35mDEBUG[0m	gin@v1.8.1/context.go:173	Database Query	{"sql": "SELECT * FROM `users` WHERE id = '1' AND `users`.`deleted_at` IS NULL ORDER BY `users`.`id` LIMIT 1", "time": "2.000ms", "rows": 1}
2022-12-10 11:18:05	[35mDEBUG[0m	paginator/paginator.go:65	Database Query	{"sql": "SELECT count(*) FROM `users` WHERE `users`.`deleted_at` IS NULL", "time": "0.000ms", "rows": 1}
2022-12-10 11:18:05	[35mDEBUG[0m	v1/users_controller.go:44	Database Query	{"sql": "SELECT * FROM `users` WHERE `users`.`deleted_at` IS NULL ORDER BY id asc LIMIT 5", "time": "0.000ms", "rows": 5}
2022-12-10 11:18:05	[35mDEBUG[0m	gin@v1.8.1/context.go:173	Database Query	{"sql": "SELECT * FROM `roles` WHERE role_name = 'superAdmin' AND `roles`.`deleted_at` IS NULL ORDER BY `roles`.`id` LIMIT 1", "time": "0.000ms", "rows": 1}
2022-12-10 11:18:05	[35mDEBUG[0m	middlewares/logger.go:77	HTTP Access Log	{"status": 200, "request": "GET /api/v1/users", "query": "", "ip": "127.0.0.1", "user-agent": "Mozilla/5.0 (Macintosh; Intel Mac OS X 10_15_7) AppleWebKit/537.36 (KHTML, like Gecko) Chrome/108.0.0.0 Safari/537.36", "errors": "", "time": "3.000ms"}
2022-12-10 11:18:05	[35mDEBUG[0m	paginator/paginator.go:65	Database Query	{"sql": "SELECT count(*) FROM `roles` WHERE `roles`.`deleted_at` IS NULL", "time": "0.000ms", "rows": 1}
2022-12-10 11:18:05	[35mDEBUG[0m	v1/roles_controller.go:24	Database Query	{"sql": "SELECT * FROM `roles_apis` WHERE `roles_apis`.`role_id` IN (1,2,3,4,6)", "time": "0.000ms", "rows": 0}
2022-12-10 11:18:05	[35mDEBUG[0m	v1/roles_controller.go:24	Database Query	{"sql": "SELECT * FROM `roles_menus` WHERE `roles_menus`.`role_id` IN (1,2,3,4,6)", "time": "0.000ms", "rows": 49}
2022-12-10 11:18:05	[35mDEBUG[0m	v1/roles_controller.go:24	Database Query	{"sql": "SELECT * FROM `menus` WHERE `menus`.`id` IN (1,2,3,4,5,6,7,8,9,10,11,12,13,14,15) AND `menus`.`deleted_at` IS NULL", "time": "1.000ms", "rows": 15}
2022-12-10 11:18:05	[35mDEBUG[0m	v1/roles_controller.go:24	Database Query	{"sql": "SELECT * FROM `roles` WHERE `roles`.`deleted_at` IS NULL ORDER BY id asc LIMIT 5", "time": "4.000ms", "rows": 5}
2022-12-10 11:18:05	[35mDEBUG[0m	middlewares/logger.go:77	HTTP Access Log	{"status": 200, "request": "GET /api/v1/roles", "query": "", "ip": "127.0.0.1", "user-agent": "Mozilla/5.0 (Macintosh; Intel Mac OS X 10_15_7) AppleWebKit/537.36 (KHTML, like Gecko) Chrome/108.0.0.0 Safari/537.36", "errors": "", "time": "8.000ms"}
2022-12-10 11:18:05	[35mDEBUG[0m	gin@v1.8.1/context.go:173	Database Query	{"sql": "SELECT * FROM `users` WHERE id = '1' AND `users`.`deleted_at` IS NULL ORDER BY `users`.`id` LIMIT 1", "time": "1.000ms", "rows": 1}
2022-12-10 11:18:05	[35mDEBUG[0m	gin@v1.8.1/context.go:173	Database Query	{"sql": "SELECT * FROM `roles` WHERE role_name = 'superAdmin' AND `roles`.`deleted_at` IS NULL ORDER BY `roles`.`id` LIMIT 1", "time": "0.000ms", "rows": 1}
2022-12-10 11:18:05	[35mDEBUG[0m	paginator/paginator.go:65	Database Query	{"sql": "SELECT count(*) FROM `users` WHERE `users`.`deleted_at` IS NULL", "time": "1.000ms", "rows": 1}
2022-12-10 11:18:05	[35mDEBUG[0m	v1/users_controller.go:44	Database Query	{"sql": "SELECT * FROM `users` WHERE `users`.`deleted_at` IS NULL ORDER BY id asc LIMIT 5", "time": "0.000ms", "rows": 5}
2022-12-10 11:18:05	[35mDEBUG[0m	middlewares/logger.go:77	HTTP Access Log	{"status": 200, "request": "GET /api/v1/users?page=1&sort=id&order=asc&per_page=5", "query": "page=1&sort=id&order=asc&per_page=5", "ip": "127.0.0.1", "user-agent": "Mozilla/5.0 (Macintosh; Intel Mac OS X 10_15_7) AppleWebKit/537.36 (KHTML, like Gecko) Chrome/108.0.0.0 Safari/537.36", "errors": "", "time": "4.000ms"}
2022-12-10 11:18:27	[35mDEBUG[0m	gin@v1.8.1/context.go:173	Database Query	{"sql": "SELECT * FROM `users` WHERE id = '1' AND `users`.`deleted_at` IS NULL ORDER BY `users`.`id` LIMIT 1", "time": "0.000ms", "rows": 1}
2022-12-10 11:18:27	[35mDEBUG[0m	middlewares/logger.go:77	HTTP Access Log	{"status": 200, "request": "GET /api/v1/user", "query": "", "ip": "127.0.0.1", "user-agent": "Mozilla/5.0 (Macintosh; Intel Mac OS X 10_15_7) AppleWebKit/537.36 (KHTML, like Gecko) Chrome/108.0.0.0 Safari/537.36", "errors": "", "time": "1.000ms"}
2022-12-10 11:18:27	[35mDEBUG[0m	gin@v1.8.1/context.go:173	Database Query	{"sql": "SELECT * FROM `users` WHERE id = '1' AND `users`.`deleted_at` IS NULL ORDER BY `users`.`id` LIMIT 1", "time": "0.000ms", "rows": 1}
2022-12-10 11:18:27	[35mDEBUG[0m	gin@v1.8.1/context.go:173	Database Query	{"sql": "SELECT * FROM `roles` WHERE role_name = 'superAdmin' AND `roles`.`deleted_at` IS NULL ORDER BY `roles`.`id` LIMIT 1", "time": "0.000ms", "rows": 1}
2022-12-10 11:18:27	[35mDEBUG[0m	paginator/paginator.go:65	Database Query	{"sql": "SELECT count(*) FROM `users` WHERE `users`.`deleted_at` IS NULL", "time": "0.000ms", "rows": 1}
2022-12-10 11:18:27	[35mDEBUG[0m	v1/users_controller.go:44	Database Query	{"sql": "SELECT * FROM `users` WHERE `users`.`deleted_at` IS NULL ORDER BY id asc LIMIT 5", "time": "0.000ms", "rows": 5}
2022-12-10 11:18:27	[35mDEBUG[0m	middlewares/logger.go:77	HTTP Access Log	{"status": 200, "request": "GET /api/v1/users", "query": "", "ip": "127.0.0.1", "user-agent": "Mozilla/5.0 (Macintosh; Intel Mac OS X 10_15_7) AppleWebKit/537.36 (KHTML, like Gecko) Chrome/108.0.0.0 Safari/537.36", "errors": "", "time": "3.000ms"}
2022-12-10 11:18:27	[35mDEBUG[0m	gin@v1.8.1/context.go:173	Database Query	{"sql": "SELECT * FROM `users` WHERE id = '1' AND `users`.`deleted_at` IS NULL ORDER BY `users`.`id` LIMIT 1", "time": "0.000ms", "rows": 1}
2022-12-10 11:18:27	[35mDEBUG[0m	gin@v1.8.1/context.go:173	Database Query	{"sql": "SELECT * FROM `roles` WHERE role_name = 'superAdmin' AND `roles`.`deleted_at` IS NULL ORDER BY `roles`.`id` LIMIT 1", "time": "0.000ms", "rows": 1}
2022-12-10 11:18:27	[35mDEBUG[0m	paginator/paginator.go:65	Database Query	{"sql": "SELECT count(*) FROM `roles` WHERE `roles`.`deleted_at` IS NULL", "time": "0.000ms", "rows": 1}
2022-12-10 11:18:27	[35mDEBUG[0m	v1/roles_controller.go:24	Database Query	{"sql": "SELECT * FROM `roles_apis` WHERE `roles_apis`.`role_id` IN (1,2,3,4,6)", "time": "0.000ms", "rows": 0}
2022-12-10 11:18:27	[35mDEBUG[0m	v1/roles_controller.go:24	Database Query	{"sql": "SELECT * FROM `roles_menus` WHERE `roles_menus`.`role_id` IN (1,2,3,4,6)", "time": "0.000ms", "rows": 49}
2022-12-10 11:18:27	[35mDEBUG[0m	v1/roles_controller.go:24	Database Query	{"sql": "SELECT * FROM `menus` WHERE `menus`.`id` IN (1,2,3,4,5,6,7,8,9,10,11,12,13,14,15) AND `menus`.`deleted_at` IS NULL", "time": "1.000ms", "rows": 15}
2022-12-10 11:18:27	[35mDEBUG[0m	v1/roles_controller.go:24	Database Query	{"sql": "SELECT * FROM `roles` WHERE `roles`.`deleted_at` IS NULL ORDER BY id asc LIMIT 5", "time": "3.000ms", "rows": 5}
2022-12-10 11:18:27	[35mDEBUG[0m	middlewares/logger.go:77	HTTP Access Log	{"status": 200, "request": "GET /api/v1/roles", "query": "", "ip": "127.0.0.1", "user-agent": "Mozilla/5.0 (Macintosh; Intel Mac OS X 10_15_7) AppleWebKit/537.36 (KHTML, like Gecko) Chrome/108.0.0.0 Safari/537.36", "errors": "", "time": "7.000ms"}
2022-12-10 11:18:27	[35mDEBUG[0m	gin@v1.8.1/context.go:173	Database Query	{"sql": "SELECT * FROM `users` WHERE id = '1' AND `users`.`deleted_at` IS NULL ORDER BY `users`.`id` LIMIT 1", "time": "0.000ms", "rows": 1}
2022-12-10 11:18:27	[35mDEBUG[0m	gin@v1.8.1/context.go:173	Database Query	{"sql": "SELECT * FROM `roles` WHERE role_name = 'superAdmin' AND `roles`.`deleted_at` IS NULL ORDER BY `roles`.`id` LIMIT 1", "time": "0.000ms", "rows": 1}
2022-12-10 11:18:27	[35mDEBUG[0m	paginator/paginator.go:65	Database Query	{"sql": "SELECT count(*) FROM `users` WHERE `users`.`deleted_at` IS NULL", "time": "0.000ms", "rows": 1}
2022-12-10 11:18:27	[35mDEBUG[0m	v1/users_controller.go:44	Database Query	{"sql": "SELECT * FROM `users` WHERE `users`.`deleted_at` IS NULL ORDER BY id asc LIMIT 5", "time": "0.000ms", "rows": 5}
2022-12-10 11:18:27	[35mDEBUG[0m	middlewares/logger.go:77	HTTP Access Log	{"status": 200, "request": "GET /api/v1/users?page=1&sort=id&order=asc&per_page=5", "query": "page=1&sort=id&order=asc&per_page=5", "ip": "127.0.0.1", "user-agent": "Mozilla/5.0 (Macintosh; Intel Mac OS X 10_15_7) AppleWebKit/537.36 (KHTML, like Gecko) Chrome/108.0.0.0 Safari/537.36", "errors": "", "time": "3.000ms"}
2022-12-10 11:18:28	[35mDEBUG[0m	gin@v1.8.1/context.go:173	Database Query	{"sql": "SELECT * FROM `users` WHERE id = '1' AND `users`.`deleted_at` IS NULL ORDER BY `users`.`id` LIMIT 1", "time": "0.000ms", "rows": 1}
2022-12-10 11:18:28	[35mDEBUG[0m	middlewares/logger.go:77	HTTP Access Log	{"status": 200, "request": "GET /api/v1/user", "query": "", "ip": "127.0.0.1", "user-agent": "Mozilla/5.0 (Macintosh; Intel Mac OS X 10_15_7) AppleWebKit/537.36 (KHTML, like Gecko) Chrome/108.0.0.0 Safari/537.36", "errors": "", "time": "1.000ms"}
2022-12-10 11:18:28	[35mDEBUG[0m	gin@v1.8.1/context.go:173	Database Query	{"sql": "SELECT * FROM `users` WHERE id = '1' AND `users`.`deleted_at` IS NULL ORDER BY `users`.`id` LIMIT 1", "time": "0.000ms", "rows": 1}
2022-12-10 11:18:28	[35mDEBUG[0m	gin@v1.8.1/context.go:173	Database Query	{"sql": "SELECT * FROM `users` WHERE id = '1' AND `users`.`deleted_at` IS NULL ORDER BY `users`.`id` LIMIT 1", "time": "0.000ms", "rows": 1}
2022-12-10 11:18:28	[35mDEBUG[0m	gin@v1.8.1/context.go:173	Database Query	{"sql": "SELECT * FROM `roles` WHERE role_name = 'superAdmin' AND `roles`.`deleted_at` IS NULL ORDER BY `roles`.`id` LIMIT 1", "time": "0.000ms", "rows": 1}
2022-12-10 11:18:28	[35mDEBUG[0m	gin@v1.8.1/context.go:173	Database Query	{"sql": "SELECT * FROM `roles` WHERE role_name = 'superAdmin' AND `roles`.`deleted_at` IS NULL ORDER BY `roles`.`id` LIMIT 1", "time": "0.000ms", "rows": 1}
2022-12-10 11:18:28	[35mDEBUG[0m	paginator/paginator.go:65	Database Query	{"sql": "SELECT count(*) FROM `users` WHERE `users`.`deleted_at` IS NULL", "time": "0.000ms", "rows": 1}
2022-12-10 11:18:28	[35mDEBUG[0m	paginator/paginator.go:65	Database Query	{"sql": "SELECT count(*) FROM `roles` WHERE `roles`.`deleted_at` IS NULL", "time": "0.000ms", "rows": 1}
2022-12-10 11:18:28	[35mDEBUG[0m	v1/users_controller.go:44	Database Query	{"sql": "SELECT * FROM `users` WHERE `users`.`deleted_at` IS NULL ORDER BY id asc LIMIT 5", "time": "0.000ms", "rows": 5}
2022-12-10 11:18:28	[35mDEBUG[0m	middlewares/logger.go:77	HTTP Access Log	{"status": 200, "request": "GET /api/v1/users", "query": "", "ip": "127.0.0.1", "user-agent": "Mozilla/5.0 (Macintosh; Intel Mac OS X 10_15_7) AppleWebKit/537.36 (KHTML, like Gecko) Chrome/108.0.0.0 Safari/537.36", "errors": "", "time": "2.000ms"}
2022-12-10 11:18:28	[35mDEBUG[0m	v1/roles_controller.go:24	Database Query	{"sql": "SELECT * FROM `roles_apis` WHERE `roles_apis`.`role_id` IN (1,2,3,4,6)", "time": "0.000ms", "rows": 0}
2022-12-10 11:18:28	[35mDEBUG[0m	v1/roles_controller.go:24	Database Query	{"sql": "SELECT * FROM `roles_menus` WHERE `roles_menus`.`role_id` IN (1,2,3,4,6)", "time": "0.000ms", "rows": 49}
2022-12-10 11:18:28	[35mDEBUG[0m	v1/roles_controller.go:24	Database Query	{"sql": "SELECT * FROM `menus` WHERE `menus`.`id` IN (1,2,3,4,5,6,7,8,9,10,11,12,13,14,15) AND `menus`.`deleted_at` IS NULL", "time": "1.000ms", "rows": 15}
2022-12-10 11:18:28	[35mDEBUG[0m	v1/roles_controller.go:24	Database Query	{"sql": "SELECT * FROM `roles` WHERE `roles`.`deleted_at` IS NULL ORDER BY id asc LIMIT 5", "time": "3.000ms", "rows": 5}
2022-12-10 11:18:28	[35mDEBUG[0m	middlewares/logger.go:77	HTTP Access Log	{"status": 200, "request": "GET /api/v1/roles", "query": "", "ip": "127.0.0.1", "user-agent": "Mozilla/5.0 (Macintosh; Intel Mac OS X 10_15_7) AppleWebKit/537.36 (KHTML, like Gecko) Chrome/108.0.0.0 Safari/537.36", "errors": "", "time": "6.000ms"}
2022-12-10 11:18:28	[35mDEBUG[0m	gin@v1.8.1/context.go:173	Database Query	{"sql": "SELECT * FROM `users` WHERE id = '1' AND `users`.`deleted_at` IS NULL ORDER BY `users`.`id` LIMIT 1", "time": "0.000ms", "rows": 1}
2022-12-10 11:18:28	[35mDEBUG[0m	gin@v1.8.1/context.go:173	Database Query	{"sql": "SELECT * FROM `roles` WHERE role_name = 'superAdmin' AND `roles`.`deleted_at` IS NULL ORDER BY `roles`.`id` LIMIT 1", "time": "0.000ms", "rows": 1}
2022-12-10 11:18:28	[35mDEBUG[0m	paginator/paginator.go:65	Database Query	{"sql": "SELECT count(*) FROM `users` WHERE `users`.`deleted_at` IS NULL", "time": "0.000ms", "rows": 1}
2022-12-10 11:18:28	[35mDEBUG[0m	v1/users_controller.go:44	Database Query	{"sql": "SELECT * FROM `users` WHERE `users`.`deleted_at` IS NULL ORDER BY id asc LIMIT 5", "time": "0.000ms", "rows": 5}
2022-12-10 11:18:28	[35mDEBUG[0m	middlewares/logger.go:77	HTTP Access Log	{"status": 200, "request": "GET /api/v1/users?page=1&sort=id&order=asc&per_page=5", "query": "page=1&sort=id&order=asc&per_page=5", "ip": "127.0.0.1", "user-agent": "Mozilla/5.0 (Macintosh; Intel Mac OS X 10_15_7) AppleWebKit/537.36 (KHTML, like Gecko) Chrome/108.0.0.0 Safari/537.36", "errors": "", "time": "4.000ms"}
2022-12-10 11:18:34	[35mDEBUG[0m	middlewares/logger.go:77	HTTP Access Log	{"status": 200, "request": "GET /api/v1/auth/verify-codes/captcha", "query": "", "ip": "127.0.0.1", "user-agent": "Mozilla/5.0 (Macintosh; Intel Mac OS X 10_15_7) AppleWebKit/537.36 (KHTML, like Gecko) Chrome/108.0.0.0 Safari/537.36", "errors": "", "time": "3.000ms"}
2022-12-10 11:19:24	[33mWARN[0m	gorm@v1.24.1/callbacks.go:134	Database ErrRecordNotFound	{"sql": "SELECT * FROM `users` WHERE (name = 'CaUuln' OR phone = 'CaUuln' OR email = 'CaUuln') AND `users`.`deleted_at` IS NULL ORDER BY `users`.`id` LIMIT 1", "time": "0.000ms", "rows": 0}
2022-12-10 11:19:24	[35mDEBUG[0m	auth/login_controller.go:49	Database Query	{"sql": "SELECT * FROM `users` WHERE (name = 'CaUuln' OR phone = 'CaUuln' OR email = 'CaUuln') AND `users`.`deleted_at` IS NULL ORDER BY `users`.`id` LIMIT 1", "time": "0.000ms", "rows": 0}
2022-12-10 11:19:24	[31mERROR[0m	response/response.go:83	Error Occurred:	{"error": "账号不存在"}
github.com/Gopherlinzy/gin-vue3-admin/pkg/response.Error
	/Users/admin/go/src/gin-vue3-admin/pkg/response/response.go:83
github.com/Gopherlinzy/gin-vue3-admin/app/http/controllers/api/v1/auth.(*LoginController).LoginByPassword
	/Users/admin/go/src/gin-vue3-admin/app/http/controllers/api/v1/auth/login_controller.go:52
github.com/gin-gonic/gin.(*Context).Next
	/Users/admin/go/pkg/mod/github.com/gin-gonic/gin@v1.8.1/context.go:173
github.com/Gopherlinzy/gin-vue3-admin/app/http/middlewares.GuestJWT.func1
	/Users/admin/go/src/gin-vue3-admin/app/http/middlewares/guest_jwt.go:22
github.com/gin-gonic/gin.(*Context).Next
	/Users/admin/go/pkg/mod/github.com/gin-gonic/gin@v1.8.1/context.go:173
github.com/Gopherlinzy/gin-vue3-admin/app/http/middlewares.LimitIP.func1
	/Users/admin/go/src/gin-vue3-admin/app/http/middlewares/limit.go:30
github.com/gin-gonic/gin.(*Context).Next
	/Users/admin/go/pkg/mod/github.com/gin-gonic/gin@v1.8.1/context.go:173
github.com/Gopherlinzy/gin-vue3-admin/app/http/middlewares.LimitIP.func1
	/Users/admin/go/src/gin-vue3-admin/app/http/middlewares/limit.go:30
github.com/gin-gonic/gin.(*Context).Next
	/Users/admin/go/pkg/mod/github.com/gin-gonic/gin@v1.8.1/context.go:173
github.com/Gopherlinzy/gin-vue3-admin/app/http/middlewares.ForceUA.func1
	/Users/admin/go/src/gin-vue3-admin/app/http/middlewares/force_ua.go:19
github.com/gin-gonic/gin.(*Context).Next
	/Users/admin/go/pkg/mod/github.com/gin-gonic/gin@v1.8.1/context.go:173
github.com/Gopherlinzy/gin-vue3-admin/app/http/middlewares.Recovery.func1
	/Users/admin/go/src/gin-vue3-admin/app/http/middlewares/recovery.go:63
github.com/gin-gonic/gin.(*Context).Next
	/Users/admin/go/pkg/mod/github.com/gin-gonic/gin@v1.8.1/context.go:173
github.com/Gopherlinzy/gin-vue3-admin/app/http/middlewares.Logger.func1
	/Users/admin/go/src/gin-vue3-admin/app/http/middlewares/logger.go:47
github.com/gin-gonic/gin.(*Context).Next
	/Users/admin/go/pkg/mod/github.com/gin-gonic/gin@v1.8.1/context.go:173
github.com/gin-gonic/gin.(*Engine).handleHTTPRequest
	/Users/admin/go/pkg/mod/github.com/gin-gonic/gin@v1.8.1/gin.go:616
github.com/gin-gonic/gin.(*Engine).ServeHTTP
	/Users/admin/go/pkg/mod/github.com/gin-gonic/gin@v1.8.1/gin.go:572
net/http.serverHandler.ServeHTTP
	/opt/homebrew/Cellar/go/1.19.3/libexec/src/net/http/server.go:2947
net/http.(*conn).serve
	/opt/homebrew/Cellar/go/1.19.3/libexec/src/net/http/server.go:1991
2022-12-10 11:19:24	[33mWARN[0m	middlewares/logger.go:72	HTTP Warning 422	{"status": 422, "request": "POST /api/v1/auth/login/using-password", "query": "", "ip": "127.0.0.1", "user-agent": "Mozilla/5.0 (Macintosh; Intel Mac OS X 10_15_7) AppleWebKit/537.36 (KHTML, like Gecko) Chrome/108.0.0.0 Safari/537.36", "errors": "", "time": "6.000ms", "Request Body": "{\"login_id\":\"CaUuln\",\"password\":\"123456\",\"captcha_id\":\"VnkcR3dux9r8qJ8aMFrA\",\"captcha_answer\":\"262252\"}", "Response Body": "{\"error\":\"账号不存在\",\"message\":\"账号不存在或密码错误\"}"}
2022-12-10 11:20:33	[35mDEBUG[0m	middlewares/logger.go:77	HTTP Access Log	{"status": 200, "request": "GET /api/v1/auth/verify-codes/captcha", "query": "", "ip": "127.0.0.1", "user-agent": "Mozilla/5.0 (Macintosh; Intel Mac OS X 10_15_7) AppleWebKit/537.36 (KHTML, like Gecko) Chrome/108.0.0.0 Safari/537.36", "errors": "", "time": "4.000ms"}
2022-12-10 11:20:45	[33mWARN[0m	gorm@v1.24.1/callbacks.go:134	Database ErrRecordNotFound	{"sql": "SELECT * FROM `users` WHERE (name = '123' OR phone = '123' OR email = '123') AND `users`.`deleted_at` IS NULL ORDER BY `users`.`id` LIMIT 1", "time": "1.000ms", "rows": 0}
2022-12-10 11:20:45	[35mDEBUG[0m	auth/login_controller.go:49	Database Query	{"sql": "SELECT * FROM `users` WHERE (name = '123' OR phone = '123' OR email = '123') AND `users`.`deleted_at` IS NULL ORDER BY `users`.`id` LIMIT 1", "time": "1.000ms", "rows": 0}
2022-12-10 11:20:45	[31mERROR[0m	response/response.go:83	Error Occurred:	{"error": "账号不存在"}
github.com/Gopherlinzy/gin-vue3-admin/pkg/response.Error
	/Users/admin/go/src/gin-vue3-admin/pkg/response/response.go:83
github.com/Gopherlinzy/gin-vue3-admin/app/http/controllers/api/v1/auth.(*LoginController).LoginByPassword
	/Users/admin/go/src/gin-vue3-admin/app/http/controllers/api/v1/auth/login_controller.go:52
github.com/gin-gonic/gin.(*Context).Next
	/Users/admin/go/pkg/mod/github.com/gin-gonic/gin@v1.8.1/context.go:173
github.com/Gopherlinzy/gin-vue3-admin/app/http/middlewares.GuestJWT.func1
	/Users/admin/go/src/gin-vue3-admin/app/http/middlewares/guest_jwt.go:22
github.com/gin-gonic/gin.(*Context).Next
	/Users/admin/go/pkg/mod/github.com/gin-gonic/gin@v1.8.1/context.go:173
github.com/Gopherlinzy/gin-vue3-admin/app/http/middlewares.LimitIP.func1
	/Users/admin/go/src/gin-vue3-admin/app/http/middlewares/limit.go:30
github.com/gin-gonic/gin.(*Context).Next
	/Users/admin/go/pkg/mod/github.com/gin-gonic/gin@v1.8.1/context.go:173
github.com/Gopherlinzy/gin-vue3-admin/app/http/middlewares.LimitIP.func1
	/Users/admin/go/src/gin-vue3-admin/app/http/middlewares/limit.go:30
github.com/gin-gonic/gin.(*Context).Next
	/Users/admin/go/pkg/mod/github.com/gin-gonic/gin@v1.8.1/context.go:173
github.com/Gopherlinzy/gin-vue3-admin/app/http/middlewares.ForceUA.func1
	/Users/admin/go/src/gin-vue3-admin/app/http/middlewares/force_ua.go:19
github.com/gin-gonic/gin.(*Context).Next
	/Users/admin/go/pkg/mod/github.com/gin-gonic/gin@v1.8.1/context.go:173
github.com/Gopherlinzy/gin-vue3-admin/app/http/middlewares.Recovery.func1
	/Users/admin/go/src/gin-vue3-admin/app/http/middlewares/recovery.go:63
github.com/gin-gonic/gin.(*Context).Next
	/Users/admin/go/pkg/mod/github.com/gin-gonic/gin@v1.8.1/context.go:173
github.com/Gopherlinzy/gin-vue3-admin/app/http/middlewares.Logger.func1
	/Users/admin/go/src/gin-vue3-admin/app/http/middlewares/logger.go:47
github.com/gin-gonic/gin.(*Context).Next
	/Users/admin/go/pkg/mod/github.com/gin-gonic/gin@v1.8.1/context.go:173
github.com/gin-gonic/gin.(*Engine).handleHTTPRequest
	/Users/admin/go/pkg/mod/github.com/gin-gonic/gin@v1.8.1/gin.go:616
github.com/gin-gonic/gin.(*Engine).ServeHTTP
	/Users/admin/go/pkg/mod/github.com/gin-gonic/gin@v1.8.1/gin.go:572
net/http.serverHandler.ServeHTTP
	/opt/homebrew/Cellar/go/1.19.3/libexec/src/net/http/server.go:2947
net/http.(*conn).serve
	/opt/homebrew/Cellar/go/1.19.3/libexec/src/net/http/server.go:1991
2022-12-10 11:20:45	[33mWARN[0m	middlewares/logger.go:72	HTTP Warning 422	{"status": 422, "request": "POST /api/v1/auth/login/using-password", "query": "", "ip": "127.0.0.1", "user-agent": "Mozilla/5.0 (Macintosh; Intel Mac OS X 10_15_7) AppleWebKit/537.36 (KHTML, like Gecko) Chrome/108.0.0.0 Safari/537.36", "errors": "", "time": "7.000ms", "Request Body": "{\"login_id\":\"123\",\"password\":\"123123\",\"captcha_id\":\"G9A8cBoaCeQTdy4MDdGe\",\"captcha_answer\":\"566817\"}", "Response Body": "{\"error\":\"账号不存在\",\"message\":\"账号不存在或密码错误\"}"}
2022-12-10 11:21:11	[35mDEBUG[0m	middlewares/logger.go:77	HTTP Access Log	{"status": 200, "request": "GET /api/v1/auth/verify-codes/captcha", "query": "", "ip": "127.0.0.1", "user-agent": "Mozilla/5.0 (Macintosh; Intel Mac OS X 10_15_7) AppleWebKit/537.36 (KHTML, like Gecko) Chrome/108.0.0.0 Safari/537.36", "errors": "", "time": "3.000ms"}
2022-12-10 11:21:19	[35mDEBUG[0m	middlewares/logger.go:77	HTTP Access Log	{"status": 200, "request": "GET /api/v1/auth/verify-codes/captcha", "query": "", "ip": "127.0.0.1", "user-agent": "Mozilla/5.0 (Macintosh; Intel Mac OS X 10_15_7) AppleWebKit/537.36 (KHTML, like Gecko) Chrome/108.0.0.0 Safari/537.36", "errors": "", "time": "4.000ms"}
2022-12-10 11:21:31	[33mWARN[0m	gorm@v1.24.1/callbacks.go:134	Database ErrRecordNotFound	{"sql": "SELECT * FROM `users` WHERE (name = '1231' OR phone = '1231' OR email = '1231') AND `users`.`deleted_at` IS NULL ORDER BY `users`.`id` LIMIT 1", "time": "1.000ms", "rows": 0}
2022-12-10 11:21:31	[35mDEBUG[0m	auth/login_controller.go:49	Database Query	{"sql": "SELECT * FROM `users` WHERE (name = '1231' OR phone = '1231' OR email = '1231') AND `users`.`deleted_at` IS NULL ORDER BY `users`.`id` LIMIT 1", "time": "1.000ms", "rows": 0}
2022-12-10 11:21:31	[31mERROR[0m	response/response.go:83	Error Occurred:	{"error": "账号不存在"}
github.com/Gopherlinzy/gin-vue3-admin/pkg/response.Error
	/Users/admin/go/src/gin-vue3-admin/pkg/response/response.go:83
github.com/Gopherlinzy/gin-vue3-admin/app/http/controllers/api/v1/auth.(*LoginController).LoginByPassword
	/Users/admin/go/src/gin-vue3-admin/app/http/controllers/api/v1/auth/login_controller.go:52
github.com/gin-gonic/gin.(*Context).Next
	/Users/admin/go/pkg/mod/github.com/gin-gonic/gin@v1.8.1/context.go:173
github.com/Gopherlinzy/gin-vue3-admin/app/http/middlewares.GuestJWT.func1
	/Users/admin/go/src/gin-vue3-admin/app/http/middlewares/guest_jwt.go:22
github.com/gin-gonic/gin.(*Context).Next
	/Users/admin/go/pkg/mod/github.com/gin-gonic/gin@v1.8.1/context.go:173
github.com/Gopherlinzy/gin-vue3-admin/app/http/middlewares.LimitIP.func1
	/Users/admin/go/src/gin-vue3-admin/app/http/middlewares/limit.go:30
github.com/gin-gonic/gin.(*Context).Next
	/Users/admin/go/pkg/mod/github.com/gin-gonic/gin@v1.8.1/context.go:173
github.com/Gopherlinzy/gin-vue3-admin/app/http/middlewares.LimitIP.func1
	/Users/admin/go/src/gin-vue3-admin/app/http/middlewares/limit.go:30
github.com/gin-gonic/gin.(*Context).Next
	/Users/admin/go/pkg/mod/github.com/gin-gonic/gin@v1.8.1/context.go:173
github.com/Gopherlinzy/gin-vue3-admin/app/http/middlewares.ForceUA.func1
	/Users/admin/go/src/gin-vue3-admin/app/http/middlewares/force_ua.go:19
github.com/gin-gonic/gin.(*Context).Next
	/Users/admin/go/pkg/mod/github.com/gin-gonic/gin@v1.8.1/context.go:173
github.com/Gopherlinzy/gin-vue3-admin/app/http/middlewares.Recovery.func1
	/Users/admin/go/src/gin-vue3-admin/app/http/middlewares/recovery.go:63
github.com/gin-gonic/gin.(*Context).Next
	/Users/admin/go/pkg/mod/github.com/gin-gonic/gin@v1.8.1/context.go:173
github.com/Gopherlinzy/gin-vue3-admin/app/http/middlewares.Logger.func1
	/Users/admin/go/src/gin-vue3-admin/app/http/middlewares/logger.go:47
github.com/gin-gonic/gin.(*Context).Next
	/Users/admin/go/pkg/mod/github.com/gin-gonic/gin@v1.8.1/context.go:173
github.com/gin-gonic/gin.(*Engine).handleHTTPRequest
	/Users/admin/go/pkg/mod/github.com/gin-gonic/gin@v1.8.1/gin.go:616
github.com/gin-gonic/gin.(*Engine).ServeHTTP
	/Users/admin/go/pkg/mod/github.com/gin-gonic/gin@v1.8.1/gin.go:572
net/http.serverHandler.ServeHTTP
	/opt/homebrew/Cellar/go/1.19.3/libexec/src/net/http/server.go:2947
net/http.(*conn).serve
	/opt/homebrew/Cellar/go/1.19.3/libexec/src/net/http/server.go:1991
2022-12-10 11:21:31	[33mWARN[0m	middlewares/logger.go:72	HTTP Warning 422	{"status": 422, "request": "POST /api/v1/auth/login/using-password", "query": "", "ip": "127.0.0.1", "user-agent": "Mozilla/5.0 (Macintosh; Intel Mac OS X 10_15_7) AppleWebKit/537.36 (KHTML, like Gecko) Chrome/108.0.0.0 Safari/537.36", "errors": "", "time": "6.000ms", "Request Body": "{\"login_id\":\"1231\",\"password\":\"123123123\",\"captcha_id\":\"bsehny62vQ0YzfyUskon\",\"captcha_answer\":\"886187\"}", "Response Body": "{\"error\":\"账号不存在\",\"message\":\"账号不存在或密码错误\"}"}
2022-12-10 11:21:50	[35mDEBUG[0m	auth/login_controller.go:49	Database Query	{"sql": "SELECT * FROM `users` WHERE (name = 'VMFQVYB' OR phone = 'VMFQVYB' OR email = 'VMFQVYB') AND `users`.`deleted_at` IS NULL ORDER BY `users`.`id` LIMIT 1", "time": "0.000ms", "rows": 1}
2022-12-10 11:21:50	[33mWARN[0m	middlewares/logger.go:72	HTTP Warning 422	{"status": 422, "request": "POST /api/v1/auth/login/using-password", "query": "", "ip": "127.0.0.1", "user-agent": "Mozilla/5.0 (Macintosh; Intel Mac OS X 10_15_7) AppleWebKit/537.36 (KHTML, like Gecko) Chrome/108.0.0.0 Safari/537.36", "errors": "", "time": "306.000ms", "Request Body": "{\"login_id\":\"VMFQVYB\",\"password\":\"123456\",\"captcha_id\":\"bsehny62vQ0YzfyUskon\",\"captcha_answer\":\"886187\"}", "Response Body": "{\"errors\":\"账号异常\",\"message\":\"账号当前处于冻结状态，登录失败\"}"}
2022-12-10 20:00:07	[31mERROR[0m	gorm@v1.24.1/callbacks.go:134	Database Error	{"sql": "SELECT * FROM `apis` WHERE (id == 10 OR id == 17 OR id == 18 OR id == 19 OR id == 20) AND `apis`.`deleted_at` IS NULL", "time": "0.000ms", "rows": 0, "error": "Error 1064: You have an error in your SQL syntax; check the manual that corresponds to your MySQL server version for the right syntax to use near '== ? OR id == ? OR id == ? OR id == ? OR id == ?) AND `apis`.`deleted_at` IS NUL' at line 1"}
gorm.io/gorm.(*processor).Execute
	/Users/admin/go/pkg/mod/gorm.io/gorm@v1.24.1/callbacks.go:134
gorm.io/gorm.(*DB).Find
	/Users/admin/go/pkg/mod/gorm.io/gorm@v1.24.1/finisher_api.go:170
github.com/Gopherlinzy/gin-vue3-admin/app/models/api.AcceptID
	/Users/admin/go/src/gin-vue3-admin/app/models/api/api_util.go:47
github.com/Gopherlinzy/gin-vue3-admin/bootstrap.initRoleData
	/Users/admin/go/src/gin-vue3-admin/bootstrap/initialzation.go:163
github.com/Gopherlinzy/gin-vue3-admin/bootstrap.IntizationData.func1
	/Users/admin/go/src/gin-vue3-admin/bootstrap/initialzation.go:22
sync.(*Once).doSlow
	/opt/homebrew/Cellar/go/1.19.3/libexec/src/sync/once.go:74
sync.(*Once).Do
	/opt/homebrew/Cellar/go/1.19.3/libexec/src/sync/once.go:65
github.com/Gopherlinzy/gin-vue3-admin/bootstrap.IntizationData
	/Users/admin/go/src/gin-vue3-admin/bootstrap/initialzation.go:19
main.main.func1
	/Users/admin/go/src/gin-vue3-admin/main.go:41
github.com/spf13/cobra.(*Command).execute
	/Users/admin/go/pkg/mod/github.com/spf13/cobra@v1.6.1/command.go:896
github.com/spf13/cobra.(*Command).ExecuteC
	/Users/admin/go/pkg/mod/github.com/spf13/cobra@v1.6.1/command.go:1044
github.com/spf13/cobra.(*Command).Execute
	/Users/admin/go/pkg/mod/github.com/spf13/cobra@v1.6.1/command.go:968
main.main
	/Users/admin/go/src/gin-vue3-admin/main.go:64
runtime.main
	/opt/homebrew/Cellar/go/1.19.3/libexec/src/runtime/proc.go:250
2022-12-10 20:00:07	[31mERROR[0m	gorm@v1.24.1/callbacks.go:134	Database Error	{"sql": "SELECT * FROM `apis` WHERE id == 10 AND `apis`.`deleted_at` IS NULL", "time": "0.000ms", "rows": 0, "error": "Error 1064: You have an error in your SQL syntax; check the manual that corresponds to your MySQL server version for the right syntax to use near '== ? AND `apis`.`deleted_at` IS NULL' at line 1"}
gorm.io/gorm.(*processor).Execute
	/Users/admin/go/pkg/mod/gorm.io/gorm@v1.24.1/callbacks.go:134
gorm.io/gorm.(*DB).Find
	/Users/admin/go/pkg/mod/gorm.io/gorm@v1.24.1/finisher_api.go:170
github.com/Gopherlinzy/gin-vue3-admin/app/models/api.AcceptID
	/Users/admin/go/src/gin-vue3-admin/app/models/api/api_util.go:47
github.com/Gopherlinzy/gin-vue3-admin/bootstrap.initRoleData
	/Users/admin/go/src/gin-vue3-admin/bootstrap/initialzation.go:164
github.com/Gopherlinzy/gin-vue3-admin/bootstrap.IntizationData.func1
	/Users/admin/go/src/gin-vue3-admin/bootstrap/initialzation.go:22
sync.(*Once).doSlow
	/opt/homebrew/Cellar/go/1.19.3/libexec/src/sync/once.go:74
sync.(*Once).Do
	/opt/homebrew/Cellar/go/1.19.3/libexec/src/sync/once.go:65
github.com/Gopherlinzy/gin-vue3-admin/bootstrap.IntizationData
	/Users/admin/go/src/gin-vue3-admin/bootstrap/initialzation.go:19
main.main.func1
	/Users/admin/go/src/gin-vue3-admin/main.go:41
github.com/spf13/cobra.(*Command).execute
	/Users/admin/go/pkg/mod/github.com/spf13/cobra@v1.6.1/command.go:896
github.com/spf13/cobra.(*Command).ExecuteC
	/Users/admin/go/pkg/mod/github.com/spf13/cobra@v1.6.1/command.go:1044
github.com/spf13/cobra.(*Command).Execute
	/Users/admin/go/pkg/mod/github.com/spf13/cobra@v1.6.1/command.go:968
main.main
	/Users/admin/go/src/gin-vue3-admin/main.go:64
runtime.main
	/opt/homebrew/Cellar/go/1.19.3/libexec/src/runtime/proc.go:250
2022-12-10 20:05:34	[31mERROR[0m	gorm@v1.24.1/callbacks.go:134	Database Error	{"sql": "SELECT * FROM `apis` WHERE (id == 10 OR id == 17 OR id == 18 OR id == 19 OR id == 20) AND `apis`.`deleted_at` IS NULL", "time": "0.000ms", "rows": 0, "error": "Error 1064: You have an error in your SQL syntax; check the manual that corresponds to your MySQL server version for the right syntax to use near '== ? OR id == ? OR id == ? OR id == ? OR id == ?) AND `apis`.`deleted_at` IS NUL' at line 1"}
gorm.io/gorm.(*processor).Execute
	/Users/admin/go/pkg/mod/gorm.io/gorm@v1.24.1/callbacks.go:134
gorm.io/gorm.(*DB).Find
	/Users/admin/go/pkg/mod/gorm.io/gorm@v1.24.1/finisher_api.go:170
github.com/Gopherlinzy/gin-vue3-admin/app/models/api.AcceptID
	/Users/admin/go/src/gin-vue3-admin/app/models/api/api_util.go:43
github.com/Gopherlinzy/gin-vue3-admin/bootstrap.initRoleData
	/Users/admin/go/src/gin-vue3-admin/bootstrap/initialzation.go:164
github.com/Gopherlinzy/gin-vue3-admin/bootstrap.IntizationData.func1
	/Users/admin/go/src/gin-vue3-admin/bootstrap/initialzation.go:23
sync.(*Once).doSlow
	/opt/homebrew/Cellar/go/1.19.3/libexec/src/sync/once.go:74
sync.(*Once).Do
	/opt/homebrew/Cellar/go/1.19.3/libexec/src/sync/once.go:65
github.com/Gopherlinzy/gin-vue3-admin/bootstrap.IntizationData
	/Users/admin/go/src/gin-vue3-admin/bootstrap/initialzation.go:19
main.main.func1
	/Users/admin/go/src/gin-vue3-admin/main.go:41
github.com/spf13/cobra.(*Command).execute
	/Users/admin/go/pkg/mod/github.com/spf13/cobra@v1.6.1/command.go:896
github.com/spf13/cobra.(*Command).ExecuteC
	/Users/admin/go/pkg/mod/github.com/spf13/cobra@v1.6.1/command.go:1044
github.com/spf13/cobra.(*Command).Execute
	/Users/admin/go/pkg/mod/github.com/spf13/cobra@v1.6.1/command.go:968
main.main
	/Users/admin/go/src/gin-vue3-admin/main.go:64
runtime.main
	/opt/homebrew/Cellar/go/1.19.3/libexec/src/runtime/proc.go:250
2022-12-10 20:05:34	[31mERROR[0m	gorm@v1.24.1/callbacks.go:134	Database Error	{"sql": "SELECT * FROM `apis` WHERE id == 10 AND `apis`.`deleted_at` IS NULL", "time": "0.000ms", "rows": 0, "error": "Error 1064: You have an error in your SQL syntax; check the manual that corresponds to your MySQL server version for the right syntax to use near '== ? AND `apis`.`deleted_at` IS NULL' at line 1"}
gorm.io/gorm.(*processor).Execute
	/Users/admin/go/pkg/mod/gorm.io/gorm@v1.24.1/callbacks.go:134
gorm.io/gorm.(*DB).Find
	/Users/admin/go/pkg/mod/gorm.io/gorm@v1.24.1/finisher_api.go:170
github.com/Gopherlinzy/gin-vue3-admin/app/models/api.AcceptID
	/Users/admin/go/src/gin-vue3-admin/app/models/api/api_util.go:43
github.com/Gopherlinzy/gin-vue3-admin/bootstrap.initRoleData
	/Users/admin/go/src/gin-vue3-admin/bootstrap/initialzation.go:165
github.com/Gopherlinzy/gin-vue3-admin/bootstrap.IntizationData.func1
	/Users/admin/go/src/gin-vue3-admin/bootstrap/initialzation.go:23
sync.(*Once).doSlow
	/opt/homebrew/Cellar/go/1.19.3/libexec/src/sync/once.go:74
sync.(*Once).Do
	/opt/homebrew/Cellar/go/1.19.3/libexec/src/sync/once.go:65
github.com/Gopherlinzy/gin-vue3-admin/bootstrap.IntizationData
	/Users/admin/go/src/gin-vue3-admin/bootstrap/initialzation.go:19
main.main.func1
	/Users/admin/go/src/gin-vue3-admin/main.go:41
github.com/spf13/cobra.(*Command).execute
	/Users/admin/go/pkg/mod/github.com/spf13/cobra@v1.6.1/command.go:896
github.com/spf13/cobra.(*Command).ExecuteC
	/Users/admin/go/pkg/mod/github.com/spf13/cobra@v1.6.1/command.go:1044
github.com/spf13/cobra.(*Command).Execute
	/Users/admin/go/pkg/mod/github.com/spf13/cobra@v1.6.1/command.go:968
main.main
	/Users/admin/go/src/gin-vue3-admin/main.go:64
runtime.main
	/opt/homebrew/Cellar/go/1.19.3/libexec/src/runtime/proc.go:250
2022-12-11 10:25:31	[31mERROR[0m	gorm@v1.24.1/callbacks.go:134	Database Error	{"sql": "INSERT INTO `roles` (`role_name`,`des`,`status`,`created_at`,`updated_at`,`deleted_at`) VALUES ('122','122',false,'2022-12-11 10:25:31.671','2022-12-11 10:25:31.671',NULL)", "time": "3.000ms", "rows": 0, "error": "Error 1062: Duplicate entry '122' for key 'roles.role_name'"}
gorm.io/gorm.(*processor).Execute
	/Users/admin/go/pkg/mod/gorm.io/gorm@v1.24.1/callbacks.go:134
gorm.io/gorm.(*DB).Create
	/Users/admin/go/pkg/mod/gorm.io/gorm@v1.24.1/finisher_api.go:24
github.com/Gopherlinzy/gin-vue3-admin/app/models/role.(*Role).Create
	/Users/admin/go/src/gin-vue3-admin/app/models/role/role_model.go:26
github.com/Gopherlinzy/gin-vue3-admin/app/http/controllers/api/v1.(*RolesController).Store
	/Users/admin/go/src/gin-vue3-admin/app/http/controllers/api/v1/roles_controller.go:93
github.com/gin-gonic/gin.(*Context).Next
	/Users/admin/go/pkg/mod/github.com/gin-gonic/gin@v1.8.1/context.go:173
github.com/Gopherlinzy/gin-vue3-admin/app/http/middlewares.CasbinAPI.func1
	/Users/admin/go/src/gin-vue3-admin/app/http/middlewares/casbin.go:36
github.com/gin-gonic/gin.(*Context).Next
	/Users/admin/go/pkg/mod/github.com/gin-gonic/gin@v1.8.1/context.go:173
github.com/Gopherlinzy/gin-vue3-admin/app/http/middlewares.AuthJWT.func1
	/Users/admin/go/src/gin-vue3-admin/app/http/middlewares/auth_jwt.go:37
github.com/gin-gonic/gin.(*Context).Next
	/Users/admin/go/pkg/mod/github.com/gin-gonic/gin@v1.8.1/context.go:173
github.com/Gopherlinzy/gin-vue3-admin/app/http/middlewares.LimitIP.func1
	/Users/admin/go/src/gin-vue3-admin/app/http/middlewares/limit.go:30
github.com/gin-gonic/gin.(*Context).Next
	/Users/admin/go/pkg/mod/github.com/gin-gonic/gin@v1.8.1/context.go:173
github.com/Gopherlinzy/gin-vue3-admin/app/http/middlewares.ForceUA.func1
	/Users/admin/go/src/gin-vue3-admin/app/http/middlewares/force_ua.go:19
github.com/gin-gonic/gin.(*Context).Next
	/Users/admin/go/pkg/mod/github.com/gin-gonic/gin@v1.8.1/context.go:173
github.com/Gopherlinzy/gin-vue3-admin/app/http/middlewares.Recovery.func1
	/Users/admin/go/src/gin-vue3-admin/app/http/middlewares/recovery.go:63
github.com/gin-gonic/gin.(*Context).Next
	/Users/admin/go/pkg/mod/github.com/gin-gonic/gin@v1.8.1/context.go:173
github.com/Gopherlinzy/gin-vue3-admin/app/http/middlewares.Logger.func1
	/Users/admin/go/src/gin-vue3-admin/app/http/middlewares/logger.go:47
github.com/gin-gonic/gin.(*Context).Next
	/Users/admin/go/pkg/mod/github.com/gin-gonic/gin@v1.8.1/context.go:173
github.com/gin-gonic/gin.(*Engine).handleHTTPRequest
	/Users/admin/go/pkg/mod/github.com/gin-gonic/gin@v1.8.1/gin.go:616
github.com/gin-gonic/gin.(*Engine).ServeHTTP
	/Users/admin/go/pkg/mod/github.com/gin-gonic/gin@v1.8.1/gin.go:572
net/http.serverHandler.ServeHTTP
	/opt/homebrew/Cellar/go/1.19.3/libexec/src/net/http/server.go:2947
net/http.(*conn).serve
	/opt/homebrew/Cellar/go/1.19.3/libexec/src/net/http/server.go:1991
2022-12-11 10:25:31	[31mERROR[0m	middlewares/logger.go:75	HTTP Error 500	{"status": 500, "request": "POST /api/v1/roles", "query": "", "ip": "127.0.0.1", "user-agent": "Mozilla/5.0 (Macintosh; Intel Mac OS X 10_15_7) AppleWebKit/537.36 (KHTML, like Gecko) Chrome/108.0.0.0 Safari/537.36", "errors": "", "time": "10.000ms", "Request Body": "{\"id\":\"\",\"role_name\":\"122\",\"des\":\"122\"}", "Response Body": "{\"message\":\"创建失败，请稍后尝试~\"}"}
github.com/Gopherlinzy/gin-vue3-admin/app/http/middlewares.Logger.func1
	/Users/admin/go/src/gin-vue3-admin/app/http/middlewares/logger.go:75
github.com/gin-gonic/gin.(*Context).Next
	/Users/admin/go/pkg/mod/github.com/gin-gonic/gin@v1.8.1/context.go:173
github.com/gin-gonic/gin.(*Engine).handleHTTPRequest
	/Users/admin/go/pkg/mod/github.com/gin-gonic/gin@v1.8.1/gin.go:616
github.com/gin-gonic/gin.(*Engine).ServeHTTP
	/Users/admin/go/pkg/mod/github.com/gin-gonic/gin@v1.8.1/gin.go:572
net/http.serverHandler.ServeHTTP
	/opt/homebrew/Cellar/go/1.19.3/libexec/src/net/http/server.go:2947
net/http.(*conn).serve
	/opt/homebrew/Cellar/go/1.19.3/libexec/src/net/http/server.go:1991
